2023/03/15 13:06:27 [INFO]: New exposure time set to 1.0 s.
2023/03/15 13:06:29 [INFO]: Trapping successful at iteration num: 1
2023/03/15 13:06:29 [INFO]: New exposure time set to 1.0 s.
2023/03/15 13:06:31 [INFO]: Adding spectrum...
2023/03/15 13:06:31 [INFO]: Editing data file C:\Users\sparta-alpha\SPARTA\Chris\2023-03-15\PLGA_THF_DMSO_1SECEXP\measurement.csv.
2023/03/15 13:06:31 [INFO]: Appending data to file C:\Users\sparta-alpha\SPARTA\Chris\2023-03-15\PLGA_THF_DMSO_1SECEXP\measurement.csv.
2023/03/15 13:06:31 [INFO]: Plots updated with new data.
2023/03/15 13:06:31 [INFO]: Spectrum saved!
2023/03/15 13:06:31 [INFO]: Data added!
2023/03/15 13:06:31 [INFO]: Total acquisitions = 1/100.0
2023/03/15 13:06:31 [INFO]: Successful acquisitions = 1
2023/03/15 13:06:31 [INFO]: New exposure time set to 1.0 s.
2023/03/15 13:06:39 [INFO]: Trapping successful at iteration num: 6
2023/03/15 13:06:39 [INFO]: New exposure time set to 1.0 s.
2023/03/15 13:06:41 [INFO]: Adding spectrum...
2023/03/15 13:06:41 [INFO]: Editing data file C:\Users\sparta-alpha\SPARTA\Chris\2023-03-15\PLGA_THF_DMSO_1SECEXP\measurement.csv.
2023/03/15 13:06:41 [INFO]: Appending data to file C:\Users\sparta-alpha\SPARTA\Chris\2023-03-15\PLGA_THF_DMSO_1SECEXP\measurement.csv.
2023/03/15 13:06:41 [INFO]: Plots updated with new data.
2023/03/15 13:06:41 [INFO]: Spectrum saved!
2023/03/15 13:06:41 [INFO]: Data added!
2023/03/15 13:06:41 [INFO]: Total acquisitions = 2/100.0
2023/03/15 13:06:41 [INFO]: Successful acquisitions = 2
2023/03/15 13:06:41 [INFO]: New exposure time set to 1.0 s.
2023/03/15 13:06:45 [INFO]: Trapping successful at iteration num: 3
2023/03/15 13:06:45 [INFO]: New exposure time set to 1.0 s.
2023/03/15 13:06:47 [INFO]: Adding spectrum...
2023/03/15 13:06:47 [INFO]: Editing data file C:\Users\sparta-alpha\SPARTA\Chris\2023-03-15\PLGA_THF_DMSO_1SECEXP\measurement.csv.
2023/03/15 13:06:47 [INFO]: Appending data to file C:\Users\sparta-alpha\SPARTA\Chris\2023-03-15\PLGA_THF_DMSO_1SECEXP\measurement.csv.
2023/03/15 13:06:47 [INFO]: Plots updated with new data.
2023/03/15 13:06:47 [INFO]: Spectrum saved!
2023/03/15 13:06:47 [INFO]: Data added!
2023/03/15 13:06:47 [INFO]: Total acquisitions = 3/100.0
2023/03/15 13:06:47 [INFO]: Successful acquisitions = 3
2023/03/15 13:06:48 [INFO]: New exposure time set to 1.0 s.
2023/03/15 13:06:50 [INFO]: Trapping successful at iteration num: 2
2023/03/15 13:06:50 [INFO]: New exposure time set to 1.0 s.
2023/03/15 13:06:52 [INFO]: Adding spectrum...
2023/03/15 13:06:52 [INFO]: Editing data file C:\Users\sparta-alpha\SPARTA\Chris\2023-03-15\PLGA_THF_DMSO_1SECEXP\measurement.csv.
2023/03/15 13:06:52 [INFO]: Appending data to file C:\Users\sparta-alpha\SPARTA\Chris\2023-03-15\PLGA_THF_DMSO_1SECEXP\measurement.csv.
2023/03/15 13:06:52 [INFO]: Plots updated with new data.
2023/03/15 13:06:52 [INFO]: Spectrum saved!
2023/03/15 13:06:52 [INFO]: Data added!
2023/03/15 13:06:52 [INFO]: Total acquisitions = 4/100.0
2023/03/15 13:06:52 [INFO]: Successful acquisitions = 4
2023/03/15 13:06:52 [INFO]: New exposure time set to 1.0 s.
2023/03/15 13:06:54 [INFO]: Trapping successful at iteration num: 1
2023/03/15 13:06:54 [INFO]: New exposure time set to 1.0 s.
2023/03/15 13:06:56 [INFO]: Adding spectrum...
2023/03/15 13:06:56 [INFO]: Editing data file C:\Users\sparta-alpha\SPARTA\Chris\2023-03-15\PLGA_THF_DMSO_1SECEXP\measurement.csv.
2023/03/15 13:06:56 [INFO]: Appending data to file C:\Users\sparta-alpha\SPARTA\Chris\2023-03-15\PLGA_THF_DMSO_1SECEXP\measurement.csv.
2023/03/15 13:06:56 [INFO]: Plots updated with new data.
2023/03/15 13:06:56 [INFO]: Spectrum saved!
2023/03/15 13:06:56 [INFO]: Data added!
2023/03/15 13:06:56 [INFO]: Total acquisitions = 5/100.0
2023/03/15 13:06:56 [INFO]: Successful acquisitions = 5
2023/03/15 13:06:56 [INFO]: New exposure time set to 1.0 s.
2023/03/15 13:07:01 [INFO]: Trapping successful at iteration num: 4
2023/03/15 13:07:01 [INFO]: New exposure time set to 1.0 s.
2023/03/15 13:07:04 [INFO]: Adding spectrum...
2023/03/15 13:07:04 [INFO]: Editing data file C:\Users\sparta-alpha\SPARTA\Chris\2023-03-15\PLGA_THF_DMSO_1SECEXP\measurement.csv.
2023/03/15 13:07:04 [INFO]: Appending data to file C:\Users\sparta-alpha\SPARTA\Chris\2023-03-15\PLGA_THF_DMSO_1SECEXP\measurement.csv.
2023/03/15 13:07:04 [INFO]: Plots updated with new data.
2023/03/15 13:07:04 [INFO]: Spectrum saved!
2023/03/15 13:07:04 [INFO]: Data added!
2023/03/15 13:07:04 [INFO]: Total acquisitions = 6/100.0
2023/03/15 13:07:04 [INFO]: Successful acquisitions = 6
2023/03/15 13:07:04 [INFO]: New exposure time set to 1.0 s.
2023/03/15 13:07:07 [INFO]: Trapping successful at iteration num: 2
2023/03/15 13:07:07 [INFO]: New exposure time set to 1.0 s.
2023/03/15 13:07:09 [INFO]: Adding spectrum...
2023/03/15 13:07:09 [INFO]: Editing data file C:\Users\sparta-alpha\SPARTA\Chris\2023-03-15\PLGA_THF_DMSO_1SECEXP\measurement.csv.
2023/03/15 13:07:09 [INFO]: Appending data to file C:\Users\sparta-alpha\SPARTA\Chris\2023-03-15\PLGA_THF_DMSO_1SECEXP\measurement.csv.
2023/03/15 13:07:09 [INFO]: Plots updated with new data.
2023/03/15 13:07:09 [INFO]: Spectrum saved!
2023/03/15 13:07:09 [INFO]: Data added!
2023/03/15 13:07:09 [INFO]: Total acquisitions = 7/100.0
2023/03/15 13:07:09 [INFO]: Successful acquisitions = 7
2023/03/15 13:07:09 [INFO]: New exposure time set to 1.0 s.
2023/03/15 13:07:12 [INFO]: Trapping successful at iteration num: 2
2023/03/15 13:07:12 [INFO]: New exposure time set to 1.0 s.
2023/03/15 13:07:14 [INFO]: Adding spectrum...
2023/03/15 13:07:14 [INFO]: Editing data file C:\Users\sparta-alpha\SPARTA\Chris\2023-03-15\PLGA_THF_DMSO_1SECEXP\measurement.csv.
2023/03/15 13:07:14 [INFO]: Appending data to file C:\Users\sparta-alpha\SPARTA\Chris\2023-03-15\PLGA_THF_DMSO_1SECEXP\measurement.csv.
2023/03/15 13:07:14 [INFO]: Plots updated with new data.
2023/03/15 13:07:14 [INFO]: Spectrum saved!
2023/03/15 13:07:14 [INFO]: Data added!
2023/03/15 13:07:14 [INFO]: Total acquisitions = 8/100.0
2023/03/15 13:07:14 [INFO]: Successful acquisitions = 8
2023/03/15 13:07:14 [INFO]: New exposure time set to 1.0 s.
2023/03/15 13:07:15 [INFO]: Trapping successful at iteration num: 1
2023/03/15 13:07:15 [INFO]: New exposure time set to 1.0 s.
2023/03/15 13:07:18 [INFO]: Adding spectrum...
2023/03/15 13:07:18 [INFO]: Editing data file C:\Users\sparta-alpha\SPARTA\Chris\2023-03-15\PLGA_THF_DMSO_1SECEXP\measurement.csv.
2023/03/15 13:07:18 [INFO]: Appending data to file C:\Users\sparta-alpha\SPARTA\Chris\2023-03-15\PLGA_THF_DMSO_1SECEXP\measurement.csv.
2023/03/15 13:07:18 [INFO]: Plots updated with new data.
2023/03/15 13:07:18 [INFO]: Spectrum saved!
2023/03/15 13:07:18 [INFO]: Data added!
2023/03/15 13:07:18 [INFO]: Total acquisitions = 9/100.0
2023/03/15 13:07:18 [INFO]: Successful acquisitions = 9
2023/03/15 13:07:18 [INFO]: New exposure time set to 1.0 s.
2023/03/15 13:07:19 [INFO]: Trapping successful at iteration num: 1
2023/03/15 13:07:19 [INFO]: New exposure time set to 1.0 s.
2023/03/15 13:07:21 [INFO]: Adding spectrum...
2023/03/15 13:07:21 [INFO]: Editing data file C:\Users\sparta-alpha\SPARTA\Chris\2023-03-15\PLGA_THF_DMSO_1SECEXP\measurement.csv.
2023/03/15 13:07:21 [INFO]: Appending data to file C:\Users\sparta-alpha\SPARTA\Chris\2023-03-15\PLGA_THF_DMSO_1SECEXP\measurement.csv.
2023/03/15 13:07:21 [INFO]: Plots updated with new data.
2023/03/15 13:07:21 [INFO]: Spectrum saved!
2023/03/15 13:07:21 [INFO]: Data added!
2023/03/15 13:07:21 [INFO]: Total acquisitions = 10/100.0
2023/03/15 13:07:21 [INFO]: Successful acquisitions = 10
2023/03/15 13:07:21 [INFO]: New exposure time set to 1.0 s.
2023/03/15 13:07:24 [INFO]: Trapping successful at iteration num: 2
2023/03/15 13:07:24 [INFO]: New exposure time set to 1.0 s.
2023/03/15 13:07:26 [INFO]: Adding spectrum...
2023/03/15 13:07:26 [INFO]: Editing data file C:\Users\sparta-alpha\SPARTA\Chris\2023-03-15\PLGA_THF_DMSO_1SECEXP\measurement.csv.
2023/03/15 13:07:26 [INFO]: Appending data to file C:\Users\sparta-alpha\SPARTA\Chris\2023-03-15\PLGA_THF_DMSO_1SECEXP\measurement.csv.
2023/03/15 13:07:26 [INFO]: Plots updated with new data.
2023/03/15 13:07:26 [INFO]: Spectrum saved!
2023/03/15 13:07:26 [INFO]: Data added!
2023/03/15 13:07:26 [INFO]: Total acquisitions = 11/100.0
2023/03/15 13:07:26 [INFO]: Successful acquisitions = 11
2023/03/15 13:07:26 [INFO]: New exposure time set to 1.0 s.
2023/03/15 13:07:29 [INFO]: Trapping successful at iteration num: 2
2023/03/15 13:07:29 [INFO]: New exposure time set to 1.0 s.
2023/03/15 13:07:31 [INFO]: Adding spectrum...
2023/03/15 13:07:31 [INFO]: Editing data file C:\Users\sparta-alpha\SPARTA\Chris\2023-03-15\PLGA_THF_DMSO_1SECEXP\measurement.csv.
2023/03/15 13:07:31 [INFO]: Appending data to file C:\Users\sparta-alpha\SPARTA\Chris\2023-03-15\PLGA_THF_DMSO_1SECEXP\measurement.csv.
2023/03/15 13:07:31 [INFO]: Plots updated with new data.
2023/03/15 13:07:31 [INFO]: Spectrum saved!
2023/03/15 13:07:31 [INFO]: Data added!
2023/03/15 13:07:31 [INFO]: Total acquisitions = 12/100.0
2023/03/15 13:07:31 [INFO]: Successful acquisitions = 12
2023/03/15 13:07:31 [INFO]: New exposure time set to 1.0 s.
2023/03/15 13:07:36 [INFO]: Trapping successful at iteration num: 4
2023/03/15 13:07:36 [INFO]: New exposure time set to 1.0 s.
2023/03/15 13:07:39 [INFO]: Adding spectrum...
2023/03/15 13:07:39 [INFO]: Editing data file C:\Users\sparta-alpha\SPARTA\Chris\2023-03-15\PLGA_THF_DMSO_1SECEXP\measurement.csv.
2023/03/15 13:07:39 [INFO]: Appending data to file C:\Users\sparta-alpha\SPARTA\Chris\2023-03-15\PLGA_THF_DMSO_1SECEXP\measurement.csv.
2023/03/15 13:07:39 [INFO]: Plots updated with new data.
2023/03/15 13:07:39 [INFO]: Spectrum saved!
2023/03/15 13:07:39 [INFO]: Data added!
2023/03/15 13:07:39 [INFO]: Total acquisitions = 13/100.0
2023/03/15 13:07:39 [INFO]: Successful acquisitions = 13
2023/03/15 13:07:39 [INFO]: New exposure time set to 1.0 s.
2023/03/15 13:07:42 [INFO]: Trapping successful at iteration num: 2
2023/03/15 13:07:42 [INFO]: New exposure time set to 1.0 s.
2023/03/15 13:07:45 [INFO]: Adding spectrum...
2023/03/15 13:07:45 [INFO]: Editing data file C:\Users\sparta-alpha\SPARTA\Chris\2023-03-15\PLGA_THF_DMSO_1SECEXP\measurement.csv.
2023/03/15 13:07:45 [INFO]: Appending data to file C:\Users\sparta-alpha\SPARTA\Chris\2023-03-15\PLGA_THF_DMSO_1SECEXP\measurement.csv.
2023/03/15 13:07:45 [INFO]: Plots updated with new data.
2023/03/15 13:07:45 [INFO]: Spectrum saved!
2023/03/15 13:07:45 [INFO]: Data added!
2023/03/15 13:07:45 [INFO]: Total acquisitions = 14/100.0
2023/03/15 13:07:45 [INFO]: Successful acquisitions = 14
2023/03/15 13:07:45 [INFO]: New exposure time set to 1.0 s.
2023/03/15 13:07:50 [INFO]: Trapping successful at iteration num: 4
2023/03/15 13:07:50 [INFO]: New exposure time set to 1.0 s.
2023/03/15 13:07:52 [INFO]: Adding spectrum...
2023/03/15 13:07:52 [INFO]: Editing data file C:\Users\sparta-alpha\SPARTA\Chris\2023-03-15\PLGA_THF_DMSO_1SECEXP\measurement.csv.
2023/03/15 13:07:52 [INFO]: Appending data to file C:\Users\sparta-alpha\SPARTA\Chris\2023-03-15\PLGA_THF_DMSO_1SECEXP\measurement.csv.
2023/03/15 13:07:53 [INFO]: Plots updated with new data.
2023/03/15 13:07:53 [INFO]: Spectrum saved!
2023/03/15 13:07:53 [INFO]: Data added!
2023/03/15 13:07:53 [INFO]: Total acquisitions = 15/100.0
2023/03/15 13:07:53 [INFO]: Successful acquisitions = 15
2023/03/15 13:07:53 [INFO]: New exposure time set to 1.0 s.
2023/03/15 13:07:54 [INFO]: Trapping successful at iteration num: 1
2023/03/15 13:07:54 [INFO]: New exposure time set to 1.0 s.
2023/03/15 13:07:56 [INFO]: Adding spectrum...
2023/03/15 13:07:56 [INFO]: Editing data file C:\Users\sparta-alpha\SPARTA\Chris\2023-03-15\PLGA_THF_DMSO_1SECEXP\measurement.csv.
2023/03/15 13:07:56 [INFO]: Appending data to file C:\Users\sparta-alpha\SPARTA\Chris\2023-03-15\PLGA_THF_DMSO_1SECEXP\measurement.csv.
2023/03/15 13:07:56 [INFO]: Plots updated with new data.
2023/03/15 13:07:56 [INFO]: Spectrum saved!
2023/03/15 13:07:56 [INFO]: Data added!
2023/03/15 13:07:56 [INFO]: Total acquisitions = 16/100.0
2023/03/15 13:07:56 [INFO]: Successful acquisitions = 16
2023/03/15 13:07:56 [INFO]: New exposure time set to 1.0 s.
2023/03/15 13:08:00 [INFO]: Trapping successful at iteration num: 3
2023/03/15 13:08:00 [INFO]: New exposure time set to 1.0 s.
2023/03/15 13:08:02 [INFO]: Adding spectrum...
2023/03/15 13:08:02 [INFO]: Editing data file C:\Users\sparta-alpha\SPARTA\Chris\2023-03-15\PLGA_THF_DMSO_1SECEXP\measurement.csv.
2023/03/15 13:08:02 [INFO]: Appending data to file C:\Users\sparta-alpha\SPARTA\Chris\2023-03-15\PLGA_THF_DMSO_1SECEXP\measurement.csv.
2023/03/15 13:08:02 [INFO]: Plots updated with new data.
2023/03/15 13:08:02 [INFO]: Spectrum saved!
2023/03/15 13:08:02 [INFO]: Data added!
2023/03/15 13:08:02 [INFO]: Total acquisitions = 17/100.0
2023/03/15 13:08:02 [INFO]: Successful acquisitions = 17
2023/03/15 13:08:02 [INFO]: New exposure time set to 1.0 s.
2023/03/15 13:08:06 [INFO]: Trapping successful at iteration num: 3
2023/03/15 13:08:06 [INFO]: New exposure time set to 1.0 s.
2023/03/15 13:08:09 [INFO]: Adding spectrum...
2023/03/15 13:08:09 [INFO]: Editing data file C:\Users\sparta-alpha\SPARTA\Chris\2023-03-15\PLGA_THF_DMSO_1SECEXP\measurement.csv.
2023/03/15 13:08:09 [INFO]: Appending data to file C:\Users\sparta-alpha\SPARTA\Chris\2023-03-15\PLGA_THF_DMSO_1SECEXP\measurement.csv.
2023/03/15 13:08:09 [INFO]: Plots updated with new data.
2023/03/15 13:08:09 [INFO]: Spectrum saved!
2023/03/15 13:08:09 [INFO]: Data added!
2023/03/15 13:08:09 [INFO]: Total acquisitions = 18/100.0
2023/03/15 13:08:09 [INFO]: Successful acquisitions = 18
2023/03/15 13:08:09 [INFO]: New exposure time set to 1.0 s.
2023/03/15 13:08:13 [INFO]: Trapping successful at iteration num: 3
2023/03/15 13:08:13 [INFO]: New exposure time set to 1.0 s.
2023/03/15 13:08:15 [INFO]: Adding spectrum...
2023/03/15 13:08:15 [INFO]: Editing data file C:\Users\sparta-alpha\SPARTA\Chris\2023-03-15\PLGA_THF_DMSO_1SECEXP\measurement.csv.
2023/03/15 13:08:15 [INFO]: Appending data to file C:\Users\sparta-alpha\SPARTA\Chris\2023-03-15\PLGA_THF_DMSO_1SECEXP\measurement.csv.
2023/03/15 13:08:15 [INFO]: Plots updated with new data.
2023/03/15 13:08:15 [INFO]: Spectrum saved!
2023/03/15 13:08:15 [INFO]: Data added!
2023/03/15 13:08:15 [INFO]: Total acquisitions = 19/100.0
2023/03/15 13:08:15 [INFO]: Successful acquisitions = 19
2023/03/15 13:08:15 [INFO]: New exposure time set to 1.0 s.
2023/03/15 13:08:19 [INFO]: Trapping successful at iteration num: 3
2023/03/15 13:08:19 [INFO]: New exposure time set to 1.0 s.
2023/03/15 13:08:21 [INFO]: Adding spectrum...
2023/03/15 13:08:21 [INFO]: Editing data file C:\Users\sparta-alpha\SPARTA\Chris\2023-03-15\PLGA_THF_DMSO_1SECEXP\measurement.csv.
2023/03/15 13:08:21 [INFO]: Appending data to file C:\Users\sparta-alpha\SPARTA\Chris\2023-03-15\PLGA_THF_DMSO_1SECEXP\measurement.csv.
2023/03/15 13:08:21 [INFO]: Plots updated with new data.
2023/03/15 13:08:21 [INFO]: Spectrum saved!
2023/03/15 13:08:21 [INFO]: Data added!
2023/03/15 13:08:21 [INFO]: Total acquisitions = 20/100.0
2023/03/15 13:08:21 [INFO]: Successful acquisitions = 20
2023/03/15 13:08:21 [INFO]: New exposure time set to 1.0 s.
2023/03/15 13:08:22 [INFO]: Trapping successful at iteration num: 1
2023/03/15 13:08:22 [INFO]: New exposure time set to 1.0 s.
2023/03/15 13:08:25 [INFO]: Adding spectrum...
2023/03/15 13:08:25 [INFO]: Editing data file C:\Users\sparta-alpha\SPARTA\Chris\2023-03-15\PLGA_THF_DMSO_1SECEXP\measurement.csv.
2023/03/15 13:08:25 [INFO]: Appending data to file C:\Users\sparta-alpha\SPARTA\Chris\2023-03-15\PLGA_THF_DMSO_1SECEXP\measurement.csv.
2023/03/15 13:08:25 [INFO]: Plots updated with new data.
2023/03/15 13:08:25 [INFO]: Spectrum saved!
2023/03/15 13:08:25 [INFO]: Data added!
2023/03/15 13:08:25 [INFO]: Total acquisitions = 21/100.0
2023/03/15 13:08:25 [INFO]: Successful acquisitions = 21
2023/03/15 13:08:25 [INFO]: New exposure time set to 1.0 s.
2023/03/15 13:08:27 [INFO]: Trapping successful at iteration num: 2
2023/03/15 13:08:27 [INFO]: New exposure time set to 1.0 s.
2023/03/15 13:08:30 [INFO]: Adding spectrum...
2023/03/15 13:08:30 [INFO]: Editing data file C:\Users\sparta-alpha\SPARTA\Chris\2023-03-15\PLGA_THF_DMSO_1SECEXP\measurement.csv.
2023/03/15 13:08:30 [INFO]: Appending data to file C:\Users\sparta-alpha\SPARTA\Chris\2023-03-15\PLGA_THF_DMSO_1SECEXP\measurement.csv.
2023/03/15 13:08:30 [INFO]: Plots updated with new data.
2023/03/15 13:08:30 [INFO]: Spectrum saved!
2023/03/15 13:08:30 [INFO]: Data added!
2023/03/15 13:08:30 [INFO]: Total acquisitions = 22/100.0
2023/03/15 13:08:30 [INFO]: Successful acquisitions = 22
2023/03/15 13:08:30 [INFO]: New exposure time set to 1.0 s.
2023/03/15 13:08:35 [INFO]: Trapping successful at iteration num: 4
2023/03/15 13:08:35 [INFO]: New exposure time set to 1.0 s.
2023/03/15 13:08:37 [INFO]: Adding spectrum...
2023/03/15 13:08:37 [INFO]: Editing data file C:\Users\sparta-alpha\SPARTA\Chris\2023-03-15\PLGA_THF_DMSO_1SECEXP\measurement.csv.
2023/03/15 13:08:37 [INFO]: Appending data to file C:\Users\sparta-alpha\SPARTA\Chris\2023-03-15\PLGA_THF_DMSO_1SECEXP\measurement.csv.
2023/03/15 13:08:37 [INFO]: Plots updated with new data.
2023/03/15 13:08:37 [INFO]: Spectrum saved!
2023/03/15 13:08:37 [INFO]: Data added!
2023/03/15 13:08:37 [INFO]: Total acquisitions = 23/100.0
2023/03/15 13:08:37 [INFO]: Successful acquisitions = 23
2023/03/15 13:08:37 [INFO]: New exposure time set to 1.0 s.
2023/03/15 13:08:44 [INFO]: Trapping successful at iteration num: 5
2023/03/15 13:08:44 [INFO]: New exposure time set to 1.0 s.
2023/03/15 13:08:46 [INFO]: Adding spectrum...
2023/03/15 13:08:46 [INFO]: Editing data file C:\Users\sparta-alpha\SPARTA\Chris\2023-03-15\PLGA_THF_DMSO_1SECEXP\measurement.csv.
2023/03/15 13:08:46 [INFO]: Appending data to file C:\Users\sparta-alpha\SPARTA\Chris\2023-03-15\PLGA_THF_DMSO_1SECEXP\measurement.csv.
2023/03/15 13:08:46 [INFO]: Plots updated with new data.
2023/03/15 13:08:46 [INFO]: Spectrum saved!
2023/03/15 13:08:46 [INFO]: Data added!
2023/03/15 13:08:46 [INFO]: Total acquisitions = 24/100.0
2023/03/15 13:08:46 [INFO]: Successful acquisitions = 24
2023/03/15 13:08:46 [INFO]: New exposure time set to 1.0 s.
2023/03/15 13:08:50 [INFO]: Trapping successful at iteration num: 3
2023/03/15 13:08:50 [INFO]: New exposure time set to 1.0 s.
2023/03/15 13:08:52 [INFO]: Adding spectrum...
2023/03/15 13:08:52 [INFO]: Editing data file C:\Users\sparta-alpha\SPARTA\Chris\2023-03-15\PLGA_THF_DMSO_1SECEXP\measurement.csv.
2023/03/15 13:08:52 [INFO]: Appending data to file C:\Users\sparta-alpha\SPARTA\Chris\2023-03-15\PLGA_THF_DMSO_1SECEXP\measurement.csv.
2023/03/15 13:08:52 [INFO]: Plots updated with new data.
2023/03/15 13:08:52 [INFO]: Spectrum saved!
2023/03/15 13:08:52 [INFO]: Data added!
2023/03/15 13:08:52 [INFO]: Total acquisitions = 25/100.0
2023/03/15 13:08:52 [INFO]: Successful acquisitions = 25
2023/03/15 13:08:52 [INFO]: New exposure time set to 1.0 s.
2023/03/15 13:09:02 [INFO]: Trapping successful at iteration num: 7
2023/03/15 13:09:02 [INFO]: New exposure time set to 1.0 s.
2023/03/15 13:09:04 [INFO]: Adding spectrum...
2023/03/15 13:09:04 [INFO]: Editing data file C:\Users\sparta-alpha\SPARTA\Chris\2023-03-15\PLGA_THF_DMSO_1SECEXP\measurement.csv.
2023/03/15 13:09:04 [INFO]: Appending data to file C:\Users\sparta-alpha\SPARTA\Chris\2023-03-15\PLGA_THF_DMSO_1SECEXP\measurement.csv.
2023/03/15 13:09:04 [INFO]: Plots updated with new data.
2023/03/15 13:09:04 [INFO]: Spectrum saved!
2023/03/15 13:09:04 [INFO]: Data added!
2023/03/15 13:09:04 [INFO]: Total acquisitions = 26/100.0
2023/03/15 13:09:04 [INFO]: Successful acquisitions = 26
2023/03/15 13:09:04 [INFO]: New exposure time set to 1.0 s.
2023/03/15 13:09:08 [INFO]: Trapping successful at iteration num: 3
2023/03/15 13:09:08 [INFO]: New exposure time set to 1.0 s.
2023/03/15 13:09:10 [INFO]: Adding spectrum...
2023/03/15 13:09:10 [INFO]: Editing data file C:\Users\sparta-alpha\SPARTA\Chris\2023-03-15\PLGA_THF_DMSO_1SECEXP\measurement.csv.
2023/03/15 13:09:10 [INFO]: Appending data to file C:\Users\sparta-alpha\SPARTA\Chris\2023-03-15\PLGA_THF_DMSO_1SECEXP\measurement.csv.
2023/03/15 13:09:10 [INFO]: Plots updated with new data.
2023/03/15 13:09:10 [INFO]: Spectrum saved!
2023/03/15 13:09:10 [INFO]: Data added!
2023/03/15 13:09:10 [INFO]: Total acquisitions = 27/100.0
2023/03/15 13:09:10 [INFO]: Successful acquisitions = 27
2023/03/15 13:09:10 [INFO]: New exposure time set to 1.0 s.
2023/03/15 13:09:17 [INFO]: Trapping successful at iteration num: 5
2023/03/15 13:09:17 [INFO]: New exposure time set to 1.0 s.
2023/03/15 13:09:19 [INFO]: Adding spectrum...
2023/03/15 13:09:19 [INFO]: Editing data file C:\Users\sparta-alpha\SPARTA\Chris\2023-03-15\PLGA_THF_DMSO_1SECEXP\measurement.csv.
2023/03/15 13:09:19 [INFO]: Appending data to file C:\Users\sparta-alpha\SPARTA\Chris\2023-03-15\PLGA_THF_DMSO_1SECEXP\measurement.csv.
2023/03/15 13:09:19 [INFO]: Plots updated with new data.
2023/03/15 13:09:19 [INFO]: Spectrum saved!
2023/03/15 13:09:19 [INFO]: Data added!
2023/03/15 13:09:19 [INFO]: Total acquisitions = 28/100.0
2023/03/15 13:09:19 [INFO]: Successful acquisitions = 28
2023/03/15 13:09:19 [INFO]: New exposure time set to 1.0 s.
2023/03/15 13:09:20 [INFO]: Trapping successful at iteration num: 1
2023/03/15 13:09:20 [INFO]: New exposure time set to 1.0 s.
2023/03/15 13:09:23 [INFO]: Adding spectrum...
2023/03/15 13:09:23 [INFO]: Editing data file C:\Users\sparta-alpha\SPARTA\Chris\2023-03-15\PLGA_THF_DMSO_1SECEXP\measurement.csv.
2023/03/15 13:09:23 [INFO]: Appending data to file C:\Users\sparta-alpha\SPARTA\Chris\2023-03-15\PLGA_THF_DMSO_1SECEXP\measurement.csv.
2023/03/15 13:09:23 [INFO]: Plots updated with new data.
2023/03/15 13:09:23 [INFO]: Spectrum saved!
2023/03/15 13:09:23 [INFO]: Data added!
2023/03/15 13:09:23 [INFO]: Total acquisitions = 29/100.0
2023/03/15 13:09:23 [INFO]: Successful acquisitions = 29
2023/03/15 13:09:23 [INFO]: New exposure time set to 1.0 s.
2023/03/15 13:09:25 [INFO]: Trapping successful at iteration num: 2
2023/03/15 13:09:25 [INFO]: New exposure time set to 1.0 s.
2023/03/15 13:09:28 [INFO]: Adding spectrum...
2023/03/15 13:09:28 [INFO]: Editing data file C:\Users\sparta-alpha\SPARTA\Chris\2023-03-15\PLGA_THF_DMSO_1SECEXP\measurement.csv.
2023/03/15 13:09:28 [INFO]: Appending data to file C:\Users\sparta-alpha\SPARTA\Chris\2023-03-15\PLGA_THF_DMSO_1SECEXP\measurement.csv.
2023/03/15 13:09:28 [INFO]: Plots updated with new data.
2023/03/15 13:09:28 [INFO]: Spectrum saved!
2023/03/15 13:09:28 [INFO]: Data added!
2023/03/15 13:09:28 [INFO]: Total acquisitions = 30/100.0
2023/03/15 13:09:28 [INFO]: Successful acquisitions = 30
2023/03/15 13:09:28 [INFO]: New exposure time set to 1.0 s.
2023/03/15 13:09:32 [INFO]: Trapping successful at iteration num: 3
2023/03/15 13:09:32 [INFO]: New exposure time set to 1.0 s.
2023/03/15 13:09:34 [INFO]: Adding spectrum...
2023/03/15 13:09:34 [INFO]: Editing data file C:\Users\sparta-alpha\SPARTA\Chris\2023-03-15\PLGA_THF_DMSO_1SECEXP\measurement.csv.
2023/03/15 13:09:34 [INFO]: Appending data to file C:\Users\sparta-alpha\SPARTA\Chris\2023-03-15\PLGA_THF_DMSO_1SECEXP\measurement.csv.
2023/03/15 13:09:34 [INFO]: Plots updated with new data.
2023/03/15 13:09:34 [INFO]: Spectrum saved!
2023/03/15 13:09:34 [INFO]: Data added!
2023/03/15 13:09:34 [INFO]: Total acquisitions = 31/100.0
2023/03/15 13:09:34 [INFO]: Successful acquisitions = 31
2023/03/15 13:09:34 [INFO]: New exposure time set to 1.0 s.
2023/03/15 13:09:41 [INFO]: Trapping successful at iteration num: 5
2023/03/15 13:09:41 [INFO]: New exposure time set to 1.0 s.
2023/03/15 13:09:43 [INFO]: Adding spectrum...
2023/03/15 13:09:43 [INFO]: Editing data file C:\Users\sparta-alpha\SPARTA\Chris\2023-03-15\PLGA_THF_DMSO_1SECEXP\measurement.csv.
2023/03/15 13:09:43 [INFO]: Appending data to file C:\Users\sparta-alpha\SPARTA\Chris\2023-03-15\PLGA_THF_DMSO_1SECEXP\measurement.csv.
2023/03/15 13:09:43 [INFO]: Plots updated with new data.
2023/03/15 13:09:43 [INFO]: Spectrum saved!
2023/03/15 13:09:43 [INFO]: Data added!
2023/03/15 13:09:43 [INFO]: Total acquisitions = 32/100.0
2023/03/15 13:09:43 [INFO]: Successful acquisitions = 32
2023/03/15 13:09:43 [INFO]: New exposure time set to 1.0 s.
2023/03/15 13:09:48 [INFO]: Trapping successful at iteration num: 4
2023/03/15 13:09:48 [INFO]: New exposure time set to 1.0 s.
2023/03/15 13:09:50 [INFO]: Adding spectrum...
2023/03/15 13:09:50 [INFO]: Editing data file C:\Users\sparta-alpha\SPARTA\Chris\2023-03-15\PLGA_THF_DMSO_1SECEXP\measurement.csv.
2023/03/15 13:09:50 [INFO]: Appending data to file C:\Users\sparta-alpha\SPARTA\Chris\2023-03-15\PLGA_THF_DMSO_1SECEXP\measurement.csv.
2023/03/15 13:09:50 [INFO]: Plots updated with new data.
2023/03/15 13:09:50 [INFO]: Spectrum saved!
2023/03/15 13:09:50 [INFO]: Data added!
2023/03/15 13:09:50 [INFO]: Total acquisitions = 33/100.0
2023/03/15 13:09:50 [INFO]: Successful acquisitions = 33
2023/03/15 13:09:50 [INFO]: New exposure time set to 1.0 s.
2023/03/15 13:09:58 [INFO]: Trapping successful at iteration num: 6
2023/03/15 13:09:58 [INFO]: New exposure time set to 1.0 s.
2023/03/15 13:10:01 [INFO]: Adding spectrum...
2023/03/15 13:10:01 [INFO]: Editing data file C:\Users\sparta-alpha\SPARTA\Chris\2023-03-15\PLGA_THF_DMSO_1SECEXP\measurement.csv.
2023/03/15 13:10:01 [INFO]: Appending data to file C:\Users\sparta-alpha\SPARTA\Chris\2023-03-15\PLGA_THF_DMSO_1SECEXP\measurement.csv.
2023/03/15 13:10:01 [INFO]: Plots updated with new data.
2023/03/15 13:10:01 [INFO]: Spectrum saved!
2023/03/15 13:10:01 [INFO]: Data added!
2023/03/15 13:10:01 [INFO]: Total acquisitions = 34/100.0
2023/03/15 13:10:01 [INFO]: Successful acquisitions = 34
2023/03/15 13:10:01 [INFO]: New exposure time set to 1.0 s.
2023/03/15 13:10:05 [INFO]: Trapping successful at iteration num: 3
2023/03/15 13:10:05 [INFO]: New exposure time set to 1.0 s.
2023/03/15 13:10:07 [INFO]: Adding spectrum...
2023/03/15 13:10:07 [INFO]: Editing data file C:\Users\sparta-alpha\SPARTA\Chris\2023-03-15\PLGA_THF_DMSO_1SECEXP\measurement.csv.
2023/03/15 13:10:07 [INFO]: Appending data to file C:\Users\sparta-alpha\SPARTA\Chris\2023-03-15\PLGA_THF_DMSO_1SECEXP\measurement.csv.
2023/03/15 13:10:07 [INFO]: Plots updated with new data.
2023/03/15 13:10:07 [INFO]: Spectrum saved!
2023/03/15 13:10:07 [INFO]: Data added!
2023/03/15 13:10:07 [INFO]: Total acquisitions = 35/100.0
2023/03/15 13:10:07 [INFO]: Successful acquisitions = 35
2023/03/15 13:10:07 [INFO]: New exposure time set to 1.0 s.
2023/03/15 13:10:15 [INFO]: Trapping successful at iteration num: 6
2023/03/15 13:10:15 [INFO]: New exposure time set to 1.0 s.
2023/03/15 13:10:17 [INFO]: Adding spectrum...
2023/03/15 13:10:17 [INFO]: Editing data file C:\Users\sparta-alpha\SPARTA\Chris\2023-03-15\PLGA_THF_DMSO_1SECEXP\measurement.csv.
2023/03/15 13:10:17 [INFO]: Appending data to file C:\Users\sparta-alpha\SPARTA\Chris\2023-03-15\PLGA_THF_DMSO_1SECEXP\measurement.csv.
2023/03/15 13:10:17 [INFO]: Plots updated with new data.
2023/03/15 13:10:17 [INFO]: Spectrum saved!
2023/03/15 13:10:17 [INFO]: Data added!
2023/03/15 13:10:17 [INFO]: Total acquisitions = 36/100.0
2023/03/15 13:10:17 [INFO]: Successful acquisitions = 36
2023/03/15 13:10:17 [INFO]: New exposure time set to 1.0 s.
2023/03/15 13:10:22 [INFO]: Trapping successful at iteration num: 4
2023/03/15 13:10:22 [INFO]: New exposure time set to 1.0 s.
2023/03/15 13:10:25 [INFO]: Adding spectrum...
2023/03/15 13:10:25 [INFO]: Editing data file C:\Users\sparta-alpha\SPARTA\Chris\2023-03-15\PLGA_THF_DMSO_1SECEXP\measurement.csv.
2023/03/15 13:10:25 [INFO]: Appending data to file C:\Users\sparta-alpha\SPARTA\Chris\2023-03-15\PLGA_THF_DMSO_1SECEXP\measurement.csv.
2023/03/15 13:10:25 [INFO]: Plots updated with new data.
2023/03/15 13:10:25 [INFO]: Spectrum saved!
2023/03/15 13:10:25 [INFO]: Data added!
2023/03/15 13:10:25 [INFO]: Total acquisitions = 37/100.0
2023/03/15 13:10:25 [INFO]: Successful acquisitions = 37
2023/03/15 13:10:25 [INFO]: New exposure time set to 1.0 s.
2023/03/15 13:10:30 [INFO]: Trapping successful at iteration num: 4
2023/03/15 13:10:30 [INFO]: New exposure time set to 1.0 s.
2023/03/15 13:10:32 [INFO]: Adding spectrum...
2023/03/15 13:10:32 [INFO]: Editing data file C:\Users\sparta-alpha\SPARTA\Chris\2023-03-15\PLGA_THF_DMSO_1SECEXP\measurement.csv.
2023/03/15 13:10:32 [INFO]: Appending data to file C:\Users\sparta-alpha\SPARTA\Chris\2023-03-15\PLGA_THF_DMSO_1SECEXP\measurement.csv.
2023/03/15 13:10:32 [INFO]: Plots updated with new data.
2023/03/15 13:10:32 [INFO]: Spectrum saved!
2023/03/15 13:10:32 [INFO]: Data added!
2023/03/15 13:10:32 [INFO]: Total acquisitions = 38/100.0
2023/03/15 13:10:32 [INFO]: Successful acquisitions = 38
2023/03/15 13:10:32 [INFO]: New exposure time set to 1.0 s.
2023/03/15 13:10:36 [INFO]: Trapping successful at iteration num: 3
2023/03/15 13:10:36 [INFO]: New exposure time set to 1.0 s.
2023/03/15 13:10:38 [INFO]: Adding spectrum...
2023/03/15 13:10:38 [INFO]: Editing data file C:\Users\sparta-alpha\SPARTA\Chris\2023-03-15\PLGA_THF_DMSO_1SECEXP\measurement.csv.
2023/03/15 13:10:38 [INFO]: Appending data to file C:\Users\sparta-alpha\SPARTA\Chris\2023-03-15\PLGA_THF_DMSO_1SECEXP\measurement.csv.
2023/03/15 13:10:38 [INFO]: Plots updated with new data.
2023/03/15 13:10:38 [INFO]: Spectrum saved!
2023/03/15 13:10:38 [INFO]: Data added!
2023/03/15 13:10:38 [INFO]: Total acquisitions = 39/100.0
2023/03/15 13:10:38 [INFO]: Successful acquisitions = 39
2023/03/15 13:10:38 [INFO]: New exposure time set to 1.0 s.
2023/03/15 13:10:44 [INFO]: Trapping successful at iteration num: 4
2023/03/15 13:10:44 [INFO]: New exposure time set to 1.0 s.
2023/03/15 13:10:46 [INFO]: Adding spectrum...
2023/03/15 13:10:46 [INFO]: Editing data file C:\Users\sparta-alpha\SPARTA\Chris\2023-03-15\PLGA_THF_DMSO_1SECEXP\measurement.csv.
2023/03/15 13:10:46 [INFO]: Appending data to file C:\Users\sparta-alpha\SPARTA\Chris\2023-03-15\PLGA_THF_DMSO_1SECEXP\measurement.csv.
2023/03/15 13:10:46 [INFO]: Plots updated with new data.
2023/03/15 13:10:46 [INFO]: Spectrum saved!
2023/03/15 13:10:46 [INFO]: Data added!
2023/03/15 13:10:46 [INFO]: Total acquisitions = 40/100.0
2023/03/15 13:10:46 [INFO]: Successful acquisitions = 40
2023/03/15 13:10:46 [INFO]: New exposure time set to 1.0 s.
2023/03/15 13:10:54 [INFO]: Trapping successful at iteration num: 6
2023/03/15 13:10:54 [INFO]: New exposure time set to 1.0 s.
2023/03/15 13:10:56 [INFO]: Adding spectrum...
2023/03/15 13:10:56 [INFO]: Editing data file C:\Users\sparta-alpha\SPARTA\Chris\2023-03-15\PLGA_THF_DMSO_1SECEXP\measurement.csv.
2023/03/15 13:10:56 [INFO]: Appending data to file C:\Users\sparta-alpha\SPARTA\Chris\2023-03-15\PLGA_THF_DMSO_1SECEXP\measurement.csv.
2023/03/15 13:10:56 [INFO]: Plots updated with new data.
2023/03/15 13:10:56 [INFO]: Spectrum saved!
2023/03/15 13:10:56 [INFO]: Data added!
2023/03/15 13:10:56 [INFO]: Total acquisitions = 41/100.0
2023/03/15 13:10:56 [INFO]: Successful acquisitions = 41
2023/03/15 13:10:56 [INFO]: New exposure time set to 1.0 s.
2023/03/15 13:11:04 [INFO]: Trapping successful at iteration num: 6
2023/03/15 13:11:04 [INFO]: New exposure time set to 1.0 s.
2023/03/15 13:11:06 [INFO]: Adding spectrum...
2023/03/15 13:11:06 [INFO]: Editing data file C:\Users\sparta-alpha\SPARTA\Chris\2023-03-15\PLGA_THF_DMSO_1SECEXP\measurement.csv.
2023/03/15 13:11:06 [INFO]: Appending data to file C:\Users\sparta-alpha\SPARTA\Chris\2023-03-15\PLGA_THF_DMSO_1SECEXP\measurement.csv.
2023/03/15 13:11:06 [INFO]: Plots updated with new data.
2023/03/15 13:11:06 [INFO]: Spectrum saved!
2023/03/15 13:11:06 [INFO]: Data added!
2023/03/15 13:11:06 [INFO]: Total acquisitions = 42/100.0
2023/03/15 13:11:06 [INFO]: Successful acquisitions = 42
2023/03/15 13:11:06 [INFO]: New exposure time set to 1.0 s.
2023/03/15 13:11:14 [INFO]: Trapping successful at iteration num: 6
2023/03/15 13:11:14 [INFO]: New exposure time set to 1.0 s.
2023/03/15 13:11:17 [INFO]: Adding spectrum...
2023/03/15 13:11:17 [INFO]: Editing data file C:\Users\sparta-alpha\SPARTA\Chris\2023-03-15\PLGA_THF_DMSO_1SECEXP\measurement.csv.
2023/03/15 13:11:17 [INFO]: Appending data to file C:\Users\sparta-alpha\SPARTA\Chris\2023-03-15\PLGA_THF_DMSO_1SECEXP\measurement.csv.
2023/03/15 13:11:17 [INFO]: Plots updated with new data.
2023/03/15 13:11:17 [INFO]: Spectrum saved!
2023/03/15 13:11:17 [INFO]: Data added!
2023/03/15 13:11:17 [INFO]: Total acquisitions = 43/100.0
2023/03/15 13:11:17 [INFO]: Successful acquisitions = 43
2023/03/15 13:11:17 [INFO]: New exposure time set to 1.0 s.
2023/03/15 13:11:19 [INFO]: Trapping successful at iteration num: 2
2023/03/15 13:11:19 [INFO]: New exposure time set to 1.0 s.
2023/03/15 13:11:21 [INFO]: Adding spectrum...
2023/03/15 13:11:21 [INFO]: Editing data file C:\Users\sparta-alpha\SPARTA\Chris\2023-03-15\PLGA_THF_DMSO_1SECEXP\measurement.csv.
2023/03/15 13:11:21 [INFO]: Appending data to file C:\Users\sparta-alpha\SPARTA\Chris\2023-03-15\PLGA_THF_DMSO_1SECEXP\measurement.csv.
2023/03/15 13:11:21 [INFO]: Plots updated with new data.
2023/03/15 13:11:21 [INFO]: Spectrum saved!
2023/03/15 13:11:21 [INFO]: Data added!
2023/03/15 13:11:21 [INFO]: Total acquisitions = 44/100.0
2023/03/15 13:11:21 [INFO]: Successful acquisitions = 44
2023/03/15 13:11:22 [INFO]: New exposure time set to 1.0 s.
2023/03/15 13:11:29 [INFO]: Trapping successful at iteration num: 6
2023/03/15 13:11:29 [INFO]: New exposure time set to 1.0 s.
2023/03/15 13:11:32 [INFO]: Adding spectrum...
2023/03/15 13:11:32 [INFO]: Editing data file C:\Users\sparta-alpha\SPARTA\Chris\2023-03-15\PLGA_THF_DMSO_1SECEXP\measurement.csv.
2023/03/15 13:11:32 [INFO]: Appending data to file C:\Users\sparta-alpha\SPARTA\Chris\2023-03-15\PLGA_THF_DMSO_1SECEXP\measurement.csv.
2023/03/15 13:11:32 [INFO]: Plots updated with new data.
2023/03/15 13:11:32 [INFO]: Spectrum saved!
2023/03/15 13:11:32 [INFO]: Data added!
2023/03/15 13:11:32 [INFO]: Total acquisitions = 45/100.0
2023/03/15 13:11:32 [INFO]: Successful acquisitions = 45
2023/03/15 13:11:32 [INFO]: New exposure time set to 1.0 s.
2023/03/15 13:11:37 [INFO]: Trapping successful at iteration num: 4
2023/03/15 13:11:37 [INFO]: New exposure time set to 1.0 s.
2023/03/15 13:11:39 [INFO]: Adding spectrum...
2023/03/15 13:11:39 [INFO]: Editing data file C:\Users\sparta-alpha\SPARTA\Chris\2023-03-15\PLGA_THF_DMSO_1SECEXP\measurement.csv.
2023/03/15 13:11:39 [INFO]: Appending data to file C:\Users\sparta-alpha\SPARTA\Chris\2023-03-15\PLGA_THF_DMSO_1SECEXP\measurement.csv.
2023/03/15 13:11:39 [INFO]: Plots updated with new data.
2023/03/15 13:11:39 [INFO]: Spectrum saved!
2023/03/15 13:11:39 [INFO]: Data added!
2023/03/15 13:11:39 [INFO]: Total acquisitions = 46/100.0
2023/03/15 13:11:39 [INFO]: Successful acquisitions = 46
2023/03/15 13:11:39 [INFO]: New exposure time set to 1.0 s.
2023/03/15 13:11:44 [INFO]: Trapping successful at iteration num: 4
2023/03/15 13:11:44 [INFO]: New exposure time set to 1.0 s.
2023/03/15 13:11:47 [INFO]: Adding spectrum...
2023/03/15 13:11:47 [INFO]: Editing data file C:\Users\sparta-alpha\SPARTA\Chris\2023-03-15\PLGA_THF_DMSO_1SECEXP\measurement.csv.
2023/03/15 13:11:47 [INFO]: Appending data to file C:\Users\sparta-alpha\SPARTA\Chris\2023-03-15\PLGA_THF_DMSO_1SECEXP\measurement.csv.
2023/03/15 13:11:47 [INFO]: Plots updated with new data.
2023/03/15 13:11:47 [INFO]: Spectrum saved!
2023/03/15 13:11:47 [INFO]: Data added!
2023/03/15 13:11:47 [INFO]: Total acquisitions = 47/100.0
2023/03/15 13:11:47 [INFO]: Successful acquisitions = 47
2023/03/15 13:11:47 [INFO]: New exposure time set to 1.0 s.
2023/03/15 13:11:51 [INFO]: Trapping successful at iteration num: 3
2023/03/15 13:11:51 [INFO]: New exposure time set to 1.0 s.
2023/03/15 13:11:53 [INFO]: Adding spectrum...
2023/03/15 13:11:53 [INFO]: Editing data file C:\Users\sparta-alpha\SPARTA\Chris\2023-03-15\PLGA_THF_DMSO_1SECEXP\measurement.csv.
2023/03/15 13:11:53 [INFO]: Appending data to file C:\Users\sparta-alpha\SPARTA\Chris\2023-03-15\PLGA_THF_DMSO_1SECEXP\measurement.csv.
2023/03/15 13:11:53 [INFO]: Plots updated with new data.
2023/03/15 13:11:53 [INFO]: Spectrum saved!
2023/03/15 13:11:53 [INFO]: Data added!
2023/03/15 13:11:53 [INFO]: Total acquisitions = 48/100.0
2023/03/15 13:11:53 [INFO]: Successful acquisitions = 48
2023/03/15 13:11:53 [INFO]: New exposure time set to 1.0 s.
2023/03/15 13:12:04 [INFO]: Trapping successful at iteration num: 8
2023/03/15 13:12:04 [INFO]: New exposure time set to 1.0 s.
2023/03/15 13:12:06 [INFO]: Adding spectrum...
2023/03/15 13:12:06 [INFO]: Editing data file C:\Users\sparta-alpha\SPARTA\Chris\2023-03-15\PLGA_THF_DMSO_1SECEXP\measurement.csv.
2023/03/15 13:12:06 [INFO]: Appending data to file C:\Users\sparta-alpha\SPARTA\Chris\2023-03-15\PLGA_THF_DMSO_1SECEXP\measurement.csv.
2023/03/15 13:12:06 [INFO]: Plots updated with new data.
2023/03/15 13:12:06 [INFO]: Spectrum saved!
2023/03/15 13:12:06 [INFO]: Data added!
2023/03/15 13:12:06 [INFO]: Total acquisitions = 49/100.0
2023/03/15 13:12:06 [INFO]: Successful acquisitions = 49
2023/03/15 13:12:06 [INFO]: New exposure time set to 1.0 s.
2023/03/15 13:12:13 [INFO]: Trapping successful at iteration num: 5
2023/03/15 13:12:13 [INFO]: New exposure time set to 1.0 s.
2023/03/15 13:12:15 [INFO]: Adding spectrum...
2023/03/15 13:12:15 [INFO]: Editing data file C:\Users\sparta-alpha\SPARTA\Chris\2023-03-15\PLGA_THF_DMSO_1SECEXP\measurement.csv.
2023/03/15 13:12:15 [INFO]: Appending data to file C:\Users\sparta-alpha\SPARTA\Chris\2023-03-15\PLGA_THF_DMSO_1SECEXP\measurement.csv.
2023/03/15 13:12:15 [INFO]: Plots updated with new data.
2023/03/15 13:12:15 [INFO]: Spectrum saved!
2023/03/15 13:12:15 [INFO]: Data added!
2023/03/15 13:12:15 [INFO]: Total acquisitions = 50/100.0
2023/03/15 13:12:15 [INFO]: Successful acquisitions = 50
2023/03/15 13:12:15 [INFO]: New exposure time set to 1.0 s.
2023/03/15 13:12:17 [INFO]: Trapping successful at iteration num: 1
2023/03/15 13:12:17 [INFO]: New exposure time set to 1.0 s.
2023/03/15 13:12:19 [INFO]: Adding spectrum...
2023/03/15 13:12:19 [INFO]: Editing data file C:\Users\sparta-alpha\SPARTA\Chris\2023-03-15\PLGA_THF_DMSO_1SECEXP\measurement.csv.
2023/03/15 13:12:19 [INFO]: Appending data to file C:\Users\sparta-alpha\SPARTA\Chris\2023-03-15\PLGA_THF_DMSO_1SECEXP\measurement.csv.
2023/03/15 13:12:19 [INFO]: Plots updated with new data.
2023/03/15 13:12:19 [INFO]: Spectrum saved!
2023/03/15 13:12:19 [INFO]: Data added!
2023/03/15 13:12:19 [INFO]: Total acquisitions = 51/100.0
2023/03/15 13:12:19 [INFO]: Successful acquisitions = 51
2023/03/15 13:12:19 [INFO]: New exposure time set to 1.0 s.
2023/03/15 13:12:25 [INFO]: Trapping successful at iteration num: 5
2023/03/15 13:12:25 [INFO]: New exposure time set to 1.0 s.
2023/03/15 13:12:28 [INFO]: Adding spectrum...
2023/03/15 13:12:28 [INFO]: Editing data file C:\Users\sparta-alpha\SPARTA\Chris\2023-03-15\PLGA_THF_DMSO_1SECEXP\measurement.csv.
2023/03/15 13:12:28 [INFO]: Appending data to file C:\Users\sparta-alpha\SPARTA\Chris\2023-03-15\PLGA_THF_DMSO_1SECEXP\measurement.csv.
2023/03/15 13:12:28 [INFO]: Plots updated with new data.
2023/03/15 13:12:28 [INFO]: Spectrum saved!
2023/03/15 13:12:28 [INFO]: Data added!
2023/03/15 13:12:28 [INFO]: Total acquisitions = 52/100.0
2023/03/15 13:12:28 [INFO]: Successful acquisitions = 52
2023/03/15 13:12:28 [INFO]: New exposure time set to 1.0 s.
2023/03/15 13:12:33 [INFO]: Trapping successful at iteration num: 4
2023/03/15 13:12:33 [INFO]: New exposure time set to 1.0 s.
2023/03/15 13:12:35 [INFO]: Adding spectrum...
2023/03/15 13:12:35 [INFO]: Editing data file C:\Users\sparta-alpha\SPARTA\Chris\2023-03-15\PLGA_THF_DMSO_1SECEXP\measurement.csv.
2023/03/15 13:12:35 [INFO]: Appending data to file C:\Users\sparta-alpha\SPARTA\Chris\2023-03-15\PLGA_THF_DMSO_1SECEXP\measurement.csv.
2023/03/15 13:12:35 [INFO]: Plots updated with new data.
2023/03/15 13:12:35 [INFO]: Spectrum saved!
2023/03/15 13:12:35 [INFO]: Data added!
2023/03/15 13:12:35 [INFO]: Total acquisitions = 53/100.0
2023/03/15 13:12:35 [INFO]: Successful acquisitions = 53
2023/03/15 13:12:35 [INFO]: New exposure time set to 1.0 s.
2023/03/15 13:12:39 [INFO]: Trapping successful at iteration num: 3
2023/03/15 13:12:39 [INFO]: New exposure time set to 1.0 s.
2023/03/15 13:12:42 [INFO]: Adding spectrum...
2023/03/15 13:12:42 [INFO]: Editing data file C:\Users\sparta-alpha\SPARTA\Chris\2023-03-15\PLGA_THF_DMSO_1SECEXP\measurement.csv.
2023/03/15 13:12:42 [INFO]: Appending data to file C:\Users\sparta-alpha\SPARTA\Chris\2023-03-15\PLGA_THF_DMSO_1SECEXP\measurement.csv.
2023/03/15 13:12:42 [INFO]: Plots updated with new data.
2023/03/15 13:12:42 [INFO]: Spectrum saved!
2023/03/15 13:12:42 [INFO]: Data added!
2023/03/15 13:12:42 [INFO]: Total acquisitions = 54/100.0
2023/03/15 13:12:42 [INFO]: Successful acquisitions = 54
2023/03/15 13:12:42 [INFO]: New exposure time set to 1.0 s.
2023/03/15 13:12:52 [INFO]: Trapping successful at iteration num: 8
2023/03/15 13:12:52 [INFO]: New exposure time set to 1.0 s.
2023/03/15 13:12:54 [INFO]: Adding spectrum...
2023/03/15 13:12:54 [INFO]: Editing data file C:\Users\sparta-alpha\SPARTA\Chris\2023-03-15\PLGA_THF_DMSO_1SECEXP\measurement.csv.
2023/03/15 13:12:54 [INFO]: Appending data to file C:\Users\sparta-alpha\SPARTA\Chris\2023-03-15\PLGA_THF_DMSO_1SECEXP\measurement.csv.
2023/03/15 13:12:54 [INFO]: Plots updated with new data.
2023/03/15 13:12:54 [INFO]: Spectrum saved!
2023/03/15 13:12:54 [INFO]: Data added!
2023/03/15 13:12:54 [INFO]: Total acquisitions = 55/100.0
2023/03/15 13:12:54 [INFO]: Successful acquisitions = 55
2023/03/15 13:12:55 [INFO]: New exposure time set to 1.0 s.
2023/03/15 13:13:04 [INFO]: Trapping successful at iteration num: 7
2023/03/15 13:13:04 [INFO]: New exposure time set to 1.0 s.
2023/03/15 13:13:06 [INFO]: Adding spectrum...
2023/03/15 13:13:06 [INFO]: Editing data file C:\Users\sparta-alpha\SPARTA\Chris\2023-03-15\PLGA_THF_DMSO_1SECEXP\measurement.csv.
2023/03/15 13:13:06 [INFO]: Appending data to file C:\Users\sparta-alpha\SPARTA\Chris\2023-03-15\PLGA_THF_DMSO_1SECEXP\measurement.csv.
2023/03/15 13:13:06 [INFO]: Plots updated with new data.
2023/03/15 13:13:06 [INFO]: Spectrum saved!
2023/03/15 13:13:06 [INFO]: Data added!
2023/03/15 13:13:06 [INFO]: Total acquisitions = 56/100.0
2023/03/15 13:13:06 [INFO]: Successful acquisitions = 56
2023/03/15 13:13:06 [INFO]: New exposure time set to 1.0 s.
2023/03/15 13:13:07 [INFO]: Trapping successful at iteration num: 1
2023/03/15 13:13:07 [INFO]: New exposure time set to 1.0 s.
2023/03/15 13:13:10 [INFO]: Adding spectrum...
2023/03/15 13:13:10 [INFO]: Editing data file C:\Users\sparta-alpha\SPARTA\Chris\2023-03-15\PLGA_THF_DMSO_1SECEXP\measurement.csv.
2023/03/15 13:13:10 [INFO]: Appending data to file C:\Users\sparta-alpha\SPARTA\Chris\2023-03-15\PLGA_THF_DMSO_1SECEXP\measurement.csv.
2023/03/15 13:13:10 [INFO]: Plots updated with new data.
2023/03/15 13:13:10 [INFO]: Spectrum saved!
2023/03/15 13:13:10 [INFO]: Data added!
2023/03/15 13:13:10 [INFO]: Total acquisitions = 57/100.0
2023/03/15 13:13:10 [INFO]: Successful acquisitions = 57
2023/03/15 13:13:10 [INFO]: New exposure time set to 1.0 s.
2023/03/15 13:13:11 [INFO]: Trapping successful at iteration num: 1
2023/03/15 13:13:11 [INFO]: New exposure time set to 1.0 s.
2023/03/15 13:13:13 [INFO]: Adding spectrum...
2023/03/15 13:13:13 [INFO]: Editing data file C:\Users\sparta-alpha\SPARTA\Chris\2023-03-15\PLGA_THF_DMSO_1SECEXP\measurement.csv.
2023/03/15 13:13:13 [INFO]: Appending data to file C:\Users\sparta-alpha\SPARTA\Chris\2023-03-15\PLGA_THF_DMSO_1SECEXP\measurement.csv.
2023/03/15 13:13:13 [INFO]: Plots updated with new data.
2023/03/15 13:13:13 [INFO]: Spectrum saved!
2023/03/15 13:13:13 [INFO]: Data added!
2023/03/15 13:13:13 [INFO]: Total acquisitions = 58/100.0
2023/03/15 13:13:13 [INFO]: Successful acquisitions = 58
2023/03/15 13:13:13 [INFO]: New exposure time set to 1.0 s.
2023/03/15 13:13:15 [INFO]: Trapping successful at iteration num: 1
2023/03/15 13:13:15 [INFO]: New exposure time set to 1.0 s.
2023/03/15 13:13:17 [INFO]: Adding spectrum...
2023/03/15 13:13:17 [INFO]: Editing data file C:\Users\sparta-alpha\SPARTA\Chris\2023-03-15\PLGA_THF_DMSO_1SECEXP\measurement.csv.
2023/03/15 13:13:17 [INFO]: Appending data to file C:\Users\sparta-alpha\SPARTA\Chris\2023-03-15\PLGA_THF_DMSO_1SECEXP\measurement.csv.
2023/03/15 13:13:17 [INFO]: Plots updated with new data.
2023/03/15 13:13:17 [INFO]: Spectrum saved!
2023/03/15 13:13:17 [INFO]: Data added!
2023/03/15 13:13:17 [INFO]: Total acquisitions = 59/100.0
2023/03/15 13:13:17 [INFO]: Successful acquisitions = 59
2023/03/15 13:13:17 [INFO]: New exposure time set to 1.0 s.
2023/03/15 13:13:18 [INFO]: Trapping successful at iteration num: 1
2023/03/15 13:13:18 [INFO]: New exposure time set to 1.0 s.
2023/03/15 13:13:21 [INFO]: Adding spectrum...
2023/03/15 13:13:21 [INFO]: Editing data file C:\Users\sparta-alpha\SPARTA\Chris\2023-03-15\PLGA_THF_DMSO_1SECEXP\measurement.csv.
2023/03/15 13:13:21 [INFO]: Appending data to file C:\Users\sparta-alpha\SPARTA\Chris\2023-03-15\PLGA_THF_DMSO_1SECEXP\measurement.csv.
2023/03/15 13:13:21 [INFO]: Plots updated with new data.
2023/03/15 13:13:21 [INFO]: Spectrum saved!
2023/03/15 13:13:21 [INFO]: Data added!
2023/03/15 13:13:21 [INFO]: Total acquisitions = 60/100.0
2023/03/15 13:13:21 [INFO]: Successful acquisitions = 60
2023/03/15 13:13:21 [INFO]: New exposure time set to 1.0 s.
2023/03/15 13:13:22 [INFO]: Trapping successful at iteration num: 1
2023/03/15 13:13:22 [INFO]: New exposure time set to 1.0 s.
2023/03/15 13:13:24 [INFO]: Adding spectrum...
2023/03/15 13:13:24 [INFO]: Editing data file C:\Users\sparta-alpha\SPARTA\Chris\2023-03-15\PLGA_THF_DMSO_1SECEXP\measurement.csv.
2023/03/15 13:13:24 [INFO]: Appending data to file C:\Users\sparta-alpha\SPARTA\Chris\2023-03-15\PLGA_THF_DMSO_1SECEXP\measurement.csv.
2023/03/15 13:13:24 [INFO]: Plots updated with new data.
2023/03/15 13:13:24 [INFO]: Spectrum saved!
2023/03/15 13:13:24 [INFO]: Data added!
2023/03/15 13:13:24 [INFO]: Total acquisitions = 61/100.0
2023/03/15 13:13:24 [INFO]: Successful acquisitions = 61
2023/03/15 13:13:24 [INFO]: New exposure time set to 1.0 s.
2023/03/15 13:13:36 [INFO]: Trapping successful at iteration num: 9
2023/03/15 13:13:36 [INFO]: New exposure time set to 1.0 s.
2023/03/15 13:13:38 [INFO]: Adding spectrum...
2023/03/15 13:13:38 [INFO]: Editing data file C:\Users\sparta-alpha\SPARTA\Chris\2023-03-15\PLGA_THF_DMSO_1SECEXP\measurement.csv.
2023/03/15 13:13:38 [INFO]: Appending data to file C:\Users\sparta-alpha\SPARTA\Chris\2023-03-15\PLGA_THF_DMSO_1SECEXP\measurement.csv.
2023/03/15 13:13:38 [INFO]: Plots updated with new data.
2023/03/15 13:13:38 [INFO]: Spectrum saved!
2023/03/15 13:13:38 [INFO]: Data added!
2023/03/15 13:13:38 [INFO]: Total acquisitions = 62/100.0
2023/03/15 13:13:38 [INFO]: Successful acquisitions = 62
2023/03/15 13:13:38 [INFO]: New exposure time set to 1.0 s.
2023/03/15 13:13:47 [INFO]: Trapping successful at iteration num: 7
2023/03/15 13:13:47 [INFO]: New exposure time set to 1.0 s.
2023/03/15 13:13:50 [INFO]: Adding spectrum...
2023/03/15 13:13:50 [INFO]: Editing data file C:\Users\sparta-alpha\SPARTA\Chris\2023-03-15\PLGA_THF_DMSO_1SECEXP\measurement.csv.
2023/03/15 13:13:50 [INFO]: Appending data to file C:\Users\sparta-alpha\SPARTA\Chris\2023-03-15\PLGA_THF_DMSO_1SECEXP\measurement.csv.
2023/03/15 13:13:50 [INFO]: Plots updated with new data.
2023/03/15 13:13:50 [INFO]: Spectrum saved!
2023/03/15 13:13:50 [INFO]: Data added!
2023/03/15 13:13:50 [INFO]: Total acquisitions = 63/100.0
2023/03/15 13:13:50 [INFO]: Successful acquisitions = 63
2023/03/15 13:13:50 [INFO]: New exposure time set to 1.0 s.
2023/03/15 13:13:52 [INFO]: Trapping successful at iteration num: 2
2023/03/15 13:13:52 [INFO]: New exposure time set to 1.0 s.
2023/03/15 13:13:55 [INFO]: Adding spectrum...
2023/03/15 13:13:55 [INFO]: Editing data file C:\Users\sparta-alpha\SPARTA\Chris\2023-03-15\PLGA_THF_DMSO_1SECEXP\measurement.csv.
2023/03/15 13:13:55 [INFO]: Appending data to file C:\Users\sparta-alpha\SPARTA\Chris\2023-03-15\PLGA_THF_DMSO_1SECEXP\measurement.csv.
2023/03/15 13:13:55 [INFO]: Plots updated with new data.
2023/03/15 13:13:55 [INFO]: Spectrum saved!
2023/03/15 13:13:55 [INFO]: Data added!
2023/03/15 13:13:55 [INFO]: Total acquisitions = 64/100.0
2023/03/15 13:13:55 [INFO]: Successful acquisitions = 64
2023/03/15 13:13:55 [INFO]: New exposure time set to 1.0 s.
2023/03/15 13:13:56 [INFO]: Trapping successful at iteration num: 1
2023/03/15 13:13:56 [INFO]: New exposure time set to 1.0 s.
2023/03/15 13:13:58 [INFO]: Adding spectrum...
2023/03/15 13:13:58 [INFO]: Editing data file C:\Users\sparta-alpha\SPARTA\Chris\2023-03-15\PLGA_THF_DMSO_1SECEXP\measurement.csv.
2023/03/15 13:13:58 [INFO]: Appending data to file C:\Users\sparta-alpha\SPARTA\Chris\2023-03-15\PLGA_THF_DMSO_1SECEXP\measurement.csv.
2023/03/15 13:13:58 [INFO]: Plots updated with new data.
2023/03/15 13:13:58 [INFO]: Spectrum saved!
2023/03/15 13:13:58 [INFO]: Data added!
2023/03/15 13:13:58 [INFO]: Total acquisitions = 65/100.0
2023/03/15 13:13:58 [INFO]: Successful acquisitions = 65
2023/03/15 13:13:58 [INFO]: New exposure time set to 1.0 s.
2023/03/15 13:14:00 [INFO]: Trapping successful at iteration num: 1
2023/03/15 13:14:00 [INFO]: New exposure time set to 1.0 s.
2023/03/15 13:14:02 [INFO]: Adding spectrum...
2023/03/15 13:14:02 [INFO]: Editing data file C:\Users\sparta-alpha\SPARTA\Chris\2023-03-15\PLGA_THF_DMSO_1SECEXP\measurement.csv.
2023/03/15 13:14:02 [INFO]: Appending data to file C:\Users\sparta-alpha\SPARTA\Chris\2023-03-15\PLGA_THF_DMSO_1SECEXP\measurement.csv.
2023/03/15 13:14:02 [INFO]: Plots updated with new data.
2023/03/15 13:14:02 [INFO]: Spectrum saved!
2023/03/15 13:14:02 [INFO]: Data added!
2023/03/15 13:14:02 [INFO]: Total acquisitions = 66/100.0
2023/03/15 13:14:02 [INFO]: Successful acquisitions = 66
2023/03/15 13:14:02 [INFO]: New exposure time set to 1.0 s.
2023/03/15 13:14:03 [INFO]: Trapping successful at iteration num: 1
2023/03/15 13:14:03 [INFO]: New exposure time set to 1.0 s.
2023/03/15 13:14:06 [INFO]: Adding spectrum...
2023/03/15 13:14:06 [INFO]: Editing data file C:\Users\sparta-alpha\SPARTA\Chris\2023-03-15\PLGA_THF_DMSO_1SECEXP\measurement.csv.
2023/03/15 13:14:06 [INFO]: Appending data to file C:\Users\sparta-alpha\SPARTA\Chris\2023-03-15\PLGA_THF_DMSO_1SECEXP\measurement.csv.
2023/03/15 13:14:06 [INFO]: Plots updated with new data.
2023/03/15 13:14:06 [INFO]: Spectrum saved!
2023/03/15 13:14:06 [INFO]: Data added!
2023/03/15 13:14:06 [INFO]: Total acquisitions = 67/100.0
2023/03/15 13:14:06 [INFO]: Successful acquisitions = 67
2023/03/15 13:14:06 [INFO]: New exposure time set to 1.0 s.
2023/03/15 13:14:07 [INFO]: Trapping successful at iteration num: 1
2023/03/15 13:14:07 [INFO]: New exposure time set to 1.0 s.
2023/03/15 13:14:09 [INFO]: Adding spectrum...
2023/03/15 13:14:09 [INFO]: Editing data file C:\Users\sparta-alpha\SPARTA\Chris\2023-03-15\PLGA_THF_DMSO_1SECEXP\measurement.csv.
2023/03/15 13:14:09 [INFO]: Appending data to file C:\Users\sparta-alpha\SPARTA\Chris\2023-03-15\PLGA_THF_DMSO_1SECEXP\measurement.csv.
2023/03/15 13:14:09 [INFO]: Plots updated with new data.
2023/03/15 13:14:09 [INFO]: Spectrum saved!
2023/03/15 13:14:09 [INFO]: Data added!
2023/03/15 13:14:09 [INFO]: Total acquisitions = 68/100.0
2023/03/15 13:14:09 [INFO]: Successful acquisitions = 68
2023/03/15 13:14:09 [INFO]: New exposure time set to 1.0 s.
2023/03/15 13:14:11 [INFO]: Trapping successful at iteration num: 1
2023/03/15 13:14:11 [INFO]: New exposure time set to 1.0 s.
2023/03/15 13:14:13 [INFO]: Adding spectrum...
2023/03/15 13:14:13 [INFO]: Editing data file C:\Users\sparta-alpha\SPARTA\Chris\2023-03-15\PLGA_THF_DMSO_1SECEXP\measurement.csv.
2023/03/15 13:14:13 [INFO]: Appending data to file C:\Users\sparta-alpha\SPARTA\Chris\2023-03-15\PLGA_THF_DMSO_1SECEXP\measurement.csv.
2023/03/15 13:14:13 [INFO]: Plots updated with new data.
2023/03/15 13:14:13 [INFO]: Spectrum saved!
2023/03/15 13:14:13 [INFO]: Data added!
2023/03/15 13:14:13 [INFO]: Total acquisitions = 69/100.0
2023/03/15 13:14:13 [INFO]: Successful acquisitions = 69
2023/03/15 13:14:13 [INFO]: New exposure time set to 1.0 s.
2023/03/15 13:14:14 [INFO]: Trapping successful at iteration num: 1
2023/03/15 13:14:14 [INFO]: New exposure time set to 1.0 s.
2023/03/15 13:14:17 [INFO]: Adding spectrum...
2023/03/15 13:14:17 [INFO]: Editing data file C:\Users\sparta-alpha\SPARTA\Chris\2023-03-15\PLGA_THF_DMSO_1SECEXP\measurement.csv.
2023/03/15 13:14:17 [INFO]: Appending data to file C:\Users\sparta-alpha\SPARTA\Chris\2023-03-15\PLGA_THF_DMSO_1SECEXP\measurement.csv.
2023/03/15 13:14:17 [INFO]: Plots updated with new data.
2023/03/15 13:14:17 [INFO]: Spectrum saved!
2023/03/15 13:14:17 [INFO]: Data added!
2023/03/15 13:14:17 [INFO]: Total acquisitions = 70/100.0
2023/03/15 13:14:17 [INFO]: Successful acquisitions = 70
2023/03/15 13:14:17 [INFO]: New exposure time set to 1.0 s.
2023/03/15 13:14:18 [INFO]: Trapping successful at iteration num: 1
2023/03/15 13:14:18 [INFO]: New exposure time set to 1.0 s.
2023/03/15 13:14:20 [INFO]: Adding spectrum...
2023/03/15 13:14:20 [INFO]: Editing data file C:\Users\sparta-alpha\SPARTA\Chris\2023-03-15\PLGA_THF_DMSO_1SECEXP\measurement.csv.
2023/03/15 13:14:20 [INFO]: Appending data to file C:\Users\sparta-alpha\SPARTA\Chris\2023-03-15\PLGA_THF_DMSO_1SECEXP\measurement.csv.
2023/03/15 13:14:20 [INFO]: Plots updated with new data.
2023/03/15 13:14:20 [INFO]: Spectrum saved!
2023/03/15 13:14:20 [INFO]: Data added!
2023/03/15 13:14:20 [INFO]: Total acquisitions = 71/100.0
2023/03/15 13:14:20 [INFO]: Successful acquisitions = 71
2023/03/15 13:14:20 [INFO]: New exposure time set to 1.0 s.
2023/03/15 13:14:22 [INFO]: Trapping successful at iteration num: 1
2023/03/15 13:14:22 [INFO]: New exposure time set to 1.0 s.
2023/03/15 13:14:24 [INFO]: Adding spectrum...
2023/03/15 13:14:24 [INFO]: Editing data file C:\Users\sparta-alpha\SPARTA\Chris\2023-03-15\PLGA_THF_DMSO_1SECEXP\measurement.csv.
2023/03/15 13:14:24 [INFO]: Appending data to file C:\Users\sparta-alpha\SPARTA\Chris\2023-03-15\PLGA_THF_DMSO_1SECEXP\measurement.csv.
2023/03/15 13:14:24 [INFO]: Plots updated with new data.
2023/03/15 13:14:24 [INFO]: Spectrum saved!
2023/03/15 13:14:24 [INFO]: Data added!
2023/03/15 13:14:24 [INFO]: Total acquisitions = 72/100.0
2023/03/15 13:14:24 [INFO]: Successful acquisitions = 72
2023/03/15 13:14:24 [INFO]: New exposure time set to 1.0 s.
2023/03/15 13:14:25 [INFO]: Trapping successful at iteration num: 1
2023/03/15 13:14:25 [INFO]: New exposure time set to 1.0 s.
2023/03/15 13:14:28 [INFO]: Adding spectrum...
2023/03/15 13:14:28 [INFO]: Editing data file C:\Users\sparta-alpha\SPARTA\Chris\2023-03-15\PLGA_THF_DMSO_1SECEXP\measurement.csv.
2023/03/15 13:14:28 [INFO]: Appending data to file C:\Users\sparta-alpha\SPARTA\Chris\2023-03-15\PLGA_THF_DMSO_1SECEXP\measurement.csv.
2023/03/15 13:14:28 [INFO]: Plots updated with new data.
2023/03/15 13:14:28 [INFO]: Spectrum saved!
2023/03/15 13:14:28 [INFO]: Data added!
2023/03/15 13:14:28 [INFO]: Total acquisitions = 73/100.0
2023/03/15 13:14:28 [INFO]: Successful acquisitions = 73
2023/03/15 13:14:28 [INFO]: New exposure time set to 1.0 s.
2023/03/15 13:14:29 [INFO]: Trapping successful at iteration num: 1
2023/03/15 13:14:29 [INFO]: New exposure time set to 1.0 s.
2023/03/15 13:14:31 [INFO]: Adding spectrum...
2023/03/15 13:14:31 [INFO]: Editing data file C:\Users\sparta-alpha\SPARTA\Chris\2023-03-15\PLGA_THF_DMSO_1SECEXP\measurement.csv.
2023/03/15 13:14:31 [INFO]: Appending data to file C:\Users\sparta-alpha\SPARTA\Chris\2023-03-15\PLGA_THF_DMSO_1SECEXP\measurement.csv.
2023/03/15 13:14:31 [INFO]: Plots updated with new data.
2023/03/15 13:14:31 [INFO]: Spectrum saved!
2023/03/15 13:14:31 [INFO]: Data added!
2023/03/15 13:14:31 [INFO]: Total acquisitions = 74/100.0
2023/03/15 13:14:31 [INFO]: Successful acquisitions = 74
2023/03/15 13:14:31 [INFO]: New exposure time set to 1.0 s.
2023/03/15 13:14:33 [INFO]: Trapping successful at iteration num: 1
2023/03/15 13:14:33 [INFO]: New exposure time set to 1.0 s.
2023/03/15 13:14:35 [INFO]: Adding spectrum...
2023/03/15 13:14:35 [INFO]: Editing data file C:\Users\sparta-alpha\SPARTA\Chris\2023-03-15\PLGA_THF_DMSO_1SECEXP\measurement.csv.
2023/03/15 13:14:35 [INFO]: Appending data to file C:\Users\sparta-alpha\SPARTA\Chris\2023-03-15\PLGA_THF_DMSO_1SECEXP\measurement.csv.
2023/03/15 13:14:35 [INFO]: Plots updated with new data.
2023/03/15 13:14:35 [INFO]: Spectrum saved!
2023/03/15 13:14:35 [INFO]: Data added!
2023/03/15 13:14:35 [INFO]: Total acquisitions = 75/100.0
2023/03/15 13:14:35 [INFO]: Successful acquisitions = 75
2023/03/15 13:14:35 [INFO]: New exposure time set to 1.0 s.
2023/03/15 13:14:36 [INFO]: Trapping successful at iteration num: 1
2023/03/15 13:14:36 [INFO]: New exposure time set to 1.0 s.
2023/03/15 13:14:39 [INFO]: Adding spectrum...
2023/03/15 13:14:39 [INFO]: Editing data file C:\Users\sparta-alpha\SPARTA\Chris\2023-03-15\PLGA_THF_DMSO_1SECEXP\measurement.csv.
2023/03/15 13:14:39 [INFO]: Appending data to file C:\Users\sparta-alpha\SPARTA\Chris\2023-03-15\PLGA_THF_DMSO_1SECEXP\measurement.csv.
2023/03/15 13:14:39 [INFO]: Plots updated with new data.
2023/03/15 13:14:39 [INFO]: Spectrum saved!
2023/03/15 13:14:39 [INFO]: Data added!
2023/03/15 13:14:39 [INFO]: Total acquisitions = 76/100.0
2023/03/15 13:14:39 [INFO]: Successful acquisitions = 76
2023/03/15 13:14:39 [INFO]: New exposure time set to 1.0 s.
2023/03/15 13:14:40 [INFO]: Trapping successful at iteration num: 1
2023/03/15 13:14:40 [INFO]: New exposure time set to 1.0 s.
2023/03/15 13:14:42 [INFO]: Adding spectrum...
2023/03/15 13:14:42 [INFO]: Editing data file C:\Users\sparta-alpha\SPARTA\Chris\2023-03-15\PLGA_THF_DMSO_1SECEXP\measurement.csv.
2023/03/15 13:14:42 [INFO]: Appending data to file C:\Users\sparta-alpha\SPARTA\Chris\2023-03-15\PLGA_THF_DMSO_1SECEXP\measurement.csv.
2023/03/15 13:14:42 [INFO]: Plots updated with new data.
2023/03/15 13:14:42 [INFO]: Spectrum saved!
2023/03/15 13:14:42 [INFO]: Data added!
2023/03/15 13:14:42 [INFO]: Total acquisitions = 77/100.0
2023/03/15 13:14:42 [INFO]: Successful acquisitions = 77
2023/03/15 13:14:42 [INFO]: New exposure time set to 1.0 s.
2023/03/15 13:14:44 [INFO]: Trapping successful at iteration num: 1
2023/03/15 13:14:44 [INFO]: New exposure time set to 1.0 s.
2023/03/15 13:14:46 [INFO]: Adding spectrum...
2023/03/15 13:14:46 [INFO]: Editing data file C:\Users\sparta-alpha\SPARTA\Chris\2023-03-15\PLGA_THF_DMSO_1SECEXP\measurement.csv.
2023/03/15 13:14:46 [INFO]: Appending data to file C:\Users\sparta-alpha\SPARTA\Chris\2023-03-15\PLGA_THF_DMSO_1SECEXP\measurement.csv.
2023/03/15 13:14:46 [INFO]: Plots updated with new data.
2023/03/15 13:14:46 [INFO]: Spectrum saved!
2023/03/15 13:14:46 [INFO]: Data added!
2023/03/15 13:14:46 [INFO]: Total acquisitions = 78/100.0
2023/03/15 13:14:46 [INFO]: Successful acquisitions = 78
2023/03/15 13:14:46 [INFO]: New exposure time set to 1.0 s.
2023/03/15 13:14:47 [INFO]: Trapping successful at iteration num: 1
2023/03/15 13:14:47 [INFO]: New exposure time set to 1.0 s.
2023/03/15 13:14:50 [INFO]: Adding spectrum...
2023/03/15 13:14:50 [INFO]: Editing data file C:\Users\sparta-alpha\SPARTA\Chris\2023-03-15\PLGA_THF_DMSO_1SECEXP\measurement.csv.
2023/03/15 13:14:50 [INFO]: Appending data to file C:\Users\sparta-alpha\SPARTA\Chris\2023-03-15\PLGA_THF_DMSO_1SECEXP\measurement.csv.
2023/03/15 13:14:50 [INFO]: Plots updated with new data.
2023/03/15 13:14:50 [INFO]: Spectrum saved!
2023/03/15 13:14:50 [INFO]: Data added!
2023/03/15 13:14:50 [INFO]: Total acquisitions = 79/100.0
2023/03/15 13:14:50 [INFO]: Successful acquisitions = 79
2023/03/15 13:14:50 [INFO]: New exposure time set to 1.0 s.
2023/03/15 13:14:51 [INFO]: Trapping successful at iteration num: 1
2023/03/15 13:14:51 [INFO]: New exposure time set to 1.0 s.
2023/03/15 13:14:53 [INFO]: Adding spectrum...
2023/03/15 13:14:53 [INFO]: Editing data file C:\Users\sparta-alpha\SPARTA\Chris\2023-03-15\PLGA_THF_DMSO_1SECEXP\measurement.csv.
2023/03/15 13:14:53 [INFO]: Appending data to file C:\Users\sparta-alpha\SPARTA\Chris\2023-03-15\PLGA_THF_DMSO_1SECEXP\measurement.csv.
2023/03/15 13:14:53 [INFO]: Plots updated with new data.
2023/03/15 13:14:53 [INFO]: Spectrum saved!
2023/03/15 13:14:53 [INFO]: Data added!
2023/03/15 13:14:53 [INFO]: Total acquisitions = 80/100.0
2023/03/15 13:14:53 [INFO]: Successful acquisitions = 80
2023/03/15 13:14:53 [INFO]: New exposure time set to 1.0 s.
2023/03/15 13:14:55 [INFO]: Trapping successful at iteration num: 1
2023/03/15 13:14:55 [INFO]: New exposure time set to 1.0 s.
2023/03/15 13:14:57 [INFO]: Adding spectrum...
2023/03/15 13:14:57 [INFO]: Editing data file C:\Users\sparta-alpha\SPARTA\Chris\2023-03-15\PLGA_THF_DMSO_1SECEXP\measurement.csv.
2023/03/15 13:14:57 [INFO]: Appending data to file C:\Users\sparta-alpha\SPARTA\Chris\2023-03-15\PLGA_THF_DMSO_1SECEXP\measurement.csv.
2023/03/15 13:14:57 [INFO]: Plots updated with new data.
2023/03/15 13:14:57 [INFO]: Spectrum saved!
2023/03/15 13:14:57 [INFO]: Data added!
2023/03/15 13:14:57 [INFO]: Total acquisitions = 81/100.0
2023/03/15 13:14:57 [INFO]: Successful acquisitions = 81
2023/03/15 13:14:57 [INFO]: New exposure time set to 1.0 s.
2023/03/15 13:14:58 [INFO]: Trapping successful at iteration num: 1
2023/03/15 13:14:58 [INFO]: New exposure time set to 1.0 s.
2023/03/15 13:15:00 [INFO]: Adding spectrum...
2023/03/15 13:15:00 [INFO]: Editing data file C:\Users\sparta-alpha\SPARTA\Chris\2023-03-15\PLGA_THF_DMSO_1SECEXP\measurement.csv.
2023/03/15 13:15:00 [INFO]: Appending data to file C:\Users\sparta-alpha\SPARTA\Chris\2023-03-15\PLGA_THF_DMSO_1SECEXP\measurement.csv.
2023/03/15 13:15:00 [INFO]: Plots updated with new data.
2023/03/15 13:15:00 [INFO]: Spectrum saved!
2023/03/15 13:15:00 [INFO]: Data added!
2023/03/15 13:15:00 [INFO]: Total acquisitions = 82/100.0
2023/03/15 13:15:00 [INFO]: Successful acquisitions = 82
2023/03/15 13:15:00 [INFO]: New exposure time set to 1.0 s.
2023/03/15 13:15:02 [INFO]: Trapping successful at iteration num: 1
2023/03/15 13:15:02 [INFO]: New exposure time set to 1.0 s.
2023/03/15 13:15:04 [INFO]: Adding spectrum...
2023/03/15 13:15:04 [INFO]: Editing data file C:\Users\sparta-alpha\SPARTA\Chris\2023-03-15\PLGA_THF_DMSO_1SECEXP\measurement.csv.
2023/03/15 13:15:04 [INFO]: Appending data to file C:\Users\sparta-alpha\SPARTA\Chris\2023-03-15\PLGA_THF_DMSO_1SECEXP\measurement.csv.
2023/03/15 13:15:04 [INFO]: Plots updated with new data.
2023/03/15 13:15:04 [INFO]: Spectrum saved!
2023/03/15 13:15:04 [INFO]: Data added!
2023/03/15 13:15:04 [INFO]: Total acquisitions = 83/100.0
2023/03/15 13:15:04 [INFO]: Successful acquisitions = 83
2023/03/15 13:15:04 [INFO]: New exposure time set to 1.0 s.
2023/03/15 13:15:05 [INFO]: Trapping successful at iteration num: 1
2023/03/15 13:15:05 [INFO]: New exposure time set to 1.0 s.
2023/03/15 13:15:08 [INFO]: Adding spectrum...
2023/03/15 13:15:08 [INFO]: Editing data file C:\Users\sparta-alpha\SPARTA\Chris\2023-03-15\PLGA_THF_DMSO_1SECEXP\measurement.csv.
2023/03/15 13:15:08 [INFO]: Appending data to file C:\Users\sparta-alpha\SPARTA\Chris\2023-03-15\PLGA_THF_DMSO_1SECEXP\measurement.csv.
2023/03/15 13:15:08 [INFO]: Plots updated with new data.
2023/03/15 13:15:08 [INFO]: Spectrum saved!
2023/03/15 13:15:08 [INFO]: Data added!
2023/03/15 13:15:08 [INFO]: Total acquisitions = 84/100.0
2023/03/15 13:15:08 [INFO]: Successful acquisitions = 84
2023/03/15 13:15:08 [INFO]: New exposure time set to 1.0 s.
2023/03/15 13:15:09 [INFO]: Trapping successful at iteration num: 1
2023/03/15 13:15:09 [INFO]: New exposure time set to 1.0 s.
2023/03/15 13:15:11 [INFO]: Adding spectrum...
2023/03/15 13:15:11 [INFO]: Editing data file C:\Users\sparta-alpha\SPARTA\Chris\2023-03-15\PLGA_THF_DMSO_1SECEXP\measurement.csv.
2023/03/15 13:15:11 [INFO]: Appending data to file C:\Users\sparta-alpha\SPARTA\Chris\2023-03-15\PLGA_THF_DMSO_1SECEXP\measurement.csv.
2023/03/15 13:15:11 [INFO]: Plots updated with new data.
2023/03/15 13:15:11 [INFO]: Spectrum saved!
2023/03/15 13:15:11 [INFO]: Data added!
2023/03/15 13:15:11 [INFO]: Total acquisitions = 85/100.0
2023/03/15 13:15:11 [INFO]: Successful acquisitions = 85
2023/03/15 13:15:11 [INFO]: New exposure time set to 1.0 s.
2023/03/15 13:15:13 [INFO]: Trapping successful at iteration num: 1
2023/03/15 13:15:13 [INFO]: New exposure time set to 1.0 s.
2023/03/15 13:15:15 [INFO]: Adding spectrum...
2023/03/15 13:15:15 [INFO]: Editing data file C:\Users\sparta-alpha\SPARTA\Chris\2023-03-15\PLGA_THF_DMSO_1SECEXP\measurement.csv.
2023/03/15 13:15:15 [INFO]: Appending data to file C:\Users\sparta-alpha\SPARTA\Chris\2023-03-15\PLGA_THF_DMSO_1SECEXP\measurement.csv.
2023/03/15 13:15:15 [INFO]: Plots updated with new data.
2023/03/15 13:15:15 [INFO]: Spectrum saved!
2023/03/15 13:15:15 [INFO]: Data added!
2023/03/15 13:15:15 [INFO]: Total acquisitions = 86/100.0
2023/03/15 13:15:15 [INFO]: Successful acquisitions = 86
2023/03/15 13:15:15 [INFO]: New exposure time set to 1.0 s.
2023/03/15 13:15:16 [INFO]: Trapping successful at iteration num: 1
2023/03/15 13:15:16 [INFO]: New exposure time set to 1.0 s.
2023/03/15 13:15:19 [INFO]: Adding spectrum...
2023/03/15 13:15:19 [INFO]: Editing data file C:\Users\sparta-alpha\SPARTA\Chris\2023-03-15\PLGA_THF_DMSO_1SECEXP\measurement.csv.
2023/03/15 13:15:19 [INFO]: Appending data to file C:\Users\sparta-alpha\SPARTA\Chris\2023-03-15\PLGA_THF_DMSO_1SECEXP\measurement.csv.
2023/03/15 13:15:19 [INFO]: Plots updated with new data.
2023/03/15 13:15:19 [INFO]: Spectrum saved!
2023/03/15 13:15:19 [INFO]: Data added!
2023/03/15 13:15:19 [INFO]: Total acquisitions = 87/100.0
2023/03/15 13:15:19 [INFO]: Successful acquisitions = 87
2023/03/15 13:15:19 [INFO]: New exposure time set to 1.0 s.
2023/03/15 13:15:20 [INFO]: Trapping successful at iteration num: 1
2023/03/15 13:15:20 [INFO]: New exposure time set to 1.0 s.
2023/03/15 13:15:22 [INFO]: Adding spectrum...
2023/03/15 13:15:22 [INFO]: Editing data file C:\Users\sparta-alpha\SPARTA\Chris\2023-03-15\PLGA_THF_DMSO_1SECEXP\measurement.csv.
2023/03/15 13:15:22 [INFO]: Appending data to file C:\Users\sparta-alpha\SPARTA\Chris\2023-03-15\PLGA_THF_DMSO_1SECEXP\measurement.csv.
2023/03/15 13:15:22 [INFO]: Plots updated with new data.
2023/03/15 13:15:22 [INFO]: Spectrum saved!
2023/03/15 13:15:22 [INFO]: Data added!
2023/03/15 13:15:22 [INFO]: Total acquisitions = 88/100.0
2023/03/15 13:15:22 [INFO]: Successful acquisitions = 88
2023/03/15 13:15:22 [INFO]: New exposure time set to 1.0 s.
2023/03/15 13:15:25 [INFO]: Trapping successful at iteration num: 2
2023/03/15 13:15:25 [INFO]: New exposure time set to 1.0 s.
2023/03/15 13:15:27 [INFO]: Adding spectrum...
2023/03/15 13:15:27 [INFO]: Editing data file C:\Users\sparta-alpha\SPARTA\Chris\2023-03-15\PLGA_THF_DMSO_1SECEXP\measurement.csv.
2023/03/15 13:15:27 [INFO]: Appending data to file C:\Users\sparta-alpha\SPARTA\Chris\2023-03-15\PLGA_THF_DMSO_1SECEXP\measurement.csv.
2023/03/15 13:15:27 [INFO]: Plots updated with new data.
2023/03/15 13:15:27 [INFO]: Spectrum saved!
2023/03/15 13:15:27 [INFO]: Data added!
2023/03/15 13:15:27 [INFO]: Total acquisitions = 89/100.0
2023/03/15 13:15:27 [INFO]: Successful acquisitions = 89
2023/03/15 13:15:27 [INFO]: New exposure time set to 1.0 s.
2023/03/15 13:15:29 [INFO]: Trapping successful at iteration num: 1
2023/03/15 13:15:29 [INFO]: New exposure time set to 1.0 s.
2023/03/15 13:15:31 [INFO]: Adding spectrum...
2023/03/15 13:15:31 [INFO]: Editing data file C:\Users\sparta-alpha\SPARTA\Chris\2023-03-15\PLGA_THF_DMSO_1SECEXP\measurement.csv.
2023/03/15 13:15:31 [INFO]: Appending data to file C:\Users\sparta-alpha\SPARTA\Chris\2023-03-15\PLGA_THF_DMSO_1SECEXP\measurement.csv.
2023/03/15 13:15:31 [INFO]: Plots updated with new data.
2023/03/15 13:15:31 [INFO]: Spectrum saved!
2023/03/15 13:15:31 [INFO]: Data added!
2023/03/15 13:15:31 [INFO]: Total acquisitions = 90/100.0
2023/03/15 13:15:31 [INFO]: Successful acquisitions = 90
2023/03/15 13:15:31 [INFO]: New exposure time set to 1.0 s.
2023/03/15 13:15:34 [INFO]: Trapping successful at iteration num: 2
2023/03/15 13:15:34 [INFO]: New exposure time set to 1.0 s.
2023/03/15 13:15:36 [INFO]: Adding spectrum...
2023/03/15 13:15:36 [INFO]: Editing data file C:\Users\sparta-alpha\SPARTA\Chris\2023-03-15\PLGA_THF_DMSO_1SECEXP\measurement.csv.
2023/03/15 13:15:36 [INFO]: Appending data to file C:\Users\sparta-alpha\SPARTA\Chris\2023-03-15\PLGA_THF_DMSO_1SECEXP\measurement.csv.
2023/03/15 13:15:36 [INFO]: Plots updated with new data.
2023/03/15 13:15:36 [INFO]: Spectrum saved!
2023/03/15 13:15:36 [INFO]: Data added!
2023/03/15 13:15:36 [INFO]: Total acquisitions = 91/100.0
2023/03/15 13:15:36 [INFO]: Successful acquisitions = 91
2023/03/15 13:15:36 [INFO]: New exposure time set to 1.0 s.
2023/03/15 13:15:37 [INFO]: Trapping successful at iteration num: 1
2023/03/15 13:15:37 [INFO]: New exposure time set to 1.0 s.
2023/03/15 13:15:40 [INFO]: Adding spectrum...
2023/03/15 13:15:40 [INFO]: Editing data file C:\Users\sparta-alpha\SPARTA\Chris\2023-03-15\PLGA_THF_DMSO_1SECEXP\measurement.csv.
2023/03/15 13:15:40 [INFO]: Appending data to file C:\Users\sparta-alpha\SPARTA\Chris\2023-03-15\PLGA_THF_DMSO_1SECEXP\measurement.csv.
2023/03/15 13:15:40 [INFO]: Plots updated with new data.
2023/03/15 13:15:40 [INFO]: Spectrum saved!
2023/03/15 13:15:40 [INFO]: Data added!
2023/03/15 13:15:40 [INFO]: Total acquisitions = 92/100.0
2023/03/15 13:15:40 [INFO]: Successful acquisitions = 92
2023/03/15 13:15:40 [INFO]: New exposure time set to 1.0 s.
2023/03/15 13:15:41 [INFO]: Trapping successful at iteration num: 1
2023/03/15 13:15:41 [INFO]: New exposure time set to 1.0 s.
2023/03/15 13:15:43 [INFO]: Adding spectrum...
2023/03/15 13:15:43 [INFO]: Editing data file C:\Users\sparta-alpha\SPARTA\Chris\2023-03-15\PLGA_THF_DMSO_1SECEXP\measurement.csv.
2023/03/15 13:15:43 [INFO]: Appending data to file C:\Users\sparta-alpha\SPARTA\Chris\2023-03-15\PLGA_THF_DMSO_1SECEXP\measurement.csv.
2023/03/15 13:15:43 [INFO]: Plots updated with new data.
2023/03/15 13:15:43 [INFO]: Spectrum saved!
2023/03/15 13:15:43 [INFO]: Data added!
2023/03/15 13:15:43 [INFO]: Total acquisitions = 93/100.0
2023/03/15 13:15:43 [INFO]: Successful acquisitions = 93
2023/03/15 13:15:43 [INFO]: New exposure time set to 1.0 s.
2023/03/15 13:15:45 [INFO]: Trapping successful at iteration num: 1
2023/03/15 13:15:45 [INFO]: New exposure time set to 1.0 s.
2023/03/15 13:15:47 [INFO]: Adding spectrum...
2023/03/15 13:15:47 [INFO]: Editing data file C:\Users\sparta-alpha\SPARTA\Chris\2023-03-15\PLGA_THF_DMSO_1SECEXP\measurement.csv.
2023/03/15 13:15:47 [INFO]: Appending data to file C:\Users\sparta-alpha\SPARTA\Chris\2023-03-15\PLGA_THF_DMSO_1SECEXP\measurement.csv.
2023/03/15 13:15:47 [INFO]: Plots updated with new data.
2023/03/15 13:15:47 [INFO]: Spectrum saved!
2023/03/15 13:15:47 [INFO]: Data added!
2023/03/15 13:15:47 [INFO]: Total acquisitions = 94/100.0
2023/03/15 13:15:47 [INFO]: Successful acquisitions = 94
2023/03/15 13:15:47 [INFO]: New exposure time set to 1.0 s.
2023/03/15 13:15:50 [INFO]: Trapping successful at iteration num: 2
2023/03/15 13:15:50 [INFO]: New exposure time set to 1.0 s.
2023/03/15 13:15:52 [INFO]: Adding spectrum...
2023/03/15 13:15:52 [INFO]: Editing data file C:\Users\sparta-alpha\SPARTA\Chris\2023-03-15\PLGA_THF_DMSO_1SECEXP\measurement.csv.
2023/03/15 13:15:52 [INFO]: Appending data to file C:\Users\sparta-alpha\SPARTA\Chris\2023-03-15\PLGA_THF_DMSO_1SECEXP\measurement.csv.
2023/03/15 13:15:52 [INFO]: Plots updated with new data.
2023/03/15 13:15:52 [INFO]: Spectrum saved!
2023/03/15 13:15:52 [INFO]: Data added!
2023/03/15 13:15:52 [INFO]: Total acquisitions = 95/100.0
2023/03/15 13:15:52 [INFO]: Successful acquisitions = 95
2023/03/15 13:15:52 [INFO]: New exposure time set to 1.0 s.
2023/03/15 13:15:53 [INFO]: Trapping successful at iteration num: 1
2023/03/15 13:15:53 [INFO]: New exposure time set to 1.0 s.
2023/03/15 13:15:55 [INFO]: Adding spectrum...
2023/03/15 13:15:55 [INFO]: Editing data file C:\Users\sparta-alpha\SPARTA\Chris\2023-03-15\PLGA_THF_DMSO_1SECEXP\measurement.csv.
2023/03/15 13:15:55 [INFO]: Appending data to file C:\Users\sparta-alpha\SPARTA\Chris\2023-03-15\PLGA_THF_DMSO_1SECEXP\measurement.csv.
2023/03/15 13:15:56 [INFO]: Plots updated with new data.
2023/03/15 13:15:56 [INFO]: Spectrum saved!
2023/03/15 13:15:56 [INFO]: Data added!
2023/03/15 13:15:56 [INFO]: Total acquisitions = 96/100.0
2023/03/15 13:15:56 [INFO]: Successful acquisitions = 96
2023/03/15 13:15:56 [INFO]: New exposure time set to 1.0 s.
2023/03/15 13:15:59 [INFO]: Trapping successful at iteration num: 3
2023/03/15 13:15:59 [INFO]: New exposure time set to 1.0 s.
2023/03/15 13:16:02 [INFO]: Adding spectrum...
2023/03/15 13:16:02 [INFO]: Editing data file C:\Users\sparta-alpha\SPARTA\Chris\2023-03-15\PLGA_THF_DMSO_1SECEXP\measurement.csv.
2023/03/15 13:16:02 [INFO]: Appending data to file C:\Users\sparta-alpha\SPARTA\Chris\2023-03-15\PLGA_THF_DMSO_1SECEXP\measurement.csv.
2023/03/15 13:16:02 [INFO]: Plots updated with new data.
2023/03/15 13:16:02 [INFO]: Spectrum saved!
2023/03/15 13:16:02 [INFO]: Data added!
2023/03/15 13:16:02 [INFO]: Total acquisitions = 97/100.0
2023/03/15 13:16:02 [INFO]: Successful acquisitions = 97
2023/03/15 13:16:02 [INFO]: New exposure time set to 1.0 s.
2023/03/15 13:16:03 [INFO]: Trapping successful at iteration num: 1
2023/03/15 13:16:03 [INFO]: New exposure time set to 1.0 s.
2023/03/15 13:16:05 [INFO]: Adding spectrum...
2023/03/15 13:16:05 [INFO]: Editing data file C:\Users\sparta-alpha\SPARTA\Chris\2023-03-15\PLGA_THF_DMSO_1SECEXP\measurement.csv.
2023/03/15 13:16:05 [INFO]: Appending data to file C:\Users\sparta-alpha\SPARTA\Chris\2023-03-15\PLGA_THF_DMSO_1SECEXP\measurement.csv.
2023/03/15 13:16:05 [INFO]: Plots updated with new data.
2023/03/15 13:16:05 [INFO]: Spectrum saved!
2023/03/15 13:16:05 [INFO]: Data added!
2023/03/15 13:16:05 [INFO]: Total acquisitions = 98/100.0
2023/03/15 13:16:05 [INFO]: Successful acquisitions = 98
2023/03/15 13:16:05 [INFO]: New exposure time set to 1.0 s.
2023/03/15 13:16:07 [INFO]: Trapping successful at iteration num: 1
2023/03/15 13:16:07 [INFO]: New exposure time set to 1.0 s.
2023/03/15 13:16:09 [INFO]: Adding spectrum...
2023/03/15 13:16:09 [INFO]: Editing data file C:\Users\sparta-alpha\SPARTA\Chris\2023-03-15\PLGA_THF_DMSO_1SECEXP\measurement.csv.
2023/03/15 13:16:09 [INFO]: Appending data to file C:\Users\sparta-alpha\SPARTA\Chris\2023-03-15\PLGA_THF_DMSO_1SECEXP\measurement.csv.
2023/03/15 13:16:09 [INFO]: Plots updated with new data.
2023/03/15 13:16:09 [INFO]: Spectrum saved!
2023/03/15 13:16:09 [INFO]: Data added!
2023/03/15 13:16:09 [INFO]: Total acquisitions = 99/100.0
2023/03/15 13:16:09 [INFO]: Successful acquisitions = 99
2023/03/15 13:16:09 [INFO]: New exposure time set to 1.0 s.
2023/03/15 13:16:10 [INFO]: Trapping successful at iteration num: 1
2023/03/15 13:16:10 [INFO]: New exposure time set to 1.0 s.
2023/03/15 13:16:13 [INFO]: Adding spectrum...
2023/03/15 13:16:13 [INFO]: Editing data file C:\Users\sparta-alpha\SPARTA\Chris\2023-03-15\PLGA_THF_DMSO_1SECEXP\measurement.csv.
2023/03/15 13:16:13 [INFO]: Appending data to file C:\Users\sparta-alpha\SPARTA\Chris\2023-03-15\PLGA_THF_DMSO_1SECEXP\measurement.csv.
2023/03/15 13:16:13 [INFO]: Plots updated with new data.
2023/03/15 13:16:13 [INFO]: Spectrum saved!
2023/03/15 13:16:13 [INFO]: Data added!
2023/03/15 13:16:13 [INFO]: Total acquisitions = 100/100.0
2023/03/15 13:16:13 [INFO]: Successful acquisitions = 100
2023/03/15 13:16:13 [INFO]: Saving SpartaData...
2023/03/15 13:16:13 [INFO]: Settings saved!
2023/03/15 13:16:13 [INFO]: Editing data file C:\Users\sparta-alpha\SPARTA\Chris\2023-03-15\PLGA_THF_DMSO_1SECEXP\measurement.csv.
2023/03/15 13:16:13 [INFO]: Data saved to C:\Users\sparta-alpha\SPARTA\Chris\2023-03-15\PLGA_THF_DMSO_1SECEXP\measurement.csv
2023/03/15 13:16:13 [INFO]: Settings saved!
2023/03/15 13:16:13 [INFO]: Trapping sequence completed with 100 successful acquisitions.
