2023/03/15 13:25:41 [INFO]: New exposure time set to 1.0 s.
2023/03/15 13:25:43 [INFO]: Trapping successful at iteration num: 1
2023/03/15 13:25:43 [INFO]: New exposure time set to 1.0 s.
2023/03/15 13:25:45 [INFO]: Adding spectrum...
2023/03/15 13:25:45 [INFO]: Editing data file C:\Users\sparta-alpha\SPARTA\Chris\2023-03-15\PLGA_DMSO_1SECEXP\measurement.csv.
2023/03/15 13:25:45 [INFO]: Appending data to file C:\Users\sparta-alpha\SPARTA\Chris\2023-03-15\PLGA_DMSO_1SECEXP\measurement.csv.
2023/03/15 13:25:45 [INFO]: Plots updated with new data.
2023/03/15 13:25:45 [INFO]: Spectrum saved!
2023/03/15 13:25:45 [INFO]: Data added!
2023/03/15 13:25:45 [INFO]: Total acquisitions = 1/100.0
2023/03/15 13:25:45 [INFO]: Successful acquisitions = 1
2023/03/15 13:25:45 [INFO]: New exposure time set to 1.0 s.
2023/03/15 13:25:46 [INFO]: Trapping successful at iteration num: 1
2023/03/15 13:25:46 [INFO]: New exposure time set to 1.0 s.
2023/03/15 13:25:49 [INFO]: Adding spectrum...
2023/03/15 13:25:49 [INFO]: Editing data file C:\Users\sparta-alpha\SPARTA\Chris\2023-03-15\PLGA_DMSO_1SECEXP\measurement.csv.
2023/03/15 13:25:49 [INFO]: Appending data to file C:\Users\sparta-alpha\SPARTA\Chris\2023-03-15\PLGA_DMSO_1SECEXP\measurement.csv.
2023/03/15 13:25:49 [INFO]: Plots updated with new data.
2023/03/15 13:25:49 [INFO]: Spectrum saved!
2023/03/15 13:25:49 [INFO]: Data added!
2023/03/15 13:25:49 [INFO]: Total acquisitions = 2/100.0
2023/03/15 13:25:49 [INFO]: Successful acquisitions = 2
2023/03/15 13:25:49 [INFO]: New exposure time set to 1.0 s.
2023/03/15 13:25:50 [INFO]: Trapping successful at iteration num: 1
2023/03/15 13:25:50 [INFO]: New exposure time set to 1.0 s.
2023/03/15 13:25:52 [INFO]: Adding spectrum...
2023/03/15 13:25:52 [INFO]: Editing data file C:\Users\sparta-alpha\SPARTA\Chris\2023-03-15\PLGA_DMSO_1SECEXP\measurement.csv.
2023/03/15 13:25:52 [INFO]: Appending data to file C:\Users\sparta-alpha\SPARTA\Chris\2023-03-15\PLGA_DMSO_1SECEXP\measurement.csv.
2023/03/15 13:25:52 [INFO]: Plots updated with new data.
2023/03/15 13:25:52 [INFO]: Spectrum saved!
2023/03/15 13:25:52 [INFO]: Data added!
2023/03/15 13:25:52 [INFO]: Total acquisitions = 3/100.0
2023/03/15 13:25:52 [INFO]: Successful acquisitions = 3
2023/03/15 13:25:52 [INFO]: New exposure time set to 1.0 s.
2023/03/15 13:25:59 [INFO]: Trapping successful at iteration num: 5
2023/03/15 13:25:59 [INFO]: New exposure time set to 1.0 s.
2023/03/15 13:26:01 [INFO]: Adding spectrum...
2023/03/15 13:26:01 [INFO]: Editing data file C:\Users\sparta-alpha\SPARTA\Chris\2023-03-15\PLGA_DMSO_1SECEXP\measurement.csv.
2023/03/15 13:26:01 [INFO]: Appending data to file C:\Users\sparta-alpha\SPARTA\Chris\2023-03-15\PLGA_DMSO_1SECEXP\measurement.csv.
2023/03/15 13:26:01 [INFO]: Plots updated with new data.
2023/03/15 13:26:01 [INFO]: Spectrum saved!
2023/03/15 13:26:01 [INFO]: Data added!
2023/03/15 13:26:01 [INFO]: Total acquisitions = 4/100.0
2023/03/15 13:26:01 [INFO]: Successful acquisitions = 4
2023/03/15 13:26:01 [INFO]: New exposure time set to 1.0 s.
2023/03/15 13:26:03 [INFO]: Trapping successful at iteration num: 1
2023/03/15 13:26:03 [INFO]: New exposure time set to 1.0 s.
2023/03/15 13:26:05 [INFO]: Adding spectrum...
2023/03/15 13:26:05 [INFO]: Editing data file C:\Users\sparta-alpha\SPARTA\Chris\2023-03-15\PLGA_DMSO_1SECEXP\measurement.csv.
2023/03/15 13:26:05 [INFO]: Appending data to file C:\Users\sparta-alpha\SPARTA\Chris\2023-03-15\PLGA_DMSO_1SECEXP\measurement.csv.
2023/03/15 13:26:05 [INFO]: Plots updated with new data.
2023/03/15 13:26:05 [INFO]: Spectrum saved!
2023/03/15 13:26:05 [INFO]: Data added!
2023/03/15 13:26:05 [INFO]: Total acquisitions = 5/100.0
2023/03/15 13:26:05 [INFO]: Successful acquisitions = 5
2023/03/15 13:26:05 [INFO]: New exposure time set to 1.0 s.
2023/03/15 13:26:06 [INFO]: Trapping successful at iteration num: 1
2023/03/15 13:26:06 [INFO]: New exposure time set to 1.0 s.
2023/03/15 13:26:09 [INFO]: Adding spectrum...
2023/03/15 13:26:09 [INFO]: Editing data file C:\Users\sparta-alpha\SPARTA\Chris\2023-03-15\PLGA_DMSO_1SECEXP\measurement.csv.
2023/03/15 13:26:09 [INFO]: Appending data to file C:\Users\sparta-alpha\SPARTA\Chris\2023-03-15\PLGA_DMSO_1SECEXP\measurement.csv.
2023/03/15 13:26:09 [INFO]: Plots updated with new data.
2023/03/15 13:26:09 [INFO]: Spectrum saved!
2023/03/15 13:26:09 [INFO]: Data added!
2023/03/15 13:26:09 [INFO]: Total acquisitions = 6/100.0
2023/03/15 13:26:09 [INFO]: Successful acquisitions = 6
2023/03/15 13:26:09 [INFO]: New exposure time set to 1.0 s.
2023/03/15 13:26:10 [INFO]: Trapping successful at iteration num: 1
2023/03/15 13:26:10 [INFO]: New exposure time set to 1.0 s.
2023/03/15 13:26:12 [INFO]: Adding spectrum...
2023/03/15 13:26:12 [INFO]: Editing data file C:\Users\sparta-alpha\SPARTA\Chris\2023-03-15\PLGA_DMSO_1SECEXP\measurement.csv.
2023/03/15 13:26:12 [INFO]: Appending data to file C:\Users\sparta-alpha\SPARTA\Chris\2023-03-15\PLGA_DMSO_1SECEXP\measurement.csv.
2023/03/15 13:26:12 [INFO]: Plots updated with new data.
2023/03/15 13:26:12 [INFO]: Spectrum saved!
2023/03/15 13:26:12 [INFO]: Data added!
2023/03/15 13:26:12 [INFO]: Total acquisitions = 7/100.0
2023/03/15 13:26:12 [INFO]: Successful acquisitions = 7
2023/03/15 13:26:12 [INFO]: New exposure time set to 1.0 s.
2023/03/15 13:26:20 [INFO]: Trapping successful at iteration num: 6
2023/03/15 13:26:20 [INFO]: New exposure time set to 1.0 s.
2023/03/15 13:26:23 [INFO]: Adding spectrum...
2023/03/15 13:26:23 [INFO]: Editing data file C:\Users\sparta-alpha\SPARTA\Chris\2023-03-15\PLGA_DMSO_1SECEXP\measurement.csv.
2023/03/15 13:26:23 [INFO]: Appending data to file C:\Users\sparta-alpha\SPARTA\Chris\2023-03-15\PLGA_DMSO_1SECEXP\measurement.csv.
2023/03/15 13:26:23 [INFO]: Plots updated with new data.
2023/03/15 13:26:23 [INFO]: Spectrum saved!
2023/03/15 13:26:23 [INFO]: Data added!
2023/03/15 13:26:23 [INFO]: Total acquisitions = 8/100.0
2023/03/15 13:26:23 [INFO]: Successful acquisitions = 8
2023/03/15 13:26:23 [INFO]: New exposure time set to 1.0 s.
2023/03/15 13:26:26 [INFO]: Trapping successful at iteration num: 3
2023/03/15 13:26:26 [INFO]: New exposure time set to 1.0 s.
2023/03/15 13:26:29 [INFO]: Adding spectrum...
2023/03/15 13:26:29 [INFO]: Editing data file C:\Users\sparta-alpha\SPARTA\Chris\2023-03-15\PLGA_DMSO_1SECEXP\measurement.csv.
2023/03/15 13:26:29 [INFO]: Appending data to file C:\Users\sparta-alpha\SPARTA\Chris\2023-03-15\PLGA_DMSO_1SECEXP\measurement.csv.
2023/03/15 13:26:29 [INFO]: Plots updated with new data.
2023/03/15 13:26:29 [INFO]: Spectrum saved!
2023/03/15 13:26:29 [INFO]: Data added!
2023/03/15 13:26:29 [INFO]: Total acquisitions = 9/100.0
2023/03/15 13:26:29 [INFO]: Successful acquisitions = 9
2023/03/15 13:26:29 [INFO]: New exposure time set to 1.0 s.
2023/03/15 13:26:33 [INFO]: Trapping successful at iteration num: 3
2023/03/15 13:26:33 [INFO]: New exposure time set to 1.0 s.
2023/03/15 13:26:35 [INFO]: Adding spectrum...
2023/03/15 13:26:35 [INFO]: Editing data file C:\Users\sparta-alpha\SPARTA\Chris\2023-03-15\PLGA_DMSO_1SECEXP\measurement.csv.
2023/03/15 13:26:35 [INFO]: Appending data to file C:\Users\sparta-alpha\SPARTA\Chris\2023-03-15\PLGA_DMSO_1SECEXP\measurement.csv.
2023/03/15 13:26:35 [INFO]: Plots updated with new data.
2023/03/15 13:26:35 [INFO]: Spectrum saved!
2023/03/15 13:26:35 [INFO]: Data added!
2023/03/15 13:26:35 [INFO]: Total acquisitions = 10/100.0
2023/03/15 13:26:35 [INFO]: Successful acquisitions = 10
2023/03/15 13:26:35 [INFO]: New exposure time set to 1.0 s.
2023/03/15 13:26:38 [INFO]: Trapping successful at iteration num: 2
2023/03/15 13:26:38 [INFO]: New exposure time set to 1.0 s.
2023/03/15 13:26:40 [INFO]: Adding spectrum...
2023/03/15 13:26:40 [INFO]: Editing data file C:\Users\sparta-alpha\SPARTA\Chris\2023-03-15\PLGA_DMSO_1SECEXP\measurement.csv.
2023/03/15 13:26:40 [INFO]: Appending data to file C:\Users\sparta-alpha\SPARTA\Chris\2023-03-15\PLGA_DMSO_1SECEXP\measurement.csv.
2023/03/15 13:26:40 [INFO]: Plots updated with new data.
2023/03/15 13:26:40 [INFO]: Spectrum saved!
2023/03/15 13:26:40 [INFO]: Data added!
2023/03/15 13:26:40 [INFO]: Total acquisitions = 11/100.0
2023/03/15 13:26:40 [INFO]: Successful acquisitions = 11
2023/03/15 13:26:40 [INFO]: New exposure time set to 1.0 s.
2023/03/15 13:26:51 [INFO]: Trapping successful at iteration num: 8
2023/03/15 13:26:51 [INFO]: New exposure time set to 1.0 s.
2023/03/15 13:26:53 [INFO]: Adding spectrum...
2023/03/15 13:26:53 [INFO]: Editing data file C:\Users\sparta-alpha\SPARTA\Chris\2023-03-15\PLGA_DMSO_1SECEXP\measurement.csv.
2023/03/15 13:26:53 [INFO]: Appending data to file C:\Users\sparta-alpha\SPARTA\Chris\2023-03-15\PLGA_DMSO_1SECEXP\measurement.csv.
2023/03/15 13:26:53 [INFO]: Plots updated with new data.
2023/03/15 13:26:53 [INFO]: Spectrum saved!
2023/03/15 13:26:53 [INFO]: Data added!
2023/03/15 13:26:53 [INFO]: Total acquisitions = 12/100.0
2023/03/15 13:26:53 [INFO]: Successful acquisitions = 12
2023/03/15 13:26:53 [INFO]: New exposure time set to 1.0 s.
2023/03/15 13:26:54 [INFO]: Trapping successful at iteration num: 1
2023/03/15 13:26:54 [INFO]: New exposure time set to 1.0 s.
2023/03/15 13:26:57 [INFO]: Adding spectrum...
2023/03/15 13:26:57 [INFO]: Editing data file C:\Users\sparta-alpha\SPARTA\Chris\2023-03-15\PLGA_DMSO_1SECEXP\measurement.csv.
2023/03/15 13:26:57 [INFO]: Appending data to file C:\Users\sparta-alpha\SPARTA\Chris\2023-03-15\PLGA_DMSO_1SECEXP\measurement.csv.
2023/03/15 13:26:57 [INFO]: Plots updated with new data.
2023/03/15 13:26:57 [INFO]: Spectrum saved!
2023/03/15 13:26:57 [INFO]: Data added!
2023/03/15 13:26:57 [INFO]: Total acquisitions = 13/100.0
2023/03/15 13:26:57 [INFO]: Successful acquisitions = 13
2023/03/15 13:26:57 [INFO]: New exposure time set to 1.0 s.
2023/03/15 13:27:00 [INFO]: Trapping successful at iteration num: 3
2023/03/15 13:27:00 [INFO]: New exposure time set to 1.0 s.
2023/03/15 13:27:03 [INFO]: Adding spectrum...
2023/03/15 13:27:03 [INFO]: Editing data file C:\Users\sparta-alpha\SPARTA\Chris\2023-03-15\PLGA_DMSO_1SECEXP\measurement.csv.
2023/03/15 13:27:03 [INFO]: Appending data to file C:\Users\sparta-alpha\SPARTA\Chris\2023-03-15\PLGA_DMSO_1SECEXP\measurement.csv.
2023/03/15 13:27:03 [INFO]: Plots updated with new data.
2023/03/15 13:27:03 [INFO]: Spectrum saved!
2023/03/15 13:27:03 [INFO]: Data added!
2023/03/15 13:27:03 [INFO]: Total acquisitions = 14/100.0
2023/03/15 13:27:03 [INFO]: Successful acquisitions = 14
2023/03/15 13:27:03 [INFO]: New exposure time set to 1.0 s.
2023/03/15 13:27:04 [INFO]: Trapping successful at iteration num: 1
2023/03/15 13:27:04 [INFO]: New exposure time set to 1.0 s.
2023/03/15 13:27:06 [INFO]: Adding spectrum...
2023/03/15 13:27:06 [INFO]: Editing data file C:\Users\sparta-alpha\SPARTA\Chris\2023-03-15\PLGA_DMSO_1SECEXP\measurement.csv.
2023/03/15 13:27:06 [INFO]: Appending data to file C:\Users\sparta-alpha\SPARTA\Chris\2023-03-15\PLGA_DMSO_1SECEXP\measurement.csv.
2023/03/15 13:27:06 [INFO]: Plots updated with new data.
2023/03/15 13:27:06 [INFO]: Spectrum saved!
2023/03/15 13:27:06 [INFO]: Data added!
2023/03/15 13:27:06 [INFO]: Total acquisitions = 15/100.0
2023/03/15 13:27:06 [INFO]: Successful acquisitions = 15
2023/03/15 13:27:07 [INFO]: New exposure time set to 1.0 s.
2023/03/15 13:27:08 [INFO]: Trapping successful at iteration num: 1
2023/03/15 13:27:08 [INFO]: New exposure time set to 1.0 s.
2023/03/15 13:27:10 [INFO]: Adding spectrum...
2023/03/15 13:27:10 [INFO]: Editing data file C:\Users\sparta-alpha\SPARTA\Chris\2023-03-15\PLGA_DMSO_1SECEXP\measurement.csv.
2023/03/15 13:27:10 [INFO]: Appending data to file C:\Users\sparta-alpha\SPARTA\Chris\2023-03-15\PLGA_DMSO_1SECEXP\measurement.csv.
2023/03/15 13:27:10 [INFO]: Plots updated with new data.
2023/03/15 13:27:10 [INFO]: Spectrum saved!
2023/03/15 13:27:10 [INFO]: Data added!
2023/03/15 13:27:10 [INFO]: Total acquisitions = 16/100.0
2023/03/15 13:27:10 [INFO]: Successful acquisitions = 16
2023/03/15 13:27:10 [INFO]: New exposure time set to 1.0 s.
2023/03/15 13:27:14 [INFO]: Trapping successful at iteration num: 3
2023/03/15 13:27:14 [INFO]: New exposure time set to 1.0 s.
2023/03/15 13:27:16 [INFO]: Adding spectrum...
2023/03/15 13:27:16 [INFO]: Editing data file C:\Users\sparta-alpha\SPARTA\Chris\2023-03-15\PLGA_DMSO_1SECEXP\measurement.csv.
2023/03/15 13:27:16 [INFO]: Appending data to file C:\Users\sparta-alpha\SPARTA\Chris\2023-03-15\PLGA_DMSO_1SECEXP\measurement.csv.
2023/03/15 13:27:16 [INFO]: Plots updated with new data.
2023/03/15 13:27:16 [INFO]: Spectrum saved!
2023/03/15 13:27:16 [INFO]: Data added!
2023/03/15 13:27:16 [INFO]: Total acquisitions = 17/100.0
2023/03/15 13:27:16 [INFO]: Successful acquisitions = 17
2023/03/15 13:27:16 [INFO]: New exposure time set to 1.0 s.
2023/03/15 13:27:26 [INFO]: Trapping successful at iteration num: 7
2023/03/15 13:27:26 [INFO]: New exposure time set to 1.0 s.
2023/03/15 13:27:28 [INFO]: Adding spectrum...
2023/03/15 13:27:28 [INFO]: Editing data file C:\Users\sparta-alpha\SPARTA\Chris\2023-03-15\PLGA_DMSO_1SECEXP\measurement.csv.
2023/03/15 13:27:28 [INFO]: Appending data to file C:\Users\sparta-alpha\SPARTA\Chris\2023-03-15\PLGA_DMSO_1SECEXP\measurement.csv.
2023/03/15 13:27:28 [INFO]: Plots updated with new data.
2023/03/15 13:27:28 [INFO]: Spectrum saved!
2023/03/15 13:27:28 [INFO]: Data added!
2023/03/15 13:27:28 [INFO]: Total acquisitions = 18/100.0
2023/03/15 13:27:28 [INFO]: Successful acquisitions = 18
2023/03/15 13:27:28 [INFO]: New exposure time set to 1.0 s.
2023/03/15 13:27:29 [INFO]: Trapping successful at iteration num: 1
2023/03/15 13:27:29 [INFO]: New exposure time set to 1.0 s.
2023/03/15 13:27:32 [INFO]: Adding spectrum...
2023/03/15 13:27:32 [INFO]: Editing data file C:\Users\sparta-alpha\SPARTA\Chris\2023-03-15\PLGA_DMSO_1SECEXP\measurement.csv.
2023/03/15 13:27:32 [INFO]: Appending data to file C:\Users\sparta-alpha\SPARTA\Chris\2023-03-15\PLGA_DMSO_1SECEXP\measurement.csv.
2023/03/15 13:27:32 [INFO]: Plots updated with new data.
2023/03/15 13:27:32 [INFO]: Spectrum saved!
2023/03/15 13:27:32 [INFO]: Data added!
2023/03/15 13:27:32 [INFO]: Total acquisitions = 19/100.0
2023/03/15 13:27:32 [INFO]: Successful acquisitions = 19
2023/03/15 13:27:32 [INFO]: New exposure time set to 1.0 s.
2023/03/15 13:27:43 [INFO]: Trapping successful at iteration num: 8
2023/03/15 13:27:43 [INFO]: New exposure time set to 1.0 s.
2023/03/15 13:27:45 [INFO]: Adding spectrum...
2023/03/15 13:27:45 [INFO]: Editing data file C:\Users\sparta-alpha\SPARTA\Chris\2023-03-15\PLGA_DMSO_1SECEXP\measurement.csv.
2023/03/15 13:27:45 [INFO]: Appending data to file C:\Users\sparta-alpha\SPARTA\Chris\2023-03-15\PLGA_DMSO_1SECEXP\measurement.csv.
2023/03/15 13:27:45 [INFO]: Plots updated with new data.
2023/03/15 13:27:45 [INFO]: Spectrum saved!
2023/03/15 13:27:45 [INFO]: Data added!
2023/03/15 13:27:45 [INFO]: Total acquisitions = 20/100.0
2023/03/15 13:27:45 [INFO]: Successful acquisitions = 20
2023/03/15 13:27:45 [INFO]: New exposure time set to 1.0 s.
2023/03/15 13:27:47 [INFO]: Trapping successful at iteration num: 1
2023/03/15 13:27:47 [INFO]: New exposure time set to 1.0 s.
2023/03/15 13:27:49 [INFO]: Adding spectrum...
2023/03/15 13:27:49 [INFO]: Editing data file C:\Users\sparta-alpha\SPARTA\Chris\2023-03-15\PLGA_DMSO_1SECEXP\measurement.csv.
2023/03/15 13:27:49 [INFO]: Appending data to file C:\Users\sparta-alpha\SPARTA\Chris\2023-03-15\PLGA_DMSO_1SECEXP\measurement.csv.
2023/03/15 13:27:49 [INFO]: Plots updated with new data.
2023/03/15 13:27:49 [INFO]: Spectrum saved!
2023/03/15 13:27:49 [INFO]: Data added!
2023/03/15 13:27:49 [INFO]: Total acquisitions = 21/100.0
2023/03/15 13:27:49 [INFO]: Successful acquisitions = 21
2023/03/15 13:27:49 [INFO]: New exposure time set to 1.0 s.
2023/03/15 13:27:50 [INFO]: Trapping successful at iteration num: 1
2023/03/15 13:27:50 [INFO]: New exposure time set to 1.0 s.
2023/03/15 13:27:53 [INFO]: Adding spectrum...
2023/03/15 13:27:53 [INFO]: Editing data file C:\Users\sparta-alpha\SPARTA\Chris\2023-03-15\PLGA_DMSO_1SECEXP\measurement.csv.
2023/03/15 13:27:53 [INFO]: Appending data to file C:\Users\sparta-alpha\SPARTA\Chris\2023-03-15\PLGA_DMSO_1SECEXP\measurement.csv.
2023/03/15 13:27:53 [INFO]: Plots updated with new data.
2023/03/15 13:27:53 [INFO]: Spectrum saved!
2023/03/15 13:27:53 [INFO]: Data added!
2023/03/15 13:27:53 [INFO]: Total acquisitions = 22/100.0
2023/03/15 13:27:53 [INFO]: Successful acquisitions = 22
2023/03/15 13:27:53 [INFO]: New exposure time set to 1.0 s.
2023/03/15 13:27:54 [INFO]: Trapping successful at iteration num: 1
2023/03/15 13:27:54 [INFO]: New exposure time set to 1.0 s.
2023/03/15 13:27:56 [INFO]: Adding spectrum...
2023/03/15 13:27:56 [INFO]: Editing data file C:\Users\sparta-alpha\SPARTA\Chris\2023-03-15\PLGA_DMSO_1SECEXP\measurement.csv.
2023/03/15 13:27:56 [INFO]: Appending data to file C:\Users\sparta-alpha\SPARTA\Chris\2023-03-15\PLGA_DMSO_1SECEXP\measurement.csv.
2023/03/15 13:27:56 [INFO]: Plots updated with new data.
2023/03/15 13:27:56 [INFO]: Spectrum saved!
2023/03/15 13:27:56 [INFO]: Data added!
2023/03/15 13:27:56 [INFO]: Total acquisitions = 23/100.0
2023/03/15 13:27:56 [INFO]: Successful acquisitions = 23
2023/03/15 13:27:57 [INFO]: New exposure time set to 1.0 s.
2023/03/15 13:27:59 [INFO]: Trapping successful at iteration num: 2
2023/03/15 13:27:59 [INFO]: New exposure time set to 1.0 s.
2023/03/15 13:28:02 [INFO]: Adding spectrum...
2023/03/15 13:28:02 [INFO]: Editing data file C:\Users\sparta-alpha\SPARTA\Chris\2023-03-15\PLGA_DMSO_1SECEXP\measurement.csv.
2023/03/15 13:28:02 [INFO]: Appending data to file C:\Users\sparta-alpha\SPARTA\Chris\2023-03-15\PLGA_DMSO_1SECEXP\measurement.csv.
2023/03/15 13:28:02 [INFO]: Plots updated with new data.
2023/03/15 13:28:02 [INFO]: Spectrum saved!
2023/03/15 13:28:02 [INFO]: Data added!
2023/03/15 13:28:02 [INFO]: Total acquisitions = 24/100.0
2023/03/15 13:28:02 [INFO]: Successful acquisitions = 24
2023/03/15 13:28:02 [INFO]: New exposure time set to 1.0 s.
2023/03/15 13:28:03 [INFO]: Trapping successful at iteration num: 1
2023/03/15 13:28:03 [INFO]: New exposure time set to 1.0 s.
2023/03/15 13:28:06 [INFO]: Adding spectrum...
2023/03/15 13:28:06 [INFO]: Editing data file C:\Users\sparta-alpha\SPARTA\Chris\2023-03-15\PLGA_DMSO_1SECEXP\measurement.csv.
2023/03/15 13:28:06 [INFO]: Appending data to file C:\Users\sparta-alpha\SPARTA\Chris\2023-03-15\PLGA_DMSO_1SECEXP\measurement.csv.
2023/03/15 13:28:06 [INFO]: Plots updated with new data.
2023/03/15 13:28:06 [INFO]: Spectrum saved!
2023/03/15 13:28:06 [INFO]: Data added!
2023/03/15 13:28:06 [INFO]: Total acquisitions = 25/100.0
2023/03/15 13:28:06 [INFO]: Successful acquisitions = 25
2023/03/15 13:28:06 [INFO]: New exposure time set to 1.0 s.
2023/03/15 13:28:14 [INFO]: Trapping successful at iteration num: 6
2023/03/15 13:28:14 [INFO]: New exposure time set to 1.0 s.
2023/03/15 13:28:17 [INFO]: Adding spectrum...
2023/03/15 13:28:17 [INFO]: Editing data file C:\Users\sparta-alpha\SPARTA\Chris\2023-03-15\PLGA_DMSO_1SECEXP\measurement.csv.
2023/03/15 13:28:17 [INFO]: Appending data to file C:\Users\sparta-alpha\SPARTA\Chris\2023-03-15\PLGA_DMSO_1SECEXP\measurement.csv.
2023/03/15 13:28:17 [INFO]: Plots updated with new data.
2023/03/15 13:28:17 [INFO]: Spectrum saved!
2023/03/15 13:28:17 [INFO]: Data added!
2023/03/15 13:28:17 [INFO]: Total acquisitions = 26/100.0
2023/03/15 13:28:17 [INFO]: Successful acquisitions = 26
2023/03/15 13:28:17 [INFO]: New exposure time set to 1.0 s.
2023/03/15 13:28:21 [INFO]: Trapping successful at iteration num: 3
2023/03/15 13:28:21 [INFO]: New exposure time set to 1.0 s.
2023/03/15 13:28:24 [INFO]: Adding spectrum...
2023/03/15 13:28:24 [INFO]: Editing data file C:\Users\sparta-alpha\SPARTA\Chris\2023-03-15\PLGA_DMSO_1SECEXP\measurement.csv.
2023/03/15 13:28:24 [INFO]: Appending data to file C:\Users\sparta-alpha\SPARTA\Chris\2023-03-15\PLGA_DMSO_1SECEXP\measurement.csv.
2023/03/15 13:28:24 [INFO]: Plots updated with new data.
2023/03/15 13:28:24 [INFO]: Spectrum saved!
2023/03/15 13:28:24 [INFO]: Data added!
2023/03/15 13:28:24 [INFO]: Total acquisitions = 27/100.0
2023/03/15 13:28:24 [INFO]: Successful acquisitions = 27
2023/03/15 13:28:24 [INFO]: New exposure time set to 1.0 s.
2023/03/15 13:28:27 [INFO]: Trapping successful at iteration num: 2
2023/03/15 13:28:27 [INFO]: New exposure time set to 1.0 s.
2023/03/15 13:28:29 [INFO]: Adding spectrum...
2023/03/15 13:28:29 [INFO]: Editing data file C:\Users\sparta-alpha\SPARTA\Chris\2023-03-15\PLGA_DMSO_1SECEXP\measurement.csv.
2023/03/15 13:28:29 [INFO]: Appending data to file C:\Users\sparta-alpha\SPARTA\Chris\2023-03-15\PLGA_DMSO_1SECEXP\measurement.csv.
2023/03/15 13:28:29 [INFO]: Plots updated with new data.
2023/03/15 13:28:29 [INFO]: Spectrum saved!
2023/03/15 13:28:29 [INFO]: Data added!
2023/03/15 13:28:29 [INFO]: Total acquisitions = 28/100.0
2023/03/15 13:28:29 [INFO]: Successful acquisitions = 28
2023/03/15 13:28:29 [INFO]: New exposure time set to 1.0 s.
2023/03/15 13:28:30 [INFO]: Trapping successful at iteration num: 1
2023/03/15 13:28:30 [INFO]: New exposure time set to 1.0 s.
2023/03/15 13:28:32 [INFO]: Adding spectrum...
2023/03/15 13:28:32 [INFO]: Editing data file C:\Users\sparta-alpha\SPARTA\Chris\2023-03-15\PLGA_DMSO_1SECEXP\measurement.csv.
2023/03/15 13:28:32 [INFO]: Appending data to file C:\Users\sparta-alpha\SPARTA\Chris\2023-03-15\PLGA_DMSO_1SECEXP\measurement.csv.
2023/03/15 13:28:33 [INFO]: Plots updated with new data.
2023/03/15 13:28:33 [INFO]: Spectrum saved!
2023/03/15 13:28:33 [INFO]: Data added!
2023/03/15 13:28:33 [INFO]: Total acquisitions = 29/100.0
2023/03/15 13:28:33 [INFO]: Successful acquisitions = 29
2023/03/15 13:28:33 [INFO]: New exposure time set to 1.0 s.
2023/03/15 13:28:34 [INFO]: Trapping successful at iteration num: 1
2023/03/15 13:28:34 [INFO]: New exposure time set to 1.0 s.
2023/03/15 13:28:36 [INFO]: Adding spectrum...
2023/03/15 13:28:36 [INFO]: Editing data file C:\Users\sparta-alpha\SPARTA\Chris\2023-03-15\PLGA_DMSO_1SECEXP\measurement.csv.
2023/03/15 13:28:36 [INFO]: Appending data to file C:\Users\sparta-alpha\SPARTA\Chris\2023-03-15\PLGA_DMSO_1SECEXP\measurement.csv.
2023/03/15 13:28:36 [INFO]: Plots updated with new data.
2023/03/15 13:28:36 [INFO]: Spectrum saved!
2023/03/15 13:28:36 [INFO]: Data added!
2023/03/15 13:28:36 [INFO]: Total acquisitions = 30/100.0
2023/03/15 13:28:36 [INFO]: Successful acquisitions = 30
2023/03/15 13:28:36 [INFO]: New exposure time set to 1.0 s.
2023/03/15 13:28:38 [INFO]: Trapping successful at iteration num: 1
2023/03/15 13:28:38 [INFO]: New exposure time set to 1.0 s.
2023/03/15 13:28:40 [INFO]: Adding spectrum...
2023/03/15 13:28:40 [INFO]: Editing data file C:\Users\sparta-alpha\SPARTA\Chris\2023-03-15\PLGA_DMSO_1SECEXP\measurement.csv.
2023/03/15 13:28:40 [INFO]: Appending data to file C:\Users\sparta-alpha\SPARTA\Chris\2023-03-15\PLGA_DMSO_1SECEXP\measurement.csv.
2023/03/15 13:28:40 [INFO]: Plots updated with new data.
2023/03/15 13:28:40 [INFO]: Spectrum saved!
2023/03/15 13:28:40 [INFO]: Data added!
2023/03/15 13:28:40 [INFO]: Total acquisitions = 31/100.0
2023/03/15 13:28:40 [INFO]: Successful acquisitions = 31
2023/03/15 13:28:40 [INFO]: New exposure time set to 1.0 s.
2023/03/15 13:28:41 [INFO]: Trapping successful at iteration num: 1
2023/03/15 13:28:41 [INFO]: New exposure time set to 1.0 s.
2023/03/15 13:28:44 [INFO]: Adding spectrum...
2023/03/15 13:28:44 [INFO]: Editing data file C:\Users\sparta-alpha\SPARTA\Chris\2023-03-15\PLGA_DMSO_1SECEXP\measurement.csv.
2023/03/15 13:28:44 [INFO]: Appending data to file C:\Users\sparta-alpha\SPARTA\Chris\2023-03-15\PLGA_DMSO_1SECEXP\measurement.csv.
2023/03/15 13:28:44 [INFO]: Plots updated with new data.
2023/03/15 13:28:44 [INFO]: Spectrum saved!
2023/03/15 13:28:44 [INFO]: Data added!
2023/03/15 13:28:44 [INFO]: Total acquisitions = 32/100.0
2023/03/15 13:28:44 [INFO]: Successful acquisitions = 32
2023/03/15 13:28:44 [INFO]: New exposure time set to 1.0 s.
2023/03/15 13:28:55 [INFO]: Trapping successful at iteration num: 8
2023/03/15 13:28:55 [INFO]: New exposure time set to 1.0 s.
2023/03/15 13:28:57 [INFO]: Adding spectrum...
2023/03/15 13:28:57 [INFO]: Editing data file C:\Users\sparta-alpha\SPARTA\Chris\2023-03-15\PLGA_DMSO_1SECEXP\measurement.csv.
2023/03/15 13:28:57 [INFO]: Appending data to file C:\Users\sparta-alpha\SPARTA\Chris\2023-03-15\PLGA_DMSO_1SECEXP\measurement.csv.
2023/03/15 13:28:57 [INFO]: Plots updated with new data.
2023/03/15 13:28:57 [INFO]: Spectrum saved!
2023/03/15 13:28:57 [INFO]: Data added!
2023/03/15 13:28:57 [INFO]: Total acquisitions = 33/100.0
2023/03/15 13:28:57 [INFO]: Successful acquisitions = 33
2023/03/15 13:28:57 [INFO]: New exposure time set to 1.0 s.
2023/03/15 13:28:59 [INFO]: Trapping successful at iteration num: 1
2023/03/15 13:28:59 [INFO]: New exposure time set to 1.0 s.
2023/03/15 13:29:01 [INFO]: Adding spectrum...
2023/03/15 13:29:01 [INFO]: Editing data file C:\Users\sparta-alpha\SPARTA\Chris\2023-03-15\PLGA_DMSO_1SECEXP\measurement.csv.
2023/03/15 13:29:01 [INFO]: Appending data to file C:\Users\sparta-alpha\SPARTA\Chris\2023-03-15\PLGA_DMSO_1SECEXP\measurement.csv.
2023/03/15 13:29:01 [INFO]: Plots updated with new data.
2023/03/15 13:29:01 [INFO]: Spectrum saved!
2023/03/15 13:29:01 [INFO]: Data added!
2023/03/15 13:29:01 [INFO]: Total acquisitions = 34/100.0
2023/03/15 13:29:01 [INFO]: Successful acquisitions = 34
2023/03/15 13:29:01 [INFO]: New exposure time set to 1.0 s.
2023/03/15 13:29:02 [INFO]: Trapping successful at iteration num: 1
2023/03/15 13:29:02 [INFO]: New exposure time set to 1.0 s.
2023/03/15 13:29:05 [INFO]: Adding spectrum...
2023/03/15 13:29:05 [INFO]: Editing data file C:\Users\sparta-alpha\SPARTA\Chris\2023-03-15\PLGA_DMSO_1SECEXP\measurement.csv.
2023/03/15 13:29:05 [INFO]: Appending data to file C:\Users\sparta-alpha\SPARTA\Chris\2023-03-15\PLGA_DMSO_1SECEXP\measurement.csv.
2023/03/15 13:29:05 [INFO]: Plots updated with new data.
2023/03/15 13:29:05 [INFO]: Spectrum saved!
2023/03/15 13:29:05 [INFO]: Data added!
2023/03/15 13:29:05 [INFO]: Total acquisitions = 35/100.0
2023/03/15 13:29:05 [INFO]: Successful acquisitions = 35
2023/03/15 13:29:05 [INFO]: New exposure time set to 1.0 s.
2023/03/15 13:29:06 [INFO]: Trapping successful at iteration num: 1
2023/03/15 13:29:06 [INFO]: New exposure time set to 1.0 s.
2023/03/15 13:29:08 [INFO]: Adding spectrum...
2023/03/15 13:29:08 [INFO]: Editing data file C:\Users\sparta-alpha\SPARTA\Chris\2023-03-15\PLGA_DMSO_1SECEXP\measurement.csv.
2023/03/15 13:29:08 [INFO]: Appending data to file C:\Users\sparta-alpha\SPARTA\Chris\2023-03-15\PLGA_DMSO_1SECEXP\measurement.csv.
2023/03/15 13:29:08 [INFO]: Plots updated with new data.
2023/03/15 13:29:08 [INFO]: Spectrum saved!
2023/03/15 13:29:08 [INFO]: Data added!
2023/03/15 13:29:08 [INFO]: Total acquisitions = 36/100.0
2023/03/15 13:29:08 [INFO]: Successful acquisitions = 36
2023/03/15 13:29:08 [INFO]: New exposure time set to 1.0 s.
2023/03/15 13:29:15 [INFO]: Trapping successful at iteration num: 5
2023/03/15 13:29:15 [INFO]: New exposure time set to 1.0 s.
2023/03/15 13:29:17 [INFO]: Adding spectrum...
2023/03/15 13:29:17 [INFO]: Editing data file C:\Users\sparta-alpha\SPARTA\Chris\2023-03-15\PLGA_DMSO_1SECEXP\measurement.csv.
2023/03/15 13:29:17 [INFO]: Appending data to file C:\Users\sparta-alpha\SPARTA\Chris\2023-03-15\PLGA_DMSO_1SECEXP\measurement.csv.
2023/03/15 13:29:17 [INFO]: Plots updated with new data.
2023/03/15 13:29:17 [INFO]: Spectrum saved!
2023/03/15 13:29:17 [INFO]: Data added!
2023/03/15 13:29:17 [INFO]: Total acquisitions = 37/100.0
2023/03/15 13:29:17 [INFO]: Successful acquisitions = 37
2023/03/15 13:29:17 [INFO]: New exposure time set to 1.0 s.
2023/03/15 13:29:23 [INFO]: Trapping successful at iteration num: 4
2023/03/15 13:29:23 [INFO]: New exposure time set to 1.0 s.
2023/03/15 13:29:25 [INFO]: Adding spectrum...
2023/03/15 13:29:25 [INFO]: Editing data file C:\Users\sparta-alpha\SPARTA\Chris\2023-03-15\PLGA_DMSO_1SECEXP\measurement.csv.
2023/03/15 13:29:25 [INFO]: Appending data to file C:\Users\sparta-alpha\SPARTA\Chris\2023-03-15\PLGA_DMSO_1SECEXP\measurement.csv.
2023/03/15 13:29:25 [INFO]: Plots updated with new data.
2023/03/15 13:29:25 [INFO]: Spectrum saved!
2023/03/15 13:29:25 [INFO]: Data added!
2023/03/15 13:29:25 [INFO]: Total acquisitions = 38/100.0
2023/03/15 13:29:25 [INFO]: Successful acquisitions = 38
2023/03/15 13:29:25 [INFO]: New exposure time set to 1.0 s.
2023/03/15 13:29:26 [INFO]: Trapping successful at iteration num: 1
2023/03/15 13:29:26 [INFO]: New exposure time set to 1.0 s.
2023/03/15 13:29:29 [INFO]: Adding spectrum...
2023/03/15 13:29:29 [INFO]: Editing data file C:\Users\sparta-alpha\SPARTA\Chris\2023-03-15\PLGA_DMSO_1SECEXP\measurement.csv.
2023/03/15 13:29:29 [INFO]: Appending data to file C:\Users\sparta-alpha\SPARTA\Chris\2023-03-15\PLGA_DMSO_1SECEXP\measurement.csv.
2023/03/15 13:29:29 [INFO]: Plots updated with new data.
2023/03/15 13:29:29 [INFO]: Spectrum saved!
2023/03/15 13:29:29 [INFO]: Data added!
2023/03/15 13:29:29 [INFO]: Total acquisitions = 39/100.0
2023/03/15 13:29:29 [INFO]: Successful acquisitions = 39
2023/03/15 13:29:29 [INFO]: New exposure time set to 1.0 s.
2023/03/15 13:29:35 [INFO]: Trapping successful at iteration num: 5
2023/03/15 13:29:35 [INFO]: New exposure time set to 1.0 s.
2023/03/15 13:29:37 [INFO]: Adding spectrum...
2023/03/15 13:29:37 [INFO]: Editing data file C:\Users\sparta-alpha\SPARTA\Chris\2023-03-15\PLGA_DMSO_1SECEXP\measurement.csv.
2023/03/15 13:29:37 [INFO]: Appending data to file C:\Users\sparta-alpha\SPARTA\Chris\2023-03-15\PLGA_DMSO_1SECEXP\measurement.csv.
2023/03/15 13:29:37 [INFO]: Plots updated with new data.
2023/03/15 13:29:37 [INFO]: Spectrum saved!
2023/03/15 13:29:37 [INFO]: Data added!
2023/03/15 13:29:37 [INFO]: Total acquisitions = 40/100.0
2023/03/15 13:29:37 [INFO]: Successful acquisitions = 40
2023/03/15 13:29:37 [INFO]: New exposure time set to 1.0 s.
2023/03/15 13:29:39 [INFO]: Trapping successful at iteration num: 1
2023/03/15 13:29:39 [INFO]: New exposure time set to 1.0 s.
2023/03/15 13:29:41 [INFO]: Adding spectrum...
2023/03/15 13:29:41 [INFO]: Editing data file C:\Users\sparta-alpha\SPARTA\Chris\2023-03-15\PLGA_DMSO_1SECEXP\measurement.csv.
2023/03/15 13:29:41 [INFO]: Appending data to file C:\Users\sparta-alpha\SPARTA\Chris\2023-03-15\PLGA_DMSO_1SECEXP\measurement.csv.
2023/03/15 13:29:41 [INFO]: Plots updated with new data.
2023/03/15 13:29:41 [INFO]: Spectrum saved!
2023/03/15 13:29:41 [INFO]: Data added!
2023/03/15 13:29:41 [INFO]: Total acquisitions = 41/100.0
2023/03/15 13:29:41 [INFO]: Successful acquisitions = 41
2023/03/15 13:29:41 [INFO]: New exposure time set to 1.0 s.
2023/03/15 13:29:42 [INFO]: Trapping successful at iteration num: 1
2023/03/15 13:29:42 [INFO]: New exposure time set to 1.0 s.
2023/03/15 13:29:45 [INFO]: Adding spectrum...
2023/03/15 13:29:45 [INFO]: Editing data file C:\Users\sparta-alpha\SPARTA\Chris\2023-03-15\PLGA_DMSO_1SECEXP\measurement.csv.
2023/03/15 13:29:45 [INFO]: Appending data to file C:\Users\sparta-alpha\SPARTA\Chris\2023-03-15\PLGA_DMSO_1SECEXP\measurement.csv.
2023/03/15 13:29:45 [INFO]: Plots updated with new data.
2023/03/15 13:29:45 [INFO]: Spectrum saved!
2023/03/15 13:29:45 [INFO]: Data added!
2023/03/15 13:29:45 [INFO]: Total acquisitions = 42/100.0
2023/03/15 13:29:45 [INFO]: Successful acquisitions = 42
2023/03/15 13:29:45 [INFO]: New exposure time set to 1.0 s.
2023/03/15 13:29:50 [INFO]: Trapping successful at iteration num: 4
2023/03/15 13:29:50 [INFO]: New exposure time set to 1.0 s.
2023/03/15 13:29:52 [INFO]: Adding spectrum...
2023/03/15 13:29:52 [INFO]: Editing data file C:\Users\sparta-alpha\SPARTA\Chris\2023-03-15\PLGA_DMSO_1SECEXP\measurement.csv.
2023/03/15 13:29:52 [INFO]: Appending data to file C:\Users\sparta-alpha\SPARTA\Chris\2023-03-15\PLGA_DMSO_1SECEXP\measurement.csv.
2023/03/15 13:29:52 [INFO]: Plots updated with new data.
2023/03/15 13:29:52 [INFO]: Spectrum saved!
2023/03/15 13:29:52 [INFO]: Data added!
2023/03/15 13:29:52 [INFO]: Total acquisitions = 43/100.0
2023/03/15 13:29:52 [INFO]: Successful acquisitions = 43
2023/03/15 13:29:52 [INFO]: New exposure time set to 1.0 s.
2023/03/15 13:29:56 [INFO]: Trapping successful at iteration num: 3
2023/03/15 13:29:56 [INFO]: New exposure time set to 1.0 s.
2023/03/15 13:29:59 [INFO]: Adding spectrum...
2023/03/15 13:29:59 [INFO]: Editing data file C:\Users\sparta-alpha\SPARTA\Chris\2023-03-15\PLGA_DMSO_1SECEXP\measurement.csv.
2023/03/15 13:29:59 [INFO]: Appending data to file C:\Users\sparta-alpha\SPARTA\Chris\2023-03-15\PLGA_DMSO_1SECEXP\measurement.csv.
2023/03/15 13:29:59 [INFO]: Plots updated with new data.
2023/03/15 13:29:59 [INFO]: Spectrum saved!
2023/03/15 13:29:59 [INFO]: Data added!
2023/03/15 13:29:59 [INFO]: Total acquisitions = 44/100.0
2023/03/15 13:29:59 [INFO]: Successful acquisitions = 44
2023/03/15 13:29:59 [INFO]: New exposure time set to 1.0 s.
2023/03/15 13:30:05 [INFO]: Trapping successful at iteration num: 5
2023/03/15 13:30:05 [INFO]: New exposure time set to 1.0 s.
2023/03/15 13:30:07 [INFO]: Adding spectrum...
2023/03/15 13:30:07 [INFO]: Editing data file C:\Users\sparta-alpha\SPARTA\Chris\2023-03-15\PLGA_DMSO_1SECEXP\measurement.csv.
2023/03/15 13:30:07 [INFO]: Appending data to file C:\Users\sparta-alpha\SPARTA\Chris\2023-03-15\PLGA_DMSO_1SECEXP\measurement.csv.
2023/03/15 13:30:07 [INFO]: Plots updated with new data.
2023/03/15 13:30:07 [INFO]: Spectrum saved!
2023/03/15 13:30:07 [INFO]: Data added!
2023/03/15 13:30:07 [INFO]: Total acquisitions = 45/100.0
2023/03/15 13:30:07 [INFO]: Successful acquisitions = 45
2023/03/15 13:30:07 [INFO]: New exposure time set to 1.0 s.
2023/03/15 13:30:10 [INFO]: Trapping successful at iteration num: 2
2023/03/15 13:30:10 [INFO]: New exposure time set to 1.0 s.
2023/03/15 13:30:12 [INFO]: Adding spectrum...
2023/03/15 13:30:12 [INFO]: Editing data file C:\Users\sparta-alpha\SPARTA\Chris\2023-03-15\PLGA_DMSO_1SECEXP\measurement.csv.
2023/03/15 13:30:12 [INFO]: Appending data to file C:\Users\sparta-alpha\SPARTA\Chris\2023-03-15\PLGA_DMSO_1SECEXP\measurement.csv.
2023/03/15 13:30:12 [INFO]: Plots updated with new data.
2023/03/15 13:30:12 [INFO]: Spectrum saved!
2023/03/15 13:30:12 [INFO]: Data added!
2023/03/15 13:30:12 [INFO]: Total acquisitions = 46/100.0
2023/03/15 13:30:12 [INFO]: Successful acquisitions = 46
2023/03/15 13:30:12 [INFO]: New exposure time set to 1.0 s.
2023/03/15 13:30:14 [INFO]: Trapping successful at iteration num: 1
2023/03/15 13:30:14 [INFO]: New exposure time set to 1.0 s.
2023/03/15 13:30:16 [INFO]: Adding spectrum...
2023/03/15 13:30:16 [INFO]: Editing data file C:\Users\sparta-alpha\SPARTA\Chris\2023-03-15\PLGA_DMSO_1SECEXP\measurement.csv.
2023/03/15 13:30:16 [INFO]: Appending data to file C:\Users\sparta-alpha\SPARTA\Chris\2023-03-15\PLGA_DMSO_1SECEXP\measurement.csv.
2023/03/15 13:30:16 [INFO]: Plots updated with new data.
2023/03/15 13:30:16 [INFO]: Spectrum saved!
2023/03/15 13:30:16 [INFO]: Data added!
2023/03/15 13:30:16 [INFO]: Total acquisitions = 47/100.0
2023/03/15 13:30:16 [INFO]: Successful acquisitions = 47
2023/03/15 13:30:16 [INFO]: New exposure time set to 1.0 s.
2023/03/15 13:30:20 [INFO]: Trapping successful at iteration num: 3
2023/03/15 13:30:20 [INFO]: New exposure time set to 1.0 s.
2023/03/15 13:30:22 [INFO]: Adding spectrum...
2023/03/15 13:30:22 [INFO]: Editing data file C:\Users\sparta-alpha\SPARTA\Chris\2023-03-15\PLGA_DMSO_1SECEXP\measurement.csv.
2023/03/15 13:30:22 [INFO]: Appending data to file C:\Users\sparta-alpha\SPARTA\Chris\2023-03-15\PLGA_DMSO_1SECEXP\measurement.csv.
2023/03/15 13:30:22 [INFO]: Plots updated with new data.
2023/03/15 13:30:22 [INFO]: Spectrum saved!
2023/03/15 13:30:22 [INFO]: Data added!
2023/03/15 13:30:22 [INFO]: Total acquisitions = 48/100.0
2023/03/15 13:30:22 [INFO]: Successful acquisitions = 48
2023/03/15 13:30:22 [INFO]: New exposure time set to 1.0 s.
2023/03/15 13:30:24 [INFO]: Trapping successful at iteration num: 1
2023/03/15 13:30:24 [INFO]: New exposure time set to 1.0 s.
2023/03/15 13:30:26 [INFO]: Adding spectrum...
2023/03/15 13:30:26 [INFO]: Editing data file C:\Users\sparta-alpha\SPARTA\Chris\2023-03-15\PLGA_DMSO_1SECEXP\measurement.csv.
2023/03/15 13:30:26 [INFO]: Appending data to file C:\Users\sparta-alpha\SPARTA\Chris\2023-03-15\PLGA_DMSO_1SECEXP\measurement.csv.
2023/03/15 13:30:26 [INFO]: Plots updated with new data.
2023/03/15 13:30:26 [INFO]: Spectrum saved!
2023/03/15 13:30:26 [INFO]: Data added!
2023/03/15 13:30:26 [INFO]: Total acquisitions = 49/100.0
2023/03/15 13:30:26 [INFO]: Successful acquisitions = 49
2023/03/15 13:30:26 [INFO]: New exposure time set to 1.0 s.
2023/03/15 13:30:27 [INFO]: Trapping successful at iteration num: 1
2023/03/15 13:30:27 [INFO]: New exposure time set to 1.0 s.
2023/03/15 13:30:30 [INFO]: Adding spectrum...
2023/03/15 13:30:30 [INFO]: Editing data file C:\Users\sparta-alpha\SPARTA\Chris\2023-03-15\PLGA_DMSO_1SECEXP\measurement.csv.
2023/03/15 13:30:30 [INFO]: Appending data to file C:\Users\sparta-alpha\SPARTA\Chris\2023-03-15\PLGA_DMSO_1SECEXP\measurement.csv.
2023/03/15 13:30:30 [INFO]: Plots updated with new data.
2023/03/15 13:30:30 [INFO]: Spectrum saved!
2023/03/15 13:30:30 [INFO]: Data added!
2023/03/15 13:30:30 [INFO]: Total acquisitions = 50/100.0
2023/03/15 13:30:30 [INFO]: Successful acquisitions = 50
2023/03/15 13:30:30 [INFO]: New exposure time set to 1.0 s.
2023/03/15 13:30:32 [INFO]: Trapping successful at iteration num: 2
2023/03/15 13:30:32 [INFO]: New exposure time set to 1.0 s.
2023/03/15 13:30:35 [INFO]: Adding spectrum...
2023/03/15 13:30:35 [INFO]: Editing data file C:\Users\sparta-alpha\SPARTA\Chris\2023-03-15\PLGA_DMSO_1SECEXP\measurement.csv.
2023/03/15 13:30:35 [INFO]: Appending data to file C:\Users\sparta-alpha\SPARTA\Chris\2023-03-15\PLGA_DMSO_1SECEXP\measurement.csv.
2023/03/15 13:30:35 [INFO]: Plots updated with new data.
2023/03/15 13:30:35 [INFO]: Spectrum saved!
2023/03/15 13:30:35 [INFO]: Data added!
2023/03/15 13:30:35 [INFO]: Total acquisitions = 51/100.0
2023/03/15 13:30:35 [INFO]: Successful acquisitions = 51
2023/03/15 13:30:35 [INFO]: New exposure time set to 1.0 s.
2023/03/15 13:30:46 [INFO]: Trapping successful at iteration num: 9
2023/03/15 13:30:46 [INFO]: New exposure time set to 1.0 s.
2023/03/15 13:30:49 [INFO]: Adding spectrum...
2023/03/15 13:30:49 [INFO]: Editing data file C:\Users\sparta-alpha\SPARTA\Chris\2023-03-15\PLGA_DMSO_1SECEXP\measurement.csv.
2023/03/15 13:30:49 [INFO]: Appending data to file C:\Users\sparta-alpha\SPARTA\Chris\2023-03-15\PLGA_DMSO_1SECEXP\measurement.csv.
2023/03/15 13:30:49 [INFO]: Plots updated with new data.
2023/03/15 13:30:49 [INFO]: Spectrum saved!
2023/03/15 13:30:49 [INFO]: Data added!
2023/03/15 13:30:49 [INFO]: Total acquisitions = 52/100.0
2023/03/15 13:30:49 [INFO]: Successful acquisitions = 52
2023/03/15 13:30:49 [INFO]: New exposure time set to 1.0 s.
2023/03/15 13:30:51 [INFO]: Trapping successful at iteration num: 2
2023/03/15 13:30:51 [INFO]: New exposure time set to 1.0 s.
2023/03/15 13:30:54 [INFO]: Adding spectrum...
2023/03/15 13:30:54 [INFO]: Editing data file C:\Users\sparta-alpha\SPARTA\Chris\2023-03-15\PLGA_DMSO_1SECEXP\measurement.csv.
2023/03/15 13:30:54 [INFO]: Appending data to file C:\Users\sparta-alpha\SPARTA\Chris\2023-03-15\PLGA_DMSO_1SECEXP\measurement.csv.
2023/03/15 13:30:54 [INFO]: Plots updated with new data.
2023/03/15 13:30:54 [INFO]: Spectrum saved!
2023/03/15 13:30:54 [INFO]: Data added!
2023/03/15 13:30:54 [INFO]: Total acquisitions = 53/100.0
2023/03/15 13:30:54 [INFO]: Successful acquisitions = 53
2023/03/15 13:30:54 [INFO]: New exposure time set to 1.0 s.
2023/03/15 13:31:01 [INFO]: Trapping successful at iteration num: 6
2023/03/15 13:31:01 [INFO]: New exposure time set to 1.0 s.
2023/03/15 13:31:04 [INFO]: Adding spectrum...
2023/03/15 13:31:04 [INFO]: Editing data file C:\Users\sparta-alpha\SPARTA\Chris\2023-03-15\PLGA_DMSO_1SECEXP\measurement.csv.
2023/03/15 13:31:04 [INFO]: Appending data to file C:\Users\sparta-alpha\SPARTA\Chris\2023-03-15\PLGA_DMSO_1SECEXP\measurement.csv.
2023/03/15 13:31:04 [INFO]: Plots updated with new data.
2023/03/15 13:31:04 [INFO]: Spectrum saved!
2023/03/15 13:31:04 [INFO]: Data added!
2023/03/15 13:31:04 [INFO]: Total acquisitions = 54/100.0
2023/03/15 13:31:04 [INFO]: Successful acquisitions = 54
2023/03/15 13:31:04 [INFO]: New exposure time set to 1.0 s.
2023/03/15 13:31:05 [INFO]: Trapping successful at iteration num: 1
2023/03/15 13:31:05 [INFO]: New exposure time set to 1.0 s.
2023/03/15 13:31:07 [INFO]: Adding spectrum...
2023/03/15 13:31:07 [INFO]: Editing data file C:\Users\sparta-alpha\SPARTA\Chris\2023-03-15\PLGA_DMSO_1SECEXP\measurement.csv.
2023/03/15 13:31:07 [INFO]: Appending data to file C:\Users\sparta-alpha\SPARTA\Chris\2023-03-15\PLGA_DMSO_1SECEXP\measurement.csv.
2023/03/15 13:31:07 [INFO]: Plots updated with new data.
2023/03/15 13:31:07 [INFO]: Spectrum saved!
2023/03/15 13:31:07 [INFO]: Data added!
2023/03/15 13:31:07 [INFO]: Total acquisitions = 55/100.0
2023/03/15 13:31:07 [INFO]: Successful acquisitions = 55
2023/03/15 13:31:07 [INFO]: New exposure time set to 1.0 s.
2023/03/15 13:31:15 [INFO]: Trapping successful at iteration num: 6
2023/03/15 13:31:15 [INFO]: New exposure time set to 1.0 s.
2023/03/15 13:31:18 [INFO]: Adding spectrum...
2023/03/15 13:31:18 [INFO]: Editing data file C:\Users\sparta-alpha\SPARTA\Chris\2023-03-15\PLGA_DMSO_1SECEXP\measurement.csv.
2023/03/15 13:31:18 [INFO]: Appending data to file C:\Users\sparta-alpha\SPARTA\Chris\2023-03-15\PLGA_DMSO_1SECEXP\measurement.csv.
2023/03/15 13:31:18 [INFO]: Plots updated with new data.
2023/03/15 13:31:18 [INFO]: Spectrum saved!
2023/03/15 13:31:18 [INFO]: Data added!
2023/03/15 13:31:18 [INFO]: Total acquisitions = 56/100.0
2023/03/15 13:31:18 [INFO]: Successful acquisitions = 56
2023/03/15 13:31:18 [INFO]: New exposure time set to 1.0 s.
2023/03/15 13:31:19 [INFO]: Trapping successful at iteration num: 1
2023/03/15 13:31:19 [INFO]: New exposure time set to 1.0 s.
2023/03/15 13:31:21 [INFO]: Adding spectrum...
2023/03/15 13:31:21 [INFO]: Editing data file C:\Users\sparta-alpha\SPARTA\Chris\2023-03-15\PLGA_DMSO_1SECEXP\measurement.csv.
2023/03/15 13:31:21 [INFO]: Appending data to file C:\Users\sparta-alpha\SPARTA\Chris\2023-03-15\PLGA_DMSO_1SECEXP\measurement.csv.
2023/03/15 13:31:21 [INFO]: Plots updated with new data.
2023/03/15 13:31:21 [INFO]: Spectrum saved!
2023/03/15 13:31:21 [INFO]: Data added!
2023/03/15 13:31:21 [INFO]: Total acquisitions = 57/100.0
2023/03/15 13:31:21 [INFO]: Successful acquisitions = 57
2023/03/15 13:31:21 [INFO]: New exposure time set to 1.0 s.
2023/03/15 13:31:23 [INFO]: Trapping successful at iteration num: 1
2023/03/15 13:31:23 [INFO]: New exposure time set to 1.0 s.
2023/03/15 13:31:25 [INFO]: Adding spectrum...
2023/03/15 13:31:25 [INFO]: Editing data file C:\Users\sparta-alpha\SPARTA\Chris\2023-03-15\PLGA_DMSO_1SECEXP\measurement.csv.
2023/03/15 13:31:25 [INFO]: Appending data to file C:\Users\sparta-alpha\SPARTA\Chris\2023-03-15\PLGA_DMSO_1SECEXP\measurement.csv.
2023/03/15 13:31:25 [INFO]: Plots updated with new data.
2023/03/15 13:31:25 [INFO]: Spectrum saved!
2023/03/15 13:31:25 [INFO]: Data added!
2023/03/15 13:31:25 [INFO]: Total acquisitions = 58/100.0
2023/03/15 13:31:25 [INFO]: Successful acquisitions = 58
2023/03/15 13:31:25 [INFO]: New exposure time set to 1.0 s.
2023/03/15 13:31:34 [INFO]: Trapping successful at iteration num: 7
2023/03/15 13:31:34 [INFO]: New exposure time set to 1.0 s.
2023/03/15 13:31:36 [INFO]: Adding spectrum...
2023/03/15 13:31:36 [INFO]: Editing data file C:\Users\sparta-alpha\SPARTA\Chris\2023-03-15\PLGA_DMSO_1SECEXP\measurement.csv.
2023/03/15 13:31:36 [INFO]: Appending data to file C:\Users\sparta-alpha\SPARTA\Chris\2023-03-15\PLGA_DMSO_1SECEXP\measurement.csv.
2023/03/15 13:31:36 [INFO]: Plots updated with new data.
2023/03/15 13:31:36 [INFO]: Spectrum saved!
2023/03/15 13:31:36 [INFO]: Data added!
2023/03/15 13:31:36 [INFO]: Total acquisitions = 59/100.0
2023/03/15 13:31:36 [INFO]: Successful acquisitions = 59
2023/03/15 13:31:36 [INFO]: New exposure time set to 1.0 s.
2023/03/15 13:31:40 [INFO]: Trapping successful at iteration num: 3
2023/03/15 13:31:40 [INFO]: New exposure time set to 1.0 s.
2023/03/15 13:31:43 [INFO]: Adding spectrum...
2023/03/15 13:31:43 [INFO]: Editing data file C:\Users\sparta-alpha\SPARTA\Chris\2023-03-15\PLGA_DMSO_1SECEXP\measurement.csv.
2023/03/15 13:31:43 [INFO]: Appending data to file C:\Users\sparta-alpha\SPARTA\Chris\2023-03-15\PLGA_DMSO_1SECEXP\measurement.csv.
2023/03/15 13:31:43 [INFO]: Plots updated with new data.
2023/03/15 13:31:43 [INFO]: Spectrum saved!
2023/03/15 13:31:43 [INFO]: Data added!
2023/03/15 13:31:43 [INFO]: Total acquisitions = 60/100.0
2023/03/15 13:31:43 [INFO]: Successful acquisitions = 60
2023/03/15 13:31:43 [INFO]: New exposure time set to 1.0 s.
2023/03/15 13:31:45 [INFO]: Trapping successful at iteration num: 2
2023/03/15 13:31:45 [INFO]: New exposure time set to 1.0 s.
2023/03/15 13:31:48 [INFO]: Adding spectrum...
2023/03/15 13:31:48 [INFO]: Editing data file C:\Users\sparta-alpha\SPARTA\Chris\2023-03-15\PLGA_DMSO_1SECEXP\measurement.csv.
2023/03/15 13:31:48 [INFO]: Appending data to file C:\Users\sparta-alpha\SPARTA\Chris\2023-03-15\PLGA_DMSO_1SECEXP\measurement.csv.
2023/03/15 13:31:48 [INFO]: Plots updated with new data.
2023/03/15 13:31:48 [INFO]: Spectrum saved!
2023/03/15 13:31:48 [INFO]: Data added!
2023/03/15 13:31:48 [INFO]: Total acquisitions = 61/100.0
2023/03/15 13:31:48 [INFO]: Successful acquisitions = 61
2023/03/15 13:31:48 [INFO]: New exposure time set to 1.0 s.
2023/03/15 13:31:50 [INFO]: Trapping successful at iteration num: 2
2023/03/15 13:31:50 [INFO]: New exposure time set to 1.0 s.
2023/03/15 13:31:53 [INFO]: Adding spectrum...
2023/03/15 13:31:53 [INFO]: Editing data file C:\Users\sparta-alpha\SPARTA\Chris\2023-03-15\PLGA_DMSO_1SECEXP\measurement.csv.
2023/03/15 13:31:53 [INFO]: Appending data to file C:\Users\sparta-alpha\SPARTA\Chris\2023-03-15\PLGA_DMSO_1SECEXP\measurement.csv.
2023/03/15 13:31:53 [INFO]: Plots updated with new data.
2023/03/15 13:31:53 [INFO]: Spectrum saved!
2023/03/15 13:31:53 [INFO]: Data added!
2023/03/15 13:31:53 [INFO]: Total acquisitions = 62/100.0
2023/03/15 13:31:53 [INFO]: Successful acquisitions = 62
2023/03/15 13:31:53 [INFO]: New exposure time set to 1.0 s.
2023/03/15 13:31:58 [INFO]: Trapping successful at iteration num: 4
2023/03/15 13:31:58 [INFO]: New exposure time set to 1.0 s.
2023/03/15 13:32:00 [INFO]: Adding spectrum...
2023/03/15 13:32:00 [INFO]: Editing data file C:\Users\sparta-alpha\SPARTA\Chris\2023-03-15\PLGA_DMSO_1SECEXP\measurement.csv.
2023/03/15 13:32:00 [INFO]: Appending data to file C:\Users\sparta-alpha\SPARTA\Chris\2023-03-15\PLGA_DMSO_1SECEXP\measurement.csv.
2023/03/15 13:32:00 [INFO]: Plots updated with new data.
2023/03/15 13:32:00 [INFO]: Spectrum saved!
2023/03/15 13:32:00 [INFO]: Data added!
2023/03/15 13:32:00 [INFO]: Total acquisitions = 63/100.0
2023/03/15 13:32:00 [INFO]: Successful acquisitions = 63
2023/03/15 13:32:00 [INFO]: New exposure time set to 1.0 s.
2023/03/15 13:32:05 [INFO]: Trapping successful at iteration num: 4
2023/03/15 13:32:05 [INFO]: New exposure time set to 1.0 s.
2023/03/15 13:32:08 [INFO]: Adding spectrum...
2023/03/15 13:32:08 [INFO]: Editing data file C:\Users\sparta-alpha\SPARTA\Chris\2023-03-15\PLGA_DMSO_1SECEXP\measurement.csv.
2023/03/15 13:32:08 [INFO]: Appending data to file C:\Users\sparta-alpha\SPARTA\Chris\2023-03-15\PLGA_DMSO_1SECEXP\measurement.csv.
2023/03/15 13:32:08 [INFO]: Plots updated with new data.
2023/03/15 13:32:08 [INFO]: Spectrum saved!
2023/03/15 13:32:08 [INFO]: Data added!
2023/03/15 13:32:08 [INFO]: Total acquisitions = 64/100.0
2023/03/15 13:32:08 [INFO]: Successful acquisitions = 64
2023/03/15 13:32:08 [INFO]: New exposure time set to 1.0 s.
2023/03/15 13:32:17 [INFO]: Trapping successful at iteration num: 7
2023/03/15 13:32:17 [INFO]: New exposure time set to 1.0 s.
2023/03/15 13:32:19 [INFO]: Adding spectrum...
2023/03/15 13:32:19 [INFO]: Editing data file C:\Users\sparta-alpha\SPARTA\Chris\2023-03-15\PLGA_DMSO_1SECEXP\measurement.csv.
2023/03/15 13:32:19 [INFO]: Appending data to file C:\Users\sparta-alpha\SPARTA\Chris\2023-03-15\PLGA_DMSO_1SECEXP\measurement.csv.
2023/03/15 13:32:19 [INFO]: Plots updated with new data.
2023/03/15 13:32:19 [INFO]: Spectrum saved!
2023/03/15 13:32:19 [INFO]: Data added!
2023/03/15 13:32:19 [INFO]: Total acquisitions = 65/100.0
2023/03/15 13:32:19 [INFO]: Successful acquisitions = 65
2023/03/15 13:32:19 [INFO]: New exposure time set to 1.0 s.
2023/03/15 13:32:21 [INFO]: Trapping successful at iteration num: 1
2023/03/15 13:32:21 [INFO]: New exposure time set to 1.0 s.
2023/03/15 13:32:23 [INFO]: Adding spectrum...
2023/03/15 13:32:23 [INFO]: Editing data file C:\Users\sparta-alpha\SPARTA\Chris\2023-03-15\PLGA_DMSO_1SECEXP\measurement.csv.
2023/03/15 13:32:23 [INFO]: Appending data to file C:\Users\sparta-alpha\SPARTA\Chris\2023-03-15\PLGA_DMSO_1SECEXP\measurement.csv.
2023/03/15 13:32:23 [INFO]: Plots updated with new data.
2023/03/15 13:32:23 [INFO]: Spectrum saved!
2023/03/15 13:32:23 [INFO]: Data added!
2023/03/15 13:32:23 [INFO]: Total acquisitions = 66/100.0
2023/03/15 13:32:23 [INFO]: Successful acquisitions = 66
2023/03/15 13:32:23 [INFO]: New exposure time set to 1.0 s.
2023/03/15 13:32:37 [INFO]: No data found.
2023/03/15 13:32:37 [INFO]: Total acquisitions = 67/100.0
2023/03/15 13:32:37 [INFO]: Successful acquisitions = 66
2023/03/15 13:32:37 [INFO]: New exposure time set to 1.0 s.
2023/03/15 13:32:41 [INFO]: Trapping successful at iteration num: 3
2023/03/15 13:32:41 [INFO]: New exposure time set to 1.0 s.
2023/03/15 13:32:43 [INFO]: Adding spectrum...
2023/03/15 13:32:43 [INFO]: Editing data file C:\Users\sparta-alpha\SPARTA\Chris\2023-03-15\PLGA_DMSO_1SECEXP\measurement.csv.
2023/03/15 13:32:43 [INFO]: Appending data to file C:\Users\sparta-alpha\SPARTA\Chris\2023-03-15\PLGA_DMSO_1SECEXP\measurement.csv.
2023/03/15 13:32:43 [INFO]: Plots updated with new data.
2023/03/15 13:32:43 [INFO]: Spectrum saved!
2023/03/15 13:32:43 [INFO]: Data added!
2023/03/15 13:32:43 [INFO]: Total acquisitions = 68/100.0
2023/03/15 13:32:43 [INFO]: Successful acquisitions = 67
2023/03/15 13:32:43 [INFO]: New exposure time set to 1.0 s.
2023/03/15 13:32:50 [INFO]: Trapping successful at iteration num: 5
2023/03/15 13:32:50 [INFO]: New exposure time set to 1.0 s.
2023/03/15 13:32:52 [INFO]: Adding spectrum...
2023/03/15 13:32:52 [INFO]: Editing data file C:\Users\sparta-alpha\SPARTA\Chris\2023-03-15\PLGA_DMSO_1SECEXP\measurement.csv.
2023/03/15 13:32:52 [INFO]: Appending data to file C:\Users\sparta-alpha\SPARTA\Chris\2023-03-15\PLGA_DMSO_1SECEXP\measurement.csv.
2023/03/15 13:32:52 [INFO]: Plots updated with new data.
2023/03/15 13:32:52 [INFO]: Spectrum saved!
2023/03/15 13:32:52 [INFO]: Data added!
2023/03/15 13:32:52 [INFO]: Total acquisitions = 69/100.0
2023/03/15 13:32:52 [INFO]: Successful acquisitions = 68
2023/03/15 13:32:52 [INFO]: New exposure time set to 1.0 s.
2023/03/15 13:32:55 [INFO]: Trapping successful at iteration num: 2
2023/03/15 13:32:55 [INFO]: New exposure time set to 1.0 s.
2023/03/15 13:32:57 [INFO]: Adding spectrum...
2023/03/15 13:32:57 [INFO]: Editing data file C:\Users\sparta-alpha\SPARTA\Chris\2023-03-15\PLGA_DMSO_1SECEXP\measurement.csv.
2023/03/15 13:32:57 [INFO]: Appending data to file C:\Users\sparta-alpha\SPARTA\Chris\2023-03-15\PLGA_DMSO_1SECEXP\measurement.csv.
2023/03/15 13:32:57 [INFO]: Plots updated with new data.
2023/03/15 13:32:57 [INFO]: Spectrum saved!
2023/03/15 13:32:57 [INFO]: Data added!
2023/03/15 13:32:57 [INFO]: Total acquisitions = 70/100.0
2023/03/15 13:32:57 [INFO]: Successful acquisitions = 69
2023/03/15 13:32:57 [INFO]: New exposure time set to 1.0 s.
2023/03/15 13:33:02 [INFO]: Trapping successful at iteration num: 4
2023/03/15 13:33:02 [INFO]: New exposure time set to 1.0 s.
2023/03/15 13:33:05 [INFO]: Adding spectrum...
2023/03/15 13:33:05 [INFO]: Editing data file C:\Users\sparta-alpha\SPARTA\Chris\2023-03-15\PLGA_DMSO_1SECEXP\measurement.csv.
2023/03/15 13:33:05 [INFO]: Appending data to file C:\Users\sparta-alpha\SPARTA\Chris\2023-03-15\PLGA_DMSO_1SECEXP\measurement.csv.
2023/03/15 13:33:05 [INFO]: Plots updated with new data.
2023/03/15 13:33:05 [INFO]: Spectrum saved!
2023/03/15 13:33:05 [INFO]: Data added!
2023/03/15 13:33:05 [INFO]: Total acquisitions = 71/100.0
2023/03/15 13:33:05 [INFO]: Successful acquisitions = 70
2023/03/15 13:33:05 [INFO]: New exposure time set to 1.0 s.
2023/03/15 13:33:11 [INFO]: Trapping successful at iteration num: 5
2023/03/15 13:33:11 [INFO]: New exposure time set to 1.0 s.
2023/03/15 13:33:13 [INFO]: Adding spectrum...
2023/03/15 13:33:13 [INFO]: Editing data file C:\Users\sparta-alpha\SPARTA\Chris\2023-03-15\PLGA_DMSO_1SECEXP\measurement.csv.
2023/03/15 13:33:13 [INFO]: Appending data to file C:\Users\sparta-alpha\SPARTA\Chris\2023-03-15\PLGA_DMSO_1SECEXP\measurement.csv.
2023/03/15 13:33:13 [INFO]: Plots updated with new data.
2023/03/15 13:33:13 [INFO]: Spectrum saved!
2023/03/15 13:33:13 [INFO]: Data added!
2023/03/15 13:33:13 [INFO]: Total acquisitions = 72/100.0
2023/03/15 13:33:13 [INFO]: Successful acquisitions = 71
2023/03/15 13:33:13 [INFO]: New exposure time set to 1.0 s.
2023/03/15 13:33:21 [INFO]: Trapping successful at iteration num: 6
2023/03/15 13:33:21 [INFO]: New exposure time set to 1.0 s.
2023/03/15 13:33:24 [INFO]: Adding spectrum...
2023/03/15 13:33:24 [INFO]: Editing data file C:\Users\sparta-alpha\SPARTA\Chris\2023-03-15\PLGA_DMSO_1SECEXP\measurement.csv.
2023/03/15 13:33:24 [INFO]: Appending data to file C:\Users\sparta-alpha\SPARTA\Chris\2023-03-15\PLGA_DMSO_1SECEXP\measurement.csv.
2023/03/15 13:33:24 [INFO]: Plots updated with new data.
2023/03/15 13:33:24 [INFO]: Spectrum saved!
2023/03/15 13:33:24 [INFO]: Data added!
2023/03/15 13:33:24 [INFO]: Total acquisitions = 73/100.0
2023/03/15 13:33:24 [INFO]: Successful acquisitions = 72
2023/03/15 13:33:24 [INFO]: New exposure time set to 1.0 s.
2023/03/15 13:33:26 [INFO]: Trapping successful at iteration num: 2
2023/03/15 13:33:26 [INFO]: New exposure time set to 1.0 s.
2023/03/15 13:33:29 [INFO]: Adding spectrum...
2023/03/15 13:33:29 [INFO]: Editing data file C:\Users\sparta-alpha\SPARTA\Chris\2023-03-15\PLGA_DMSO_1SECEXP\measurement.csv.
2023/03/15 13:33:29 [INFO]: Appending data to file C:\Users\sparta-alpha\SPARTA\Chris\2023-03-15\PLGA_DMSO_1SECEXP\measurement.csv.
2023/03/15 13:33:29 [INFO]: Plots updated with new data.
2023/03/15 13:33:29 [INFO]: Spectrum saved!
2023/03/15 13:33:29 [INFO]: Data added!
2023/03/15 13:33:29 [INFO]: Total acquisitions = 74/100.0
2023/03/15 13:33:29 [INFO]: Successful acquisitions = 73
2023/03/15 13:33:29 [INFO]: New exposure time set to 1.0 s.
2023/03/15 13:33:33 [INFO]: Trapping successful at iteration num: 3
2023/03/15 13:33:33 [INFO]: New exposure time set to 1.0 s.
2023/03/15 13:33:35 [INFO]: Adding spectrum...
2023/03/15 13:33:35 [INFO]: Editing data file C:\Users\sparta-alpha\SPARTA\Chris\2023-03-15\PLGA_DMSO_1SECEXP\measurement.csv.
2023/03/15 13:33:35 [INFO]: Appending data to file C:\Users\sparta-alpha\SPARTA\Chris\2023-03-15\PLGA_DMSO_1SECEXP\measurement.csv.
2023/03/15 13:33:35 [INFO]: Plots updated with new data.
2023/03/15 13:33:35 [INFO]: Spectrum saved!
2023/03/15 13:33:35 [INFO]: Data added!
2023/03/15 13:33:35 [INFO]: Total acquisitions = 75/100.0
2023/03/15 13:33:35 [INFO]: Successful acquisitions = 74
2023/03/15 13:33:35 [INFO]: New exposure time set to 1.0 s.
2023/03/15 13:33:39 [INFO]: Trapping successful at iteration num: 3
2023/03/15 13:33:39 [INFO]: New exposure time set to 1.0 s.
2023/03/15 13:33:41 [INFO]: Adding spectrum...
2023/03/15 13:33:41 [INFO]: Editing data file C:\Users\sparta-alpha\SPARTA\Chris\2023-03-15\PLGA_DMSO_1SECEXP\measurement.csv.
2023/03/15 13:33:41 [INFO]: Appending data to file C:\Users\sparta-alpha\SPARTA\Chris\2023-03-15\PLGA_DMSO_1SECEXP\measurement.csv.
2023/03/15 13:33:41 [INFO]: Plots updated with new data.
2023/03/15 13:33:41 [INFO]: Spectrum saved!
2023/03/15 13:33:41 [INFO]: Data added!
2023/03/15 13:33:41 [INFO]: Total acquisitions = 76/100.0
2023/03/15 13:33:41 [INFO]: Successful acquisitions = 75
2023/03/15 13:33:41 [INFO]: New exposure time set to 1.0 s.
2023/03/15 13:33:50 [INFO]: Trapping successful at iteration num: 7
2023/03/15 13:33:50 [INFO]: New exposure time set to 1.0 s.
2023/03/15 13:33:53 [INFO]: Adding spectrum...
2023/03/15 13:33:53 [INFO]: Editing data file C:\Users\sparta-alpha\SPARTA\Chris\2023-03-15\PLGA_DMSO_1SECEXP\measurement.csv.
2023/03/15 13:33:53 [INFO]: Appending data to file C:\Users\sparta-alpha\SPARTA\Chris\2023-03-15\PLGA_DMSO_1SECEXP\measurement.csv.
2023/03/15 13:33:53 [INFO]: Plots updated with new data.
2023/03/15 13:33:53 [INFO]: Spectrum saved!
2023/03/15 13:33:53 [INFO]: Data added!
2023/03/15 13:33:53 [INFO]: Total acquisitions = 77/100.0
2023/03/15 13:33:53 [INFO]: Successful acquisitions = 76
2023/03/15 13:33:53 [INFO]: New exposure time set to 1.0 s.
2023/03/15 13:33:57 [INFO]: Trapping successful at iteration num: 3
2023/03/15 13:33:57 [INFO]: New exposure time set to 1.0 s.
2023/03/15 13:33:59 [INFO]: Adding spectrum...
2023/03/15 13:33:59 [INFO]: Editing data file C:\Users\sparta-alpha\SPARTA\Chris\2023-03-15\PLGA_DMSO_1SECEXP\measurement.csv.
2023/03/15 13:33:59 [INFO]: Appending data to file C:\Users\sparta-alpha\SPARTA\Chris\2023-03-15\PLGA_DMSO_1SECEXP\measurement.csv.
2023/03/15 13:33:59 [INFO]: Plots updated with new data.
2023/03/15 13:33:59 [INFO]: Spectrum saved!
2023/03/15 13:33:59 [INFO]: Data added!
2023/03/15 13:33:59 [INFO]: Total acquisitions = 78/100.0
2023/03/15 13:33:59 [INFO]: Successful acquisitions = 77
2023/03/15 13:33:59 [INFO]: New exposure time set to 1.0 s.
2023/03/15 13:34:04 [INFO]: Trapping successful at iteration num: 4
2023/03/15 13:34:04 [INFO]: New exposure time set to 1.0 s.
2023/03/15 13:34:06 [INFO]: Adding spectrum...
2023/03/15 13:34:06 [INFO]: Editing data file C:\Users\sparta-alpha\SPARTA\Chris\2023-03-15\PLGA_DMSO_1SECEXP\measurement.csv.
2023/03/15 13:34:06 [INFO]: Appending data to file C:\Users\sparta-alpha\SPARTA\Chris\2023-03-15\PLGA_DMSO_1SECEXP\measurement.csv.
2023/03/15 13:34:06 [INFO]: Plots updated with new data.
2023/03/15 13:34:06 [INFO]: Spectrum saved!
2023/03/15 13:34:06 [INFO]: Data added!
2023/03/15 13:34:06 [INFO]: Total acquisitions = 79/100.0
2023/03/15 13:34:06 [INFO]: Successful acquisitions = 78
2023/03/15 13:34:06 [INFO]: New exposure time set to 1.0 s.
2023/03/15 13:34:08 [INFO]: Trapping successful at iteration num: 1
2023/03/15 13:34:08 [INFO]: New exposure time set to 1.0 s.
2023/03/15 13:34:10 [INFO]: Adding spectrum...
2023/03/15 13:34:10 [INFO]: Editing data file C:\Users\sparta-alpha\SPARTA\Chris\2023-03-15\PLGA_DMSO_1SECEXP\measurement.csv.
2023/03/15 13:34:10 [INFO]: Appending data to file C:\Users\sparta-alpha\SPARTA\Chris\2023-03-15\PLGA_DMSO_1SECEXP\measurement.csv.
2023/03/15 13:34:10 [INFO]: Plots updated with new data.
2023/03/15 13:34:10 [INFO]: Spectrum saved!
2023/03/15 13:34:10 [INFO]: Data added!
2023/03/15 13:34:10 [INFO]: Total acquisitions = 80/100.0
2023/03/15 13:34:10 [INFO]: Successful acquisitions = 79
2023/03/15 13:34:10 [INFO]: New exposure time set to 1.0 s.
2023/03/15 13:34:11 [INFO]: Trapping successful at iteration num: 1
2023/03/15 13:34:11 [INFO]: New exposure time set to 1.0 s.
2023/03/15 13:34:14 [INFO]: Adding spectrum...
2023/03/15 13:34:14 [INFO]: Editing data file C:\Users\sparta-alpha\SPARTA\Chris\2023-03-15\PLGA_DMSO_1SECEXP\measurement.csv.
2023/03/15 13:34:14 [INFO]: Appending data to file C:\Users\sparta-alpha\SPARTA\Chris\2023-03-15\PLGA_DMSO_1SECEXP\measurement.csv.
2023/03/15 13:34:14 [INFO]: Plots updated with new data.
2023/03/15 13:34:14 [INFO]: Spectrum saved!
2023/03/15 13:34:14 [INFO]: Data added!
2023/03/15 13:34:14 [INFO]: Total acquisitions = 81/100.0
2023/03/15 13:34:14 [INFO]: Successful acquisitions = 80
2023/03/15 13:34:14 [INFO]: New exposure time set to 1.0 s.
2023/03/15 13:34:16 [INFO]: Trapping successful at iteration num: 2
2023/03/15 13:34:16 [INFO]: New exposure time set to 1.0 s.
2023/03/15 13:34:19 [INFO]: Adding spectrum...
2023/03/15 13:34:19 [INFO]: Editing data file C:\Users\sparta-alpha\SPARTA\Chris\2023-03-15\PLGA_DMSO_1SECEXP\measurement.csv.
2023/03/15 13:34:19 [INFO]: Appending data to file C:\Users\sparta-alpha\SPARTA\Chris\2023-03-15\PLGA_DMSO_1SECEXP\measurement.csv.
2023/03/15 13:34:19 [INFO]: Plots updated with new data.
2023/03/15 13:34:19 [INFO]: Spectrum saved!
2023/03/15 13:34:19 [INFO]: Data added!
2023/03/15 13:34:19 [INFO]: Total acquisitions = 82/100.0
2023/03/15 13:34:19 [INFO]: Successful acquisitions = 81
2023/03/15 13:34:19 [INFO]: New exposure time set to 1.0 s.
2023/03/15 13:34:28 [INFO]: Trapping successful at iteration num: 7
2023/03/15 13:34:28 [INFO]: New exposure time set to 1.0 s.
2023/03/15 13:34:30 [INFO]: Adding spectrum...
2023/03/15 13:34:30 [INFO]: Editing data file C:\Users\sparta-alpha\SPARTA\Chris\2023-03-15\PLGA_DMSO_1SECEXP\measurement.csv.
2023/03/15 13:34:30 [INFO]: Appending data to file C:\Users\sparta-alpha\SPARTA\Chris\2023-03-15\PLGA_DMSO_1SECEXP\measurement.csv.
2023/03/15 13:34:30 [INFO]: Plots updated with new data.
2023/03/15 13:34:30 [INFO]: Spectrum saved!
2023/03/15 13:34:30 [INFO]: Data added!
2023/03/15 13:34:30 [INFO]: Total acquisitions = 83/100.0
2023/03/15 13:34:30 [INFO]: Successful acquisitions = 82
2023/03/15 13:34:30 [INFO]: New exposure time set to 1.0 s.
2023/03/15 13:34:35 [INFO]: Trapping successful at iteration num: 4
2023/03/15 13:34:35 [INFO]: New exposure time set to 1.0 s.
2023/03/15 13:34:38 [INFO]: Adding spectrum...
2023/03/15 13:34:38 [INFO]: Editing data file C:\Users\sparta-alpha\SPARTA\Chris\2023-03-15\PLGA_DMSO_1SECEXP\measurement.csv.
2023/03/15 13:34:38 [INFO]: Appending data to file C:\Users\sparta-alpha\SPARTA\Chris\2023-03-15\PLGA_DMSO_1SECEXP\measurement.csv.
2023/03/15 13:34:38 [INFO]: Plots updated with new data.
2023/03/15 13:34:38 [INFO]: Spectrum saved!
2023/03/15 13:34:38 [INFO]: Data added!
2023/03/15 13:34:38 [INFO]: Total acquisitions = 84/100.0
2023/03/15 13:34:38 [INFO]: Successful acquisitions = 83
2023/03/15 13:34:38 [INFO]: New exposure time set to 1.0 s.
2023/03/15 13:34:43 [INFO]: Trapping successful at iteration num: 4
2023/03/15 13:34:43 [INFO]: New exposure time set to 1.0 s.
2023/03/15 13:34:45 [INFO]: Adding spectrum...
2023/03/15 13:34:45 [INFO]: Editing data file C:\Users\sparta-alpha\SPARTA\Chris\2023-03-15\PLGA_DMSO_1SECEXP\measurement.csv.
2023/03/15 13:34:45 [INFO]: Appending data to file C:\Users\sparta-alpha\SPARTA\Chris\2023-03-15\PLGA_DMSO_1SECEXP\measurement.csv.
2023/03/15 13:34:45 [INFO]: Plots updated with new data.
2023/03/15 13:34:45 [INFO]: Spectrum saved!
2023/03/15 13:34:45 [INFO]: Data added!
2023/03/15 13:34:45 [INFO]: Total acquisitions = 85/100.0
2023/03/15 13:34:45 [INFO]: Successful acquisitions = 84
2023/03/15 13:34:45 [INFO]: New exposure time set to 1.0 s.
2023/03/15 13:34:49 [INFO]: Trapping successful at iteration num: 3
2023/03/15 13:34:49 [INFO]: New exposure time set to 1.0 s.
2023/03/15 13:34:52 [INFO]: Adding spectrum...
2023/03/15 13:34:52 [INFO]: Editing data file C:\Users\sparta-alpha\SPARTA\Chris\2023-03-15\PLGA_DMSO_1SECEXP\measurement.csv.
2023/03/15 13:34:52 [INFO]: Appending data to file C:\Users\sparta-alpha\SPARTA\Chris\2023-03-15\PLGA_DMSO_1SECEXP\measurement.csv.
2023/03/15 13:34:52 [INFO]: Plots updated with new data.
2023/03/15 13:34:52 [INFO]: Spectrum saved!
2023/03/15 13:34:52 [INFO]: Data added!
2023/03/15 13:34:52 [INFO]: Total acquisitions = 86/100.0
2023/03/15 13:34:52 [INFO]: Successful acquisitions = 85
2023/03/15 13:34:52 [INFO]: New exposure time set to 1.0 s.
2023/03/15 13:34:53 [INFO]: Trapping successful at iteration num: 1
2023/03/15 13:34:53 [INFO]: New exposure time set to 1.0 s.
2023/03/15 13:34:55 [INFO]: Adding spectrum...
2023/03/15 13:34:55 [INFO]: Editing data file C:\Users\sparta-alpha\SPARTA\Chris\2023-03-15\PLGA_DMSO_1SECEXP\measurement.csv.
2023/03/15 13:34:55 [INFO]: Appending data to file C:\Users\sparta-alpha\SPARTA\Chris\2023-03-15\PLGA_DMSO_1SECEXP\measurement.csv.
2023/03/15 13:34:55 [INFO]: Plots updated with new data.
2023/03/15 13:34:55 [INFO]: Spectrum saved!
2023/03/15 13:34:55 [INFO]: Data added!
2023/03/15 13:34:55 [INFO]: Total acquisitions = 87/100.0
2023/03/15 13:34:55 [INFO]: Successful acquisitions = 86
2023/03/15 13:34:55 [INFO]: New exposure time set to 1.0 s.
2023/03/15 13:34:58 [INFO]: Trapping successful at iteration num: 2
2023/03/15 13:34:58 [INFO]: New exposure time set to 1.0 s.
2023/03/15 13:35:00 [INFO]: Adding spectrum...
2023/03/15 13:35:00 [INFO]: Editing data file C:\Users\sparta-alpha\SPARTA\Chris\2023-03-15\PLGA_DMSO_1SECEXP\measurement.csv.
2023/03/15 13:35:00 [INFO]: Appending data to file C:\Users\sparta-alpha\SPARTA\Chris\2023-03-15\PLGA_DMSO_1SECEXP\measurement.csv.
2023/03/15 13:35:00 [INFO]: Plots updated with new data.
2023/03/15 13:35:00 [INFO]: Spectrum saved!
2023/03/15 13:35:00 [INFO]: Data added!
2023/03/15 13:35:00 [INFO]: Total acquisitions = 88/100.0
2023/03/15 13:35:00 [INFO]: Successful acquisitions = 87
2023/03/15 13:35:00 [INFO]: New exposure time set to 1.0 s.
2023/03/15 13:35:09 [INFO]: Trapping successful at iteration num: 7
2023/03/15 13:35:09 [INFO]: New exposure time set to 1.0 s.
2023/03/15 13:35:12 [INFO]: Adding spectrum...
2023/03/15 13:35:12 [INFO]: Editing data file C:\Users\sparta-alpha\SPARTA\Chris\2023-03-15\PLGA_DMSO_1SECEXP\measurement.csv.
2023/03/15 13:35:12 [INFO]: Appending data to file C:\Users\sparta-alpha\SPARTA\Chris\2023-03-15\PLGA_DMSO_1SECEXP\measurement.csv.
2023/03/15 13:35:12 [INFO]: Plots updated with new data.
2023/03/15 13:35:12 [INFO]: Spectrum saved!
2023/03/15 13:35:12 [INFO]: Data added!
2023/03/15 13:35:12 [INFO]: Total acquisitions = 89/100.0
2023/03/15 13:35:12 [INFO]: Successful acquisitions = 88
2023/03/15 13:35:12 [INFO]: New exposure time set to 1.0 s.
2023/03/15 13:35:14 [INFO]: Trapping successful at iteration num: 2
2023/03/15 13:35:14 [INFO]: New exposure time set to 1.0 s.
2023/03/15 13:35:17 [INFO]: Adding spectrum...
2023/03/15 13:35:17 [INFO]: Editing data file C:\Users\sparta-alpha\SPARTA\Chris\2023-03-15\PLGA_DMSO_1SECEXP\measurement.csv.
2023/03/15 13:35:17 [INFO]: Appending data to file C:\Users\sparta-alpha\SPARTA\Chris\2023-03-15\PLGA_DMSO_1SECEXP\measurement.csv.
2023/03/15 13:35:17 [INFO]: Plots updated with new data.
2023/03/15 13:35:17 [INFO]: Spectrum saved!
2023/03/15 13:35:17 [INFO]: Data added!
2023/03/15 13:35:17 [INFO]: Total acquisitions = 90/100.0
2023/03/15 13:35:17 [INFO]: Successful acquisitions = 89
2023/03/15 13:35:17 [INFO]: New exposure time set to 1.0 s.
2023/03/15 13:35:28 [INFO]: Trapping successful at iteration num: 9
2023/03/15 13:35:28 [INFO]: New exposure time set to 1.0 s.
2023/03/15 13:35:31 [INFO]: Adding spectrum...
2023/03/15 13:35:31 [INFO]: Editing data file C:\Users\sparta-alpha\SPARTA\Chris\2023-03-15\PLGA_DMSO_1SECEXP\measurement.csv.
2023/03/15 13:35:31 [INFO]: Appending data to file C:\Users\sparta-alpha\SPARTA\Chris\2023-03-15\PLGA_DMSO_1SECEXP\measurement.csv.
2023/03/15 13:35:31 [INFO]: Plots updated with new data.
2023/03/15 13:35:31 [INFO]: Spectrum saved!
2023/03/15 13:35:31 [INFO]: Data added!
2023/03/15 13:35:31 [INFO]: Total acquisitions = 91/100.0
2023/03/15 13:35:31 [INFO]: Successful acquisitions = 90
2023/03/15 13:35:31 [INFO]: New exposure time set to 1.0 s.
2023/03/15 13:35:37 [INFO]: Trapping successful at iteration num: 5
2023/03/15 13:35:37 [INFO]: New exposure time set to 1.0 s.
2023/03/15 13:35:40 [INFO]: Adding spectrum...
2023/03/15 13:35:40 [INFO]: Editing data file C:\Users\sparta-alpha\SPARTA\Chris\2023-03-15\PLGA_DMSO_1SECEXP\measurement.csv.
2023/03/15 13:35:40 [INFO]: Appending data to file C:\Users\sparta-alpha\SPARTA\Chris\2023-03-15\PLGA_DMSO_1SECEXP\measurement.csv.
2023/03/15 13:35:40 [INFO]: Plots updated with new data.
2023/03/15 13:35:40 [INFO]: Spectrum saved!
2023/03/15 13:35:40 [INFO]: Data added!
2023/03/15 13:35:40 [INFO]: Total acquisitions = 92/100.0
2023/03/15 13:35:40 [INFO]: Successful acquisitions = 91
2023/03/15 13:35:40 [INFO]: New exposure time set to 1.0 s.
2023/03/15 13:35:42 [INFO]: Trapping successful at iteration num: 2
2023/03/15 13:35:42 [INFO]: New exposure time set to 1.0 s.
2023/03/15 13:35:45 [INFO]: Adding spectrum...
2023/03/15 13:35:45 [INFO]: Editing data file C:\Users\sparta-alpha\SPARTA\Chris\2023-03-15\PLGA_DMSO_1SECEXP\measurement.csv.
2023/03/15 13:35:45 [INFO]: Appending data to file C:\Users\sparta-alpha\SPARTA\Chris\2023-03-15\PLGA_DMSO_1SECEXP\measurement.csv.
2023/03/15 13:35:45 [INFO]: Plots updated with new data.
2023/03/15 13:35:45 [INFO]: Spectrum saved!
2023/03/15 13:35:45 [INFO]: Data added!
2023/03/15 13:35:45 [INFO]: Total acquisitions = 93/100.0
2023/03/15 13:35:45 [INFO]: Successful acquisitions = 92
2023/03/15 13:35:45 [INFO]: New exposure time set to 1.0 s.
2023/03/15 13:35:54 [INFO]: Trapping successful at iteration num: 7
2023/03/15 13:35:54 [INFO]: New exposure time set to 1.0 s.
2023/03/15 13:35:56 [INFO]: Adding spectrum...
2023/03/15 13:35:56 [INFO]: Editing data file C:\Users\sparta-alpha\SPARTA\Chris\2023-03-15\PLGA_DMSO_1SECEXP\measurement.csv.
2023/03/15 13:35:56 [INFO]: Appending data to file C:\Users\sparta-alpha\SPARTA\Chris\2023-03-15\PLGA_DMSO_1SECEXP\measurement.csv.
2023/03/15 13:35:56 [INFO]: Plots updated with new data.
2023/03/15 13:35:56 [INFO]: Spectrum saved!
2023/03/15 13:35:56 [INFO]: Data added!
2023/03/15 13:35:56 [INFO]: Total acquisitions = 94/100.0
2023/03/15 13:35:56 [INFO]: Successful acquisitions = 93
2023/03/15 13:35:56 [INFO]: New exposure time set to 1.0 s.
2023/03/15 13:36:04 [INFO]: Trapping successful at iteration num: 6
2023/03/15 13:36:04 [INFO]: New exposure time set to 1.0 s.
2023/03/15 13:36:07 [INFO]: Adding spectrum...
2023/03/15 13:36:07 [INFO]: Editing data file C:\Users\sparta-alpha\SPARTA\Chris\2023-03-15\PLGA_DMSO_1SECEXP\measurement.csv.
2023/03/15 13:36:07 [INFO]: Appending data to file C:\Users\sparta-alpha\SPARTA\Chris\2023-03-15\PLGA_DMSO_1SECEXP\measurement.csv.
2023/03/15 13:36:07 [INFO]: Plots updated with new data.
2023/03/15 13:36:07 [INFO]: Spectrum saved!
2023/03/15 13:36:07 [INFO]: Data added!
2023/03/15 13:36:07 [INFO]: Total acquisitions = 95/100.0
2023/03/15 13:36:07 [INFO]: Successful acquisitions = 94
2023/03/15 13:36:07 [INFO]: New exposure time set to 1.0 s.
2023/03/15 13:36:08 [INFO]: Trapping successful at iteration num: 1
2023/03/15 13:36:08 [INFO]: New exposure time set to 1.0 s.
2023/03/15 13:36:11 [INFO]: Adding spectrum...
2023/03/15 13:36:11 [INFO]: Editing data file C:\Users\sparta-alpha\SPARTA\Chris\2023-03-15\PLGA_DMSO_1SECEXP\measurement.csv.
2023/03/15 13:36:11 [INFO]: Appending data to file C:\Users\sparta-alpha\SPARTA\Chris\2023-03-15\PLGA_DMSO_1SECEXP\measurement.csv.
2023/03/15 13:36:11 [INFO]: Plots updated with new data.
2023/03/15 13:36:11 [INFO]: Spectrum saved!
2023/03/15 13:36:11 [INFO]: Data added!
2023/03/15 13:36:11 [INFO]: Total acquisitions = 96/100.0
2023/03/15 13:36:11 [INFO]: Successful acquisitions = 95
2023/03/15 13:36:11 [INFO]: New exposure time set to 1.0 s.
2023/03/15 13:36:15 [INFO]: Trapping successful at iteration num: 3
2023/03/15 13:36:15 [INFO]: New exposure time set to 1.0 s.
2023/03/15 13:36:17 [INFO]: Adding spectrum...
2023/03/15 13:36:17 [INFO]: Editing data file C:\Users\sparta-alpha\SPARTA\Chris\2023-03-15\PLGA_DMSO_1SECEXP\measurement.csv.
2023/03/15 13:36:17 [INFO]: Appending data to file C:\Users\sparta-alpha\SPARTA\Chris\2023-03-15\PLGA_DMSO_1SECEXP\measurement.csv.
2023/03/15 13:36:18 [INFO]: Plots updated with new data.
2023/03/15 13:36:18 [INFO]: Spectrum saved!
2023/03/15 13:36:18 [INFO]: Data added!
2023/03/15 13:36:18 [INFO]: Total acquisitions = 97/100.0
2023/03/15 13:36:18 [INFO]: Successful acquisitions = 96
2023/03/15 13:36:18 [INFO]: New exposure time set to 1.0 s.
2023/03/15 13:36:23 [INFO]: Trapping successful at iteration num: 4
2023/03/15 13:36:23 [INFO]: New exposure time set to 1.0 s.
2023/03/15 13:36:25 [INFO]: Adding spectrum...
2023/03/15 13:36:25 [INFO]: Editing data file C:\Users\sparta-alpha\SPARTA\Chris\2023-03-15\PLGA_DMSO_1SECEXP\measurement.csv.
2023/03/15 13:36:25 [INFO]: Appending data to file C:\Users\sparta-alpha\SPARTA\Chris\2023-03-15\PLGA_DMSO_1SECEXP\measurement.csv.
2023/03/15 13:36:25 [INFO]: Plots updated with new data.
2023/03/15 13:36:25 [INFO]: Spectrum saved!
2023/03/15 13:36:25 [INFO]: Data added!
2023/03/15 13:36:25 [INFO]: Total acquisitions = 98/100.0
2023/03/15 13:36:25 [INFO]: Successful acquisitions = 97
2023/03/15 13:36:25 [INFO]: New exposure time set to 1.0 s.
2023/03/15 13:36:26 [INFO]: Trapping successful at iteration num: 1
2023/03/15 13:36:26 [INFO]: New exposure time set to 1.0 s.
2023/03/15 13:36:29 [INFO]: Adding spectrum...
2023/03/15 13:36:29 [INFO]: Editing data file C:\Users\sparta-alpha\SPARTA\Chris\2023-03-15\PLGA_DMSO_1SECEXP\measurement.csv.
2023/03/15 13:36:29 [INFO]: Appending data to file C:\Users\sparta-alpha\SPARTA\Chris\2023-03-15\PLGA_DMSO_1SECEXP\measurement.csv.
2023/03/15 13:36:29 [INFO]: Plots updated with new data.
2023/03/15 13:36:29 [INFO]: Spectrum saved!
2023/03/15 13:36:29 [INFO]: Data added!
2023/03/15 13:36:29 [INFO]: Total acquisitions = 99/100.0
2023/03/15 13:36:29 [INFO]: Successful acquisitions = 98
2023/03/15 13:36:29 [INFO]: New exposure time set to 1.0 s.
2023/03/15 13:36:31 [INFO]: Trapping successful at iteration num: 2
2023/03/15 13:36:31 [INFO]: New exposure time set to 1.0 s.
2023/03/15 13:36:34 [INFO]: Adding spectrum...
2023/03/15 13:36:34 [INFO]: Editing data file C:\Users\sparta-alpha\SPARTA\Chris\2023-03-15\PLGA_DMSO_1SECEXP\measurement.csv.
2023/03/15 13:36:34 [INFO]: Appending data to file C:\Users\sparta-alpha\SPARTA\Chris\2023-03-15\PLGA_DMSO_1SECEXP\measurement.csv.
2023/03/15 13:36:34 [INFO]: Plots updated with new data.
2023/03/15 13:36:34 [INFO]: Spectrum saved!
2023/03/15 13:36:34 [INFO]: Data added!
2023/03/15 13:36:34 [INFO]: Total acquisitions = 100/100.0
2023/03/15 13:36:34 [INFO]: Successful acquisitions = 99
2023/03/15 13:36:34 [INFO]: Saving SpartaData...
2023/03/15 13:36:34 [INFO]: Settings saved!
2023/03/15 13:36:34 [INFO]: Editing data file C:\Users\sparta-alpha\SPARTA\Chris\2023-03-15\PLGA_DMSO_1SECEXP\measurement.csv.
2023/03/15 13:36:34 [INFO]: Data saved to C:\Users\sparta-alpha\SPARTA\Chris\2023-03-15\PLGA_DMSO_1SECEXP\measurement.csv
2023/03/15 13:36:34 [INFO]: Settings saved!
2023/03/15 13:36:34 [INFO]: Trapping sequence completed with 99 successful acquisitions.
